ARM GAS  C:\Users\XieFang\AppData\Local\Temp\ccIWsVOb.s 			page 1


   1              		.cpu cortex-m3
   2              		.eabi_attribute 20, 1
   3              		.eabi_attribute 21, 1
   4              		.eabi_attribute 23, 3
   5              		.eabi_attribute 24, 1
   6              		.eabi_attribute 25, 1
   7              		.eabi_attribute 26, 1
   8              		.eabi_attribute 30, 1
   9              		.eabi_attribute 34, 1
  10              		.eabi_attribute 18, 4
  11              		.file	"main.c"
  12              		.text
  13              	.Ltext0:
  14              		.cfi_sections	.debug_frame
  15              		.section	.text.MX_GPIO_Init,"ax",%progbits
  16              		.align	1
  17              		.arch armv7-m
  18              		.syntax unified
  19              		.thumb
  20              		.thumb_func
  21              		.fpu softvfp
  23              	MX_GPIO_Init:
  24              	.LFB76:
  25              		.file 1 "Core/Src/main.c"
   1:Core/Src/main.c **** /* USER CODE BEGIN Header */
   2:Core/Src/main.c **** /**
   3:Core/Src/main.c ****   ******************************************************************************
   4:Core/Src/main.c ****   * @file           : main.c
   5:Core/Src/main.c ****   * @brief          : Main program body
   6:Core/Src/main.c ****   ******************************************************************************
   7:Core/Src/main.c ****   * @attention
   8:Core/Src/main.c ****   *
   9:Core/Src/main.c ****   * <h2><center>&copy; Copyright (c) 2020 STMicroelectronics.
  10:Core/Src/main.c ****   * All rights reserved.</center></h2>
  11:Core/Src/main.c ****   *
  12:Core/Src/main.c ****   * This software component is licensed by ST under Ultimate Liberty license
  13:Core/Src/main.c ****   * SLA0044, the "License"; You may not use this file except in compliance with
  14:Core/Src/main.c ****   * the License. You may obtain a copy of the License at:
  15:Core/Src/main.c ****   *                             www.st.com/SLA0044
  16:Core/Src/main.c ****   *
  17:Core/Src/main.c ****   ******************************************************************************
  18:Core/Src/main.c ****   */
  19:Core/Src/main.c **** /* USER CODE END Header */
  20:Core/Src/main.c **** /* Includes ------------------------------------------------------------------*/
  21:Core/Src/main.c **** #include "main.h"
  22:Core/Src/main.c **** #include "cmsis_os.h"
  23:Core/Src/main.c **** 
  24:Core/Src/main.c **** /* Private includes ----------------------------------------------------------*/
  25:Core/Src/main.c **** /* USER CODE BEGIN Includes */
  26:Core/Src/main.c **** int abc=0;
  27:Core/Src/main.c **** /* USER CODE END Includes */
  28:Core/Src/main.c **** 
  29:Core/Src/main.c **** /* Private typedef -----------------------------------------------------------*/
  30:Core/Src/main.c **** /* USER CODE BEGIN PTD */
  31:Core/Src/main.c **** 
  32:Core/Src/main.c **** /* USER CODE END PTD */
  33:Core/Src/main.c **** 
ARM GAS  C:\Users\XieFang\AppData\Local\Temp\ccIWsVOb.s 			page 2


  34:Core/Src/main.c **** /* Private define ------------------------------------------------------------*/
  35:Core/Src/main.c **** /* USER CODE BEGIN PD */
  36:Core/Src/main.c **** /* USER CODE END PD */
  37:Core/Src/main.c **** 
  38:Core/Src/main.c **** /* Private macro -------------------------------------------------------------*/
  39:Core/Src/main.c **** /* USER CODE BEGIN PM */
  40:Core/Src/main.c **** 
  41:Core/Src/main.c **** /* USER CODE END PM */
  42:Core/Src/main.c **** 
  43:Core/Src/main.c **** /* Private variables ---------------------------------------------------------*/
  44:Core/Src/main.c **** CAN_HandleTypeDef hcan;
  45:Core/Src/main.c **** 
  46:Core/Src/main.c **** UART_HandleTypeDef huart1;
  47:Core/Src/main.c **** UART_HandleTypeDef huart2;
  48:Core/Src/main.c **** UART_HandleTypeDef huart3;
  49:Core/Src/main.c **** DMA_HandleTypeDef hdma_usart1_rx;
  50:Core/Src/main.c **** DMA_HandleTypeDef hdma_usart1_tx;
  51:Core/Src/main.c **** DMA_HandleTypeDef hdma_usart2_rx;
  52:Core/Src/main.c **** DMA_HandleTypeDef hdma_usart2_tx;
  53:Core/Src/main.c **** DMA_HandleTypeDef hdma_usart3_rx;
  54:Core/Src/main.c **** DMA_HandleTypeDef hdma_usart3_tx;
  55:Core/Src/main.c **** 
  56:Core/Src/main.c **** /* Definitions for defaultTask */
  57:Core/Src/main.c **** osThreadId_t defaultTaskHandle;
  58:Core/Src/main.c **** const osThreadAttr_t defaultTask_attributes = {
  59:Core/Src/main.c ****   .name = "defaultTask",
  60:Core/Src/main.c ****   .priority = (osPriority_t) osPriorityNormal,
  61:Core/Src/main.c ****   .stack_size = 128 * 4
  62:Core/Src/main.c **** };
  63:Core/Src/main.c **** /* USER CODE BEGIN PV */
  64:Core/Src/main.c **** 
  65:Core/Src/main.c **** /* USER CODE END PV */
  66:Core/Src/main.c **** 
  67:Core/Src/main.c **** /* Private function prototypes -----------------------------------------------*/
  68:Core/Src/main.c **** void SystemClock_Config(void);
  69:Core/Src/main.c **** static void MX_GPIO_Init(void);
  70:Core/Src/main.c **** static void MX_DMA_Init(void);
  71:Core/Src/main.c **** static void MX_USART1_UART_Init(void);
  72:Core/Src/main.c **** static void MX_USART2_UART_Init(void);
  73:Core/Src/main.c **** static void MX_USART3_UART_Init(void);
  74:Core/Src/main.c **** static void MX_CAN_Init(void);
  75:Core/Src/main.c **** void StartDefaultTask(void *argument);
  76:Core/Src/main.c **** 
  77:Core/Src/main.c **** /* USER CODE BEGIN PFP */
  78:Core/Src/main.c **** 
  79:Core/Src/main.c **** /* USER CODE END PFP */
  80:Core/Src/main.c **** 
  81:Core/Src/main.c **** /* Private user code ---------------------------------------------------------*/
  82:Core/Src/main.c **** /* USER CODE BEGIN 0 */
  83:Core/Src/main.c **** 
  84:Core/Src/main.c **** /* USER CODE END 0 */
  85:Core/Src/main.c **** 
  86:Core/Src/main.c **** /**
  87:Core/Src/main.c ****   * @brief  The application entry point.
  88:Core/Src/main.c ****   * @retval int
  89:Core/Src/main.c ****   */
  90:Core/Src/main.c **** int main(void)
ARM GAS  C:\Users\XieFang\AppData\Local\Temp\ccIWsVOb.s 			page 3


  91:Core/Src/main.c **** {
  92:Core/Src/main.c ****   /* USER CODE BEGIN 1 */
  93:Core/Src/main.c **** 
  94:Core/Src/main.c ****   /* USER CODE END 1 */
  95:Core/Src/main.c **** 
  96:Core/Src/main.c ****   /* MCU Configuration--------------------------------------------------------*/
  97:Core/Src/main.c **** 
  98:Core/Src/main.c ****   /* Reset of all peripherals, Initializes the Flash interface and the Systick. */
  99:Core/Src/main.c ****   HAL_Init();
 100:Core/Src/main.c **** 
 101:Core/Src/main.c ****   /* USER CODE BEGIN Init */
 102:Core/Src/main.c **** 
 103:Core/Src/main.c ****   /* USER CODE END Init */
 104:Core/Src/main.c **** 
 105:Core/Src/main.c ****   /* Configure the system clock */
 106:Core/Src/main.c ****   SystemClock_Config();
 107:Core/Src/main.c **** 
 108:Core/Src/main.c ****   /* USER CODE BEGIN SysInit */
 109:Core/Src/main.c **** 
 110:Core/Src/main.c ****   /* USER CODE END SysInit */
 111:Core/Src/main.c **** 
 112:Core/Src/main.c ****   /* Initialize all configured peripherals */
 113:Core/Src/main.c ****   MX_GPIO_Init();
 114:Core/Src/main.c ****   MX_DMA_Init();
 115:Core/Src/main.c ****   MX_USART1_UART_Init();
 116:Core/Src/main.c ****   MX_USART2_UART_Init();
 117:Core/Src/main.c ****   MX_USART3_UART_Init();
 118:Core/Src/main.c ****   MX_CAN_Init();
 119:Core/Src/main.c ****   /* USER CODE BEGIN 2 */
 120:Core/Src/main.c **** 
 121:Core/Src/main.c ****   /* USER CODE END 2 */
 122:Core/Src/main.c **** 
 123:Core/Src/main.c ****   /* Init scheduler */
 124:Core/Src/main.c ****   osKernelInitialize();
 125:Core/Src/main.c **** 
 126:Core/Src/main.c ****   /* USER CODE BEGIN RTOS_MUTEX */
 127:Core/Src/main.c ****   /* add mutexes, ... */
 128:Core/Src/main.c ****   /* USER CODE END RTOS_MUTEX */
 129:Core/Src/main.c **** 
 130:Core/Src/main.c ****   /* USER CODE BEGIN RTOS_SEMAPHORES */
 131:Core/Src/main.c ****   /* add semaphores, ... */
 132:Core/Src/main.c ****   /* USER CODE END RTOS_SEMAPHORES */
 133:Core/Src/main.c **** 
 134:Core/Src/main.c ****   /* USER CODE BEGIN RTOS_TIMERS */
 135:Core/Src/main.c ****   /* start timers, add new ones, ... */
 136:Core/Src/main.c ****   /* USER CODE END RTOS_TIMERS */
 137:Core/Src/main.c **** 
 138:Core/Src/main.c ****   /* USER CODE BEGIN RTOS_QUEUES */
 139:Core/Src/main.c ****   /* add queues, ... */
 140:Core/Src/main.c ****   /* USER CODE END RTOS_QUEUES */
 141:Core/Src/main.c **** 
 142:Core/Src/main.c ****   /* Create the thread(s) */
 143:Core/Src/main.c ****   /* creation of defaultTask */
 144:Core/Src/main.c ****   defaultTaskHandle = osThreadNew(StartDefaultTask, NULL, &defaultTask_attributes);
 145:Core/Src/main.c **** 
 146:Core/Src/main.c ****   /* USER CODE BEGIN RTOS_THREADS */
 147:Core/Src/main.c ****   /* add threads, ... */
ARM GAS  C:\Users\XieFang\AppData\Local\Temp\ccIWsVOb.s 			page 4


 148:Core/Src/main.c ****   extern void defaultTaskStart();
 149:Core/Src/main.c ****   defaultTaskStart();
 150:Core/Src/main.c ****   /* USER CODE END RTOS_THREADS */
 151:Core/Src/main.c **** 
 152:Core/Src/main.c ****   /* Start scheduler */
 153:Core/Src/main.c ****   osKernelStart();
 154:Core/Src/main.c **** 
 155:Core/Src/main.c ****   /* We should never get here as control is now taken by the scheduler */
 156:Core/Src/main.c ****   /* Infinite loop */
 157:Core/Src/main.c ****   /* USER CODE BEGIN WHILE */
 158:Core/Src/main.c ****   while (1)
 159:Core/Src/main.c ****   {
 160:Core/Src/main.c ****     /* USER CODE END WHILE */
 161:Core/Src/main.c **** 
 162:Core/Src/main.c ****     /* USER CODE BEGIN 3 */
 163:Core/Src/main.c ****   }
 164:Core/Src/main.c ****   /* USER CODE END 3 */
 165:Core/Src/main.c **** }
 166:Core/Src/main.c **** 
 167:Core/Src/main.c **** /**
 168:Core/Src/main.c ****   * @brief System Clock Configuration
 169:Core/Src/main.c ****   * @retval None
 170:Core/Src/main.c ****   */
 171:Core/Src/main.c **** void SystemClock_Config(void)
 172:Core/Src/main.c **** {
 173:Core/Src/main.c ****   RCC_OscInitTypeDef RCC_OscInitStruct = {0};
 174:Core/Src/main.c ****   RCC_ClkInitTypeDef RCC_ClkInitStruct = {0};
 175:Core/Src/main.c **** 
 176:Core/Src/main.c ****   /** Initializes the RCC Oscillators according to the specified parameters
 177:Core/Src/main.c ****   * in the RCC_OscInitTypeDef structure.
 178:Core/Src/main.c ****   */
 179:Core/Src/main.c ****   RCC_OscInitStruct.OscillatorType = RCC_OSCILLATORTYPE_HSE;
 180:Core/Src/main.c ****   RCC_OscInitStruct.HSEState = RCC_HSE_ON;
 181:Core/Src/main.c ****   RCC_OscInitStruct.HSEPredivValue = RCC_HSE_PREDIV_DIV1;
 182:Core/Src/main.c ****   RCC_OscInitStruct.HSIState = RCC_HSI_ON;
 183:Core/Src/main.c ****   RCC_OscInitStruct.PLL.PLLState = RCC_PLL_ON;
 184:Core/Src/main.c ****   RCC_OscInitStruct.PLL.PLLSource = RCC_PLLSOURCE_HSE;
 185:Core/Src/main.c ****   RCC_OscInitStruct.PLL.PLLMUL = RCC_PLL_MUL9;
 186:Core/Src/main.c ****   if (HAL_RCC_OscConfig(&RCC_OscInitStruct) != HAL_OK)
 187:Core/Src/main.c ****   {
 188:Core/Src/main.c ****     Error_Handler();
 189:Core/Src/main.c ****   }
 190:Core/Src/main.c ****   /** Initializes the CPU, AHB and APB buses clocks
 191:Core/Src/main.c ****   */
 192:Core/Src/main.c ****   RCC_ClkInitStruct.ClockType = RCC_CLOCKTYPE_HCLK|RCC_CLOCKTYPE_SYSCLK
 193:Core/Src/main.c ****                               |RCC_CLOCKTYPE_PCLK1|RCC_CLOCKTYPE_PCLK2;
 194:Core/Src/main.c ****   RCC_ClkInitStruct.SYSCLKSource = RCC_SYSCLKSOURCE_PLLCLK;
 195:Core/Src/main.c ****   RCC_ClkInitStruct.AHBCLKDivider = RCC_SYSCLK_DIV1;
 196:Core/Src/main.c ****   RCC_ClkInitStruct.APB1CLKDivider = RCC_HCLK_DIV2;
 197:Core/Src/main.c ****   RCC_ClkInitStruct.APB2CLKDivider = RCC_HCLK_DIV1;
 198:Core/Src/main.c **** 
 199:Core/Src/main.c ****   if (HAL_RCC_ClockConfig(&RCC_ClkInitStruct, FLASH_LATENCY_2) != HAL_OK)
 200:Core/Src/main.c ****   {
 201:Core/Src/main.c ****     Error_Handler();
 202:Core/Src/main.c ****   }
 203:Core/Src/main.c **** }
 204:Core/Src/main.c **** 
ARM GAS  C:\Users\XieFang\AppData\Local\Temp\ccIWsVOb.s 			page 5


 205:Core/Src/main.c **** /**
 206:Core/Src/main.c ****   * @brief CAN Initialization Function
 207:Core/Src/main.c ****   * @param None
 208:Core/Src/main.c ****   * @retval None
 209:Core/Src/main.c ****   */
 210:Core/Src/main.c **** static void MX_CAN_Init(void)
 211:Core/Src/main.c **** {
 212:Core/Src/main.c **** 
 213:Core/Src/main.c ****   /* USER CODE BEGIN CAN_Init 0 */
 214:Core/Src/main.c **** 
 215:Core/Src/main.c ****   /* USER CODE END CAN_Init 0 */
 216:Core/Src/main.c **** 
 217:Core/Src/main.c ****   /* USER CODE BEGIN CAN_Init 1 */
 218:Core/Src/main.c **** 
 219:Core/Src/main.c ****   /* USER CODE END CAN_Init 1 */
 220:Core/Src/main.c ****   hcan.Instance = CAN1;
 221:Core/Src/main.c ****   hcan.Init.Prescaler = 16;
 222:Core/Src/main.c ****   hcan.Init.Mode = CAN_MODE_NORMAL;
 223:Core/Src/main.c ****   hcan.Init.SyncJumpWidth = CAN_SJW_1TQ;
 224:Core/Src/main.c ****   hcan.Init.TimeSeg1 = CAN_BS1_1TQ;
 225:Core/Src/main.c ****   hcan.Init.TimeSeg2 = CAN_BS2_1TQ;
 226:Core/Src/main.c ****   hcan.Init.TimeTriggeredMode = DISABLE;
 227:Core/Src/main.c ****   hcan.Init.AutoBusOff = DISABLE;
 228:Core/Src/main.c ****   hcan.Init.AutoWakeUp = DISABLE;
 229:Core/Src/main.c ****   hcan.Init.AutoRetransmission = DISABLE;
 230:Core/Src/main.c ****   hcan.Init.ReceiveFifoLocked = DISABLE;
 231:Core/Src/main.c ****   hcan.Init.TransmitFifoPriority = DISABLE;
 232:Core/Src/main.c ****   if (HAL_CAN_Init(&hcan) != HAL_OK)
 233:Core/Src/main.c ****   {
 234:Core/Src/main.c ****     Error_Handler();
 235:Core/Src/main.c ****   }
 236:Core/Src/main.c ****   /* USER CODE BEGIN CAN_Init 2 */
 237:Core/Src/main.c **** 
 238:Core/Src/main.c ****   /* USER CODE END CAN_Init 2 */
 239:Core/Src/main.c **** 
 240:Core/Src/main.c **** }
 241:Core/Src/main.c **** 
 242:Core/Src/main.c **** /**
 243:Core/Src/main.c ****   * @brief USART1 Initialization Function
 244:Core/Src/main.c ****   * @param None
 245:Core/Src/main.c ****   * @retval None
 246:Core/Src/main.c ****   */
 247:Core/Src/main.c **** static void MX_USART1_UART_Init(void)
 248:Core/Src/main.c **** {
 249:Core/Src/main.c **** 
 250:Core/Src/main.c ****   /* USER CODE BEGIN USART1_Init 0 */
 251:Core/Src/main.c **** 
 252:Core/Src/main.c ****   /* USER CODE END USART1_Init 0 */
 253:Core/Src/main.c **** 
 254:Core/Src/main.c ****   /* USER CODE BEGIN USART1_Init 1 */
 255:Core/Src/main.c **** 
 256:Core/Src/main.c ****   /* USER CODE END USART1_Init 1 */
 257:Core/Src/main.c ****   huart1.Instance = USART1;
 258:Core/Src/main.c ****   huart1.Init.BaudRate = 115200;
 259:Core/Src/main.c ****   huart1.Init.WordLength = UART_WORDLENGTH_8B;
 260:Core/Src/main.c ****   huart1.Init.StopBits = UART_STOPBITS_1;
 261:Core/Src/main.c ****   huart1.Init.Parity = UART_PARITY_NONE;
ARM GAS  C:\Users\XieFang\AppData\Local\Temp\ccIWsVOb.s 			page 6


 262:Core/Src/main.c ****   huart1.Init.Mode = UART_MODE_TX_RX;
 263:Core/Src/main.c ****   huart1.Init.HwFlowCtl = UART_HWCONTROL_NONE;
 264:Core/Src/main.c ****   huart1.Init.OverSampling = UART_OVERSAMPLING_16;
 265:Core/Src/main.c ****   if (HAL_UART_Init(&huart1) != HAL_OK)
 266:Core/Src/main.c ****   {
 267:Core/Src/main.c ****     Error_Handler();
 268:Core/Src/main.c ****   }
 269:Core/Src/main.c ****   /* USER CODE BEGIN USART1_Init 2 */
 270:Core/Src/main.c **** 
 271:Core/Src/main.c ****   /* USER CODE END USART1_Init 2 */
 272:Core/Src/main.c **** 
 273:Core/Src/main.c **** }
 274:Core/Src/main.c **** 
 275:Core/Src/main.c **** /**
 276:Core/Src/main.c ****   * @brief USART2 Initialization Function
 277:Core/Src/main.c ****   * @param None
 278:Core/Src/main.c ****   * @retval None
 279:Core/Src/main.c ****   */
 280:Core/Src/main.c **** static void MX_USART2_UART_Init(void)
 281:Core/Src/main.c **** {
 282:Core/Src/main.c **** 
 283:Core/Src/main.c ****   /* USER CODE BEGIN USART2_Init 0 */
 284:Core/Src/main.c **** 
 285:Core/Src/main.c ****   /* USER CODE END USART2_Init 0 */
 286:Core/Src/main.c **** 
 287:Core/Src/main.c ****   /* USER CODE BEGIN USART2_Init 1 */
 288:Core/Src/main.c **** 
 289:Core/Src/main.c ****   /* USER CODE END USART2_Init 1 */
 290:Core/Src/main.c ****   huart2.Instance = USART2;
 291:Core/Src/main.c ****   huart2.Init.BaudRate = 115200;
 292:Core/Src/main.c ****   huart2.Init.WordLength = UART_WORDLENGTH_8B;
 293:Core/Src/main.c ****   huart2.Init.StopBits = UART_STOPBITS_1;
 294:Core/Src/main.c ****   huart2.Init.Parity = UART_PARITY_NONE;
 295:Core/Src/main.c ****   huart2.Init.Mode = UART_MODE_TX_RX;
 296:Core/Src/main.c ****   huart2.Init.HwFlowCtl = UART_HWCONTROL_NONE;
 297:Core/Src/main.c ****   huart2.Init.OverSampling = UART_OVERSAMPLING_16;
 298:Core/Src/main.c ****   if (HAL_UART_Init(&huart2) != HAL_OK)
 299:Core/Src/main.c ****   {
 300:Core/Src/main.c ****     Error_Handler();
 301:Core/Src/main.c ****   }
 302:Core/Src/main.c ****   /* USER CODE BEGIN USART2_Init 2 */
 303:Core/Src/main.c **** 
 304:Core/Src/main.c ****   /* USER CODE END USART2_Init 2 */
 305:Core/Src/main.c **** 
 306:Core/Src/main.c **** }
 307:Core/Src/main.c **** 
 308:Core/Src/main.c **** /**
 309:Core/Src/main.c ****   * @brief USART3 Initialization Function
 310:Core/Src/main.c ****   * @param None
 311:Core/Src/main.c ****   * @retval None
 312:Core/Src/main.c ****   */
 313:Core/Src/main.c **** static void MX_USART3_UART_Init(void)
 314:Core/Src/main.c **** {
 315:Core/Src/main.c **** 
 316:Core/Src/main.c ****   /* USER CODE BEGIN USART3_Init 0 */
 317:Core/Src/main.c **** 
 318:Core/Src/main.c ****   /* USER CODE END USART3_Init 0 */
ARM GAS  C:\Users\XieFang\AppData\Local\Temp\ccIWsVOb.s 			page 7


 319:Core/Src/main.c **** 
 320:Core/Src/main.c ****   /* USER CODE BEGIN USART3_Init 1 */
 321:Core/Src/main.c **** 
 322:Core/Src/main.c ****   /* USER CODE END USART3_Init 1 */
 323:Core/Src/main.c ****   huart3.Instance = USART3;
 324:Core/Src/main.c ****   huart3.Init.BaudRate = 115200;
 325:Core/Src/main.c ****   huart3.Init.WordLength = UART_WORDLENGTH_8B;
 326:Core/Src/main.c ****   huart3.Init.StopBits = UART_STOPBITS_1;
 327:Core/Src/main.c ****   huart3.Init.Parity = UART_PARITY_NONE;
 328:Core/Src/main.c ****   huart3.Init.Mode = UART_MODE_TX_RX;
 329:Core/Src/main.c ****   huart3.Init.HwFlowCtl = UART_HWCONTROL_NONE;
 330:Core/Src/main.c ****   huart3.Init.OverSampling = UART_OVERSAMPLING_16;
 331:Core/Src/main.c ****   if (HAL_UART_Init(&huart3) != HAL_OK)
 332:Core/Src/main.c ****   {
 333:Core/Src/main.c ****     Error_Handler();
 334:Core/Src/main.c ****   }
 335:Core/Src/main.c ****   /* USER CODE BEGIN USART3_Init 2 */
 336:Core/Src/main.c **** 
 337:Core/Src/main.c ****   /* USER CODE END USART3_Init 2 */
 338:Core/Src/main.c **** 
 339:Core/Src/main.c **** }
 340:Core/Src/main.c **** 
 341:Core/Src/main.c **** /**
 342:Core/Src/main.c ****   * Enable DMA controller clock
 343:Core/Src/main.c ****   */
 344:Core/Src/main.c **** static void MX_DMA_Init(void)
 345:Core/Src/main.c **** {
 346:Core/Src/main.c **** 
 347:Core/Src/main.c ****   /* DMA controller clock enable */
 348:Core/Src/main.c ****   __HAL_RCC_DMA1_CLK_ENABLE();
 349:Core/Src/main.c **** 
 350:Core/Src/main.c ****   /* DMA interrupt init */
 351:Core/Src/main.c ****   /* DMA1_Channel2_IRQn interrupt configuration */
 352:Core/Src/main.c ****   HAL_NVIC_SetPriority(DMA1_Channel2_IRQn, 5, 0);
 353:Core/Src/main.c ****   HAL_NVIC_EnableIRQ(DMA1_Channel2_IRQn);
 354:Core/Src/main.c ****   /* DMA1_Channel3_IRQn interrupt configuration */
 355:Core/Src/main.c ****   HAL_NVIC_SetPriority(DMA1_Channel3_IRQn, 5, 0);
 356:Core/Src/main.c ****   HAL_NVIC_EnableIRQ(DMA1_Channel3_IRQn);
 357:Core/Src/main.c ****   /* DMA1_Channel4_IRQn interrupt configuration */
 358:Core/Src/main.c ****   HAL_NVIC_SetPriority(DMA1_Channel4_IRQn, 5, 0);
 359:Core/Src/main.c ****   HAL_NVIC_EnableIRQ(DMA1_Channel4_IRQn);
 360:Core/Src/main.c ****   /* DMA1_Channel5_IRQn interrupt configuration */
 361:Core/Src/main.c ****   HAL_NVIC_SetPriority(DMA1_Channel5_IRQn, 5, 0);
 362:Core/Src/main.c ****   HAL_NVIC_EnableIRQ(DMA1_Channel5_IRQn);
 363:Core/Src/main.c ****   /* DMA1_Channel6_IRQn interrupt configuration */
 364:Core/Src/main.c ****   HAL_NVIC_SetPriority(DMA1_Channel6_IRQn, 5, 0);
 365:Core/Src/main.c ****   HAL_NVIC_EnableIRQ(DMA1_Channel6_IRQn);
 366:Core/Src/main.c ****   /* DMA1_Channel7_IRQn interrupt configuration */
 367:Core/Src/main.c ****   HAL_NVIC_SetPriority(DMA1_Channel7_IRQn, 5, 0);
 368:Core/Src/main.c ****   HAL_NVIC_EnableIRQ(DMA1_Channel7_IRQn);
 369:Core/Src/main.c **** 
 370:Core/Src/main.c **** }
 371:Core/Src/main.c **** 
 372:Core/Src/main.c **** /**
 373:Core/Src/main.c ****   * @brief GPIO Initialization Function
 374:Core/Src/main.c ****   * @param None
 375:Core/Src/main.c ****   * @retval None
ARM GAS  C:\Users\XieFang\AppData\Local\Temp\ccIWsVOb.s 			page 8


 376:Core/Src/main.c ****   */
 377:Core/Src/main.c **** static void MX_GPIO_Init(void)
 378:Core/Src/main.c **** {
  26              		.loc 1 378 1 view -0
  27              		.cfi_startproc
  28              		@ args = 0, pretend = 0, frame = 32
  29              		@ frame_needed = 0, uses_anonymous_args = 0
  30 0000 30B5     		push	{r4, r5, lr}
  31              	.LCFI0:
  32              		.cfi_def_cfa_offset 12
  33              		.cfi_offset 4, -12
  34              		.cfi_offset 5, -8
  35              		.cfi_offset 14, -4
  36 0002 89B0     		sub	sp, sp, #36
  37              	.LCFI1:
  38              		.cfi_def_cfa_offset 48
 379:Core/Src/main.c ****   GPIO_InitTypeDef GPIO_InitStruct = {0};
  39              		.loc 1 379 3 view .LVU1
  40              		.loc 1 379 20 is_stmt 0 view .LVU2
  41 0004 0024     		movs	r4, #0
  42 0006 0494     		str	r4, [sp, #16]
  43 0008 0594     		str	r4, [sp, #20]
  44 000a 0694     		str	r4, [sp, #24]
  45 000c 0794     		str	r4, [sp, #28]
 380:Core/Src/main.c **** 
 381:Core/Src/main.c ****   /* GPIO Ports Clock Enable */
 382:Core/Src/main.c ****   __HAL_RCC_GPIOC_CLK_ENABLE();
  46              		.loc 1 382 3 is_stmt 1 view .LVU3
  47              	.LBB2:
  48              		.loc 1 382 3 view .LVU4
  49              		.loc 1 382 3 view .LVU5
  50 000e 294B     		ldr	r3, .L3
  51 0010 9A69     		ldr	r2, [r3, #24]
  52 0012 42F01002 		orr	r2, r2, #16
  53 0016 9A61     		str	r2, [r3, #24]
  54              		.loc 1 382 3 view .LVU6
  55 0018 9A69     		ldr	r2, [r3, #24]
  56 001a 02F01002 		and	r2, r2, #16
  57 001e 0092     		str	r2, [sp]
  58              		.loc 1 382 3 view .LVU7
  59 0020 009A     		ldr	r2, [sp]
  60              	.LBE2:
  61              		.loc 1 382 3 view .LVU8
 383:Core/Src/main.c ****   __HAL_RCC_GPIOD_CLK_ENABLE();
  62              		.loc 1 383 3 view .LVU9
  63              	.LBB3:
  64              		.loc 1 383 3 view .LVU10
  65              		.loc 1 383 3 view .LVU11
  66 0022 9A69     		ldr	r2, [r3, #24]
  67 0024 42F02002 		orr	r2, r2, #32
  68 0028 9A61     		str	r2, [r3, #24]
  69              		.loc 1 383 3 view .LVU12
  70 002a 9A69     		ldr	r2, [r3, #24]
  71 002c 02F02002 		and	r2, r2, #32
  72 0030 0192     		str	r2, [sp, #4]
  73              		.loc 1 383 3 view .LVU13
  74 0032 019A     		ldr	r2, [sp, #4]
ARM GAS  C:\Users\XieFang\AppData\Local\Temp\ccIWsVOb.s 			page 9


  75              	.LBE3:
  76              		.loc 1 383 3 view .LVU14
 384:Core/Src/main.c ****   __HAL_RCC_GPIOA_CLK_ENABLE();
  77              		.loc 1 384 3 view .LVU15
  78              	.LBB4:
  79              		.loc 1 384 3 view .LVU16
  80              		.loc 1 384 3 view .LVU17
  81 0034 9A69     		ldr	r2, [r3, #24]
  82 0036 42F00402 		orr	r2, r2, #4
  83 003a 9A61     		str	r2, [r3, #24]
  84              		.loc 1 384 3 view .LVU18
  85 003c 9A69     		ldr	r2, [r3, #24]
  86 003e 02F00402 		and	r2, r2, #4
  87 0042 0292     		str	r2, [sp, #8]
  88              		.loc 1 384 3 view .LVU19
  89 0044 029A     		ldr	r2, [sp, #8]
  90              	.LBE4:
  91              		.loc 1 384 3 view .LVU20
 385:Core/Src/main.c ****   __HAL_RCC_GPIOB_CLK_ENABLE();
  92              		.loc 1 385 3 view .LVU21
  93              	.LBB5:
  94              		.loc 1 385 3 view .LVU22
  95              		.loc 1 385 3 view .LVU23
  96 0046 9A69     		ldr	r2, [r3, #24]
  97 0048 42F00802 		orr	r2, r2, #8
  98 004c 9A61     		str	r2, [r3, #24]
  99              		.loc 1 385 3 view .LVU24
 100 004e 9B69     		ldr	r3, [r3, #24]
 101 0050 03F00803 		and	r3, r3, #8
 102 0054 0393     		str	r3, [sp, #12]
 103              		.loc 1 385 3 view .LVU25
 104 0056 039B     		ldr	r3, [sp, #12]
 105              	.LBE5:
 106              		.loc 1 385 3 view .LVU26
 386:Core/Src/main.c **** 
 387:Core/Src/main.c ****   /*Configure GPIO pin Output Level */
 388:Core/Src/main.c ****   HAL_GPIO_WritePin(GPIOC, GPIO_PIN_13, GPIO_PIN_RESET);
 107              		.loc 1 388 3 view .LVU27
 108 0058 174D     		ldr	r5, .L3+4
 109 005a 2246     		mov	r2, r4
 110 005c 4FF40051 		mov	r1, #8192
 111 0060 2846     		mov	r0, r5
 112 0062 FFF7FEFF 		bl	HAL_GPIO_WritePin
 113              	.LVL0:
 389:Core/Src/main.c **** 
 390:Core/Src/main.c ****   /*Configure GPIO pin : PC13 */
 391:Core/Src/main.c ****   GPIO_InitStruct.Pin = GPIO_PIN_13;
 114              		.loc 1 391 3 view .LVU28
 115              		.loc 1 391 23 is_stmt 0 view .LVU29
 116 0066 4FF40053 		mov	r3, #8192
 117 006a 0493     		str	r3, [sp, #16]
 392:Core/Src/main.c ****   GPIO_InitStruct.Mode = GPIO_MODE_OUTPUT_PP;
 118              		.loc 1 392 3 is_stmt 1 view .LVU30
 119              		.loc 1 392 24 is_stmt 0 view .LVU31
 120 006c 0123     		movs	r3, #1
 121 006e 0593     		str	r3, [sp, #20]
 393:Core/Src/main.c ****   GPIO_InitStruct.Pull = GPIO_NOPULL;
ARM GAS  C:\Users\XieFang\AppData\Local\Temp\ccIWsVOb.s 			page 10


 122              		.loc 1 393 3 is_stmt 1 view .LVU32
 123              		.loc 1 393 24 is_stmt 0 view .LVU33
 124 0070 0694     		str	r4, [sp, #24]
 394:Core/Src/main.c ****   GPIO_InitStruct.Speed = GPIO_SPEED_FREQ_LOW;
 125              		.loc 1 394 3 is_stmt 1 view .LVU34
 126              		.loc 1 394 25 is_stmt 0 view .LVU35
 127 0072 0223     		movs	r3, #2
 128 0074 0793     		str	r3, [sp, #28]
 395:Core/Src/main.c ****   HAL_GPIO_Init(GPIOC, &GPIO_InitStruct);
 129              		.loc 1 395 3 is_stmt 1 view .LVU36
 130 0076 04A9     		add	r1, sp, #16
 131 0078 2846     		mov	r0, r5
 132 007a FFF7FEFF 		bl	HAL_GPIO_Init
 133              	.LVL1:
 396:Core/Src/main.c **** 
 397:Core/Src/main.c ****   /*Configure GPIO pins : PC14 PC15 */
 398:Core/Src/main.c ****   GPIO_InitStruct.Pin = GPIO_PIN_14|GPIO_PIN_15;
 134              		.loc 1 398 3 view .LVU37
 135              		.loc 1 398 23 is_stmt 0 view .LVU38
 136 007e 4FF44043 		mov	r3, #49152
 137 0082 0493     		str	r3, [sp, #16]
 399:Core/Src/main.c ****   GPIO_InitStruct.Mode = GPIO_MODE_ANALOG;
 138              		.loc 1 399 3 is_stmt 1 view .LVU39
 139              		.loc 1 399 24 is_stmt 0 view .LVU40
 140 0084 0324     		movs	r4, #3
 141 0086 0594     		str	r4, [sp, #20]
 400:Core/Src/main.c ****   HAL_GPIO_Init(GPIOC, &GPIO_InitStruct);
 142              		.loc 1 400 3 is_stmt 1 view .LVU41
 143 0088 04A9     		add	r1, sp, #16
 144 008a 2846     		mov	r0, r5
 145 008c FFF7FEFF 		bl	HAL_GPIO_Init
 146              	.LVL2:
 401:Core/Src/main.c **** 
 402:Core/Src/main.c ****   /*Configure GPIO pins : PA0 PA1 PA4 PA5
 403:Core/Src/main.c ****                            PA6 PA7 PA8 PA15 */
 404:Core/Src/main.c ****   GPIO_InitStruct.Pin = GPIO_PIN_0|GPIO_PIN_1|GPIO_PIN_4|GPIO_PIN_5
 147              		.loc 1 404 3 view .LVU42
 148              		.loc 1 404 23 is_stmt 0 view .LVU43
 149 0090 48F2F313 		movw	r3, #33267
 150 0094 0493     		str	r3, [sp, #16]
 405:Core/Src/main.c ****                           |GPIO_PIN_6|GPIO_PIN_7|GPIO_PIN_8|GPIO_PIN_15;
 406:Core/Src/main.c ****   GPIO_InitStruct.Mode = GPIO_MODE_ANALOG;
 151              		.loc 1 406 3 is_stmt 1 view .LVU44
 152              		.loc 1 406 24 is_stmt 0 view .LVU45
 153 0096 0594     		str	r4, [sp, #20]
 407:Core/Src/main.c ****   HAL_GPIO_Init(GPIOA, &GPIO_InitStruct);
 154              		.loc 1 407 3 is_stmt 1 view .LVU46
 155 0098 04A9     		add	r1, sp, #16
 156 009a 0848     		ldr	r0, .L3+8
 157 009c FFF7FEFF 		bl	HAL_GPIO_Init
 158              	.LVL3:
 408:Core/Src/main.c **** 
 409:Core/Src/main.c ****   /*Configure GPIO pins : PB0 PB1 PB2 PB12
 410:Core/Src/main.c ****                            PB13 PB14 PB15 PB3
 411:Core/Src/main.c ****                            PB4 PB5 PB6 PB7
 412:Core/Src/main.c ****                            PB8 PB9 */
 413:Core/Src/main.c ****   GPIO_InitStruct.Pin = GPIO_PIN_0|GPIO_PIN_1|GPIO_PIN_2|GPIO_PIN_12
ARM GAS  C:\Users\XieFang\AppData\Local\Temp\ccIWsVOb.s 			page 11


 159              		.loc 1 413 3 view .LVU47
 160              		.loc 1 413 23 is_stmt 0 view .LVU48
 161 00a0 4FF2FF33 		movw	r3, #62463
 162 00a4 0493     		str	r3, [sp, #16]
 414:Core/Src/main.c ****                           |GPIO_PIN_13|GPIO_PIN_14|GPIO_PIN_15|GPIO_PIN_3
 415:Core/Src/main.c ****                           |GPIO_PIN_4|GPIO_PIN_5|GPIO_PIN_6|GPIO_PIN_7
 416:Core/Src/main.c ****                           |GPIO_PIN_8|GPIO_PIN_9;
 417:Core/Src/main.c ****   GPIO_InitStruct.Mode = GPIO_MODE_ANALOG;
 163              		.loc 1 417 3 is_stmt 1 view .LVU49
 164              		.loc 1 417 24 is_stmt 0 view .LVU50
 165 00a6 0594     		str	r4, [sp, #20]
 418:Core/Src/main.c ****   HAL_GPIO_Init(GPIOB, &GPIO_InitStruct);
 166              		.loc 1 418 3 is_stmt 1 view .LVU51
 167 00a8 04A9     		add	r1, sp, #16
 168 00aa 0548     		ldr	r0, .L3+12
 169 00ac FFF7FEFF 		bl	HAL_GPIO_Init
 170              	.LVL4:
 419:Core/Src/main.c **** 
 420:Core/Src/main.c **** }
 171              		.loc 1 420 1 is_stmt 0 view .LVU52
 172 00b0 09B0     		add	sp, sp, #36
 173              	.LCFI2:
 174              		.cfi_def_cfa_offset 12
 175              		@ sp needed
 176 00b2 30BD     		pop	{r4, r5, pc}
 177              	.L4:
 178              		.align	2
 179              	.L3:
 180 00b4 00100240 		.word	1073876992
 181 00b8 00100140 		.word	1073811456
 182 00bc 00080140 		.word	1073809408
 183 00c0 000C0140 		.word	1073810432
 184              		.cfi_endproc
 185              	.LFE76:
 187              		.section	.text.MX_DMA_Init,"ax",%progbits
 188              		.align	1
 189              		.syntax unified
 190              		.thumb
 191              		.thumb_func
 192              		.fpu softvfp
 194              	MX_DMA_Init:
 195              	.LFB75:
 345:Core/Src/main.c **** 
 196              		.loc 1 345 1 is_stmt 1 view -0
 197              		.cfi_startproc
 198              		@ args = 0, pretend = 0, frame = 8
 199              		@ frame_needed = 0, uses_anonymous_args = 0
 200 0000 00B5     		push	{lr}
 201              	.LCFI3:
 202              		.cfi_def_cfa_offset 4
 203              		.cfi_offset 14, -4
 204 0002 83B0     		sub	sp, sp, #12
 205              	.LCFI4:
 206              		.cfi_def_cfa_offset 16
 348:Core/Src/main.c **** 
 207              		.loc 1 348 3 view .LVU54
 208              	.LBB6:
ARM GAS  C:\Users\XieFang\AppData\Local\Temp\ccIWsVOb.s 			page 12


 348:Core/Src/main.c **** 
 209              		.loc 1 348 3 view .LVU55
 348:Core/Src/main.c **** 
 210              		.loc 1 348 3 view .LVU56
 211 0004 1E4B     		ldr	r3, .L7
 212 0006 5A69     		ldr	r2, [r3, #20]
 213 0008 42F00102 		orr	r2, r2, #1
 214 000c 5A61     		str	r2, [r3, #20]
 348:Core/Src/main.c **** 
 215              		.loc 1 348 3 view .LVU57
 216 000e 5B69     		ldr	r3, [r3, #20]
 217 0010 03F00103 		and	r3, r3, #1
 218 0014 0193     		str	r3, [sp, #4]
 348:Core/Src/main.c **** 
 219              		.loc 1 348 3 view .LVU58
 220 0016 019B     		ldr	r3, [sp, #4]
 221              	.LBE6:
 348:Core/Src/main.c **** 
 222              		.loc 1 348 3 view .LVU59
 352:Core/Src/main.c ****   HAL_NVIC_EnableIRQ(DMA1_Channel2_IRQn);
 223              		.loc 1 352 3 view .LVU60
 224 0018 0022     		movs	r2, #0
 225 001a 0521     		movs	r1, #5
 226 001c 0C20     		movs	r0, #12
 227 001e FFF7FEFF 		bl	HAL_NVIC_SetPriority
 228              	.LVL5:
 353:Core/Src/main.c ****   /* DMA1_Channel3_IRQn interrupt configuration */
 229              		.loc 1 353 3 view .LVU61
 230 0022 0C20     		movs	r0, #12
 231 0024 FFF7FEFF 		bl	HAL_NVIC_EnableIRQ
 232              	.LVL6:
 355:Core/Src/main.c ****   HAL_NVIC_EnableIRQ(DMA1_Channel3_IRQn);
 233              		.loc 1 355 3 view .LVU62
 234 0028 0022     		movs	r2, #0
 235 002a 0521     		movs	r1, #5
 236 002c 0D20     		movs	r0, #13
 237 002e FFF7FEFF 		bl	HAL_NVIC_SetPriority
 238              	.LVL7:
 356:Core/Src/main.c ****   /* DMA1_Channel4_IRQn interrupt configuration */
 239              		.loc 1 356 3 view .LVU63
 240 0032 0D20     		movs	r0, #13
 241 0034 FFF7FEFF 		bl	HAL_NVIC_EnableIRQ
 242              	.LVL8:
 358:Core/Src/main.c ****   HAL_NVIC_EnableIRQ(DMA1_Channel4_IRQn);
 243              		.loc 1 358 3 view .LVU64
 244 0038 0022     		movs	r2, #0
 245 003a 0521     		movs	r1, #5
 246 003c 0E20     		movs	r0, #14
 247 003e FFF7FEFF 		bl	HAL_NVIC_SetPriority
 248              	.LVL9:
 359:Core/Src/main.c ****   /* DMA1_Channel5_IRQn interrupt configuration */
 249              		.loc 1 359 3 view .LVU65
 250 0042 0E20     		movs	r0, #14
 251 0044 FFF7FEFF 		bl	HAL_NVIC_EnableIRQ
 252              	.LVL10:
 361:Core/Src/main.c ****   HAL_NVIC_EnableIRQ(DMA1_Channel5_IRQn);
 253              		.loc 1 361 3 view .LVU66
ARM GAS  C:\Users\XieFang\AppData\Local\Temp\ccIWsVOb.s 			page 13


 254 0048 0022     		movs	r2, #0
 255 004a 0521     		movs	r1, #5
 256 004c 0F20     		movs	r0, #15
 257 004e FFF7FEFF 		bl	HAL_NVIC_SetPriority
 258              	.LVL11:
 362:Core/Src/main.c ****   /* DMA1_Channel6_IRQn interrupt configuration */
 259              		.loc 1 362 3 view .LVU67
 260 0052 0F20     		movs	r0, #15
 261 0054 FFF7FEFF 		bl	HAL_NVIC_EnableIRQ
 262              	.LVL12:
 364:Core/Src/main.c ****   HAL_NVIC_EnableIRQ(DMA1_Channel6_IRQn);
 263              		.loc 1 364 3 view .LVU68
 264 0058 0022     		movs	r2, #0
 265 005a 0521     		movs	r1, #5
 266 005c 1020     		movs	r0, #16
 267 005e FFF7FEFF 		bl	HAL_NVIC_SetPriority
 268              	.LVL13:
 365:Core/Src/main.c ****   /* DMA1_Channel7_IRQn interrupt configuration */
 269              		.loc 1 365 3 view .LVU69
 270 0062 1020     		movs	r0, #16
 271 0064 FFF7FEFF 		bl	HAL_NVIC_EnableIRQ
 272              	.LVL14:
 367:Core/Src/main.c ****   HAL_NVIC_EnableIRQ(DMA1_Channel7_IRQn);
 273              		.loc 1 367 3 view .LVU70
 274 0068 0022     		movs	r2, #0
 275 006a 0521     		movs	r1, #5
 276 006c 1120     		movs	r0, #17
 277 006e FFF7FEFF 		bl	HAL_NVIC_SetPriority
 278              	.LVL15:
 368:Core/Src/main.c **** 
 279              		.loc 1 368 3 view .LVU71
 280 0072 1120     		movs	r0, #17
 281 0074 FFF7FEFF 		bl	HAL_NVIC_EnableIRQ
 282              	.LVL16:
 370:Core/Src/main.c **** 
 283              		.loc 1 370 1 is_stmt 0 view .LVU72
 284 0078 03B0     		add	sp, sp, #12
 285              	.LCFI5:
 286              		.cfi_def_cfa_offset 4
 287              		@ sp needed
 288 007a 5DF804FB 		ldr	pc, [sp], #4
 289              	.L8:
 290 007e 00BF     		.align	2
 291              	.L7:
 292 0080 00100240 		.word	1073876992
 293              		.cfi_endproc
 294              	.LFE75:
 296              		.section	.text.MX_USART1_UART_Init,"ax",%progbits
 297              		.align	1
 298              		.syntax unified
 299              		.thumb
 300              		.thumb_func
 301              		.fpu softvfp
 303              	MX_USART1_UART_Init:
 304              	.LFB72:
 248:Core/Src/main.c **** 
 305              		.loc 1 248 1 is_stmt 1 view -0
ARM GAS  C:\Users\XieFang\AppData\Local\Temp\ccIWsVOb.s 			page 14


 306              		.cfi_startproc
 307              		@ args = 0, pretend = 0, frame = 0
 308              		@ frame_needed = 0, uses_anonymous_args = 0
 309 0000 08B5     		push	{r3, lr}
 310              	.LCFI6:
 311              		.cfi_def_cfa_offset 8
 312              		.cfi_offset 3, -8
 313              		.cfi_offset 14, -4
 257:Core/Src/main.c ****   huart1.Init.BaudRate = 115200;
 314              		.loc 1 257 3 view .LVU74
 257:Core/Src/main.c ****   huart1.Init.BaudRate = 115200;
 315              		.loc 1 257 19 is_stmt 0 view .LVU75
 316 0002 0848     		ldr	r0, .L11
 317 0004 084B     		ldr	r3, .L11+4
 318 0006 0360     		str	r3, [r0]
 258:Core/Src/main.c ****   huart1.Init.WordLength = UART_WORDLENGTH_8B;
 319              		.loc 1 258 3 is_stmt 1 view .LVU76
 258:Core/Src/main.c ****   huart1.Init.WordLength = UART_WORDLENGTH_8B;
 320              		.loc 1 258 24 is_stmt 0 view .LVU77
 321 0008 4FF4E133 		mov	r3, #115200
 322 000c 4360     		str	r3, [r0, #4]
 259:Core/Src/main.c ****   huart1.Init.StopBits = UART_STOPBITS_1;
 323              		.loc 1 259 3 is_stmt 1 view .LVU78
 259:Core/Src/main.c ****   huart1.Init.StopBits = UART_STOPBITS_1;
 324              		.loc 1 259 26 is_stmt 0 view .LVU79
 325 000e 0023     		movs	r3, #0
 326 0010 8360     		str	r3, [r0, #8]
 260:Core/Src/main.c ****   huart1.Init.Parity = UART_PARITY_NONE;
 327              		.loc 1 260 3 is_stmt 1 view .LVU80
 260:Core/Src/main.c ****   huart1.Init.Parity = UART_PARITY_NONE;
 328              		.loc 1 260 24 is_stmt 0 view .LVU81
 329 0012 C360     		str	r3, [r0, #12]
 261:Core/Src/main.c ****   huart1.Init.Mode = UART_MODE_TX_RX;
 330              		.loc 1 261 3 is_stmt 1 view .LVU82
 261:Core/Src/main.c ****   huart1.Init.Mode = UART_MODE_TX_RX;
 331              		.loc 1 261 22 is_stmt 0 view .LVU83
 332 0014 0361     		str	r3, [r0, #16]
 262:Core/Src/main.c ****   huart1.Init.HwFlowCtl = UART_HWCONTROL_NONE;
 333              		.loc 1 262 3 is_stmt 1 view .LVU84
 262:Core/Src/main.c ****   huart1.Init.HwFlowCtl = UART_HWCONTROL_NONE;
 334              		.loc 1 262 20 is_stmt 0 view .LVU85
 335 0016 0C22     		movs	r2, #12
 336 0018 4261     		str	r2, [r0, #20]
 263:Core/Src/main.c ****   huart1.Init.OverSampling = UART_OVERSAMPLING_16;
 337              		.loc 1 263 3 is_stmt 1 view .LVU86
 263:Core/Src/main.c ****   huart1.Init.OverSampling = UART_OVERSAMPLING_16;
 338              		.loc 1 263 25 is_stmt 0 view .LVU87
 339 001a 8361     		str	r3, [r0, #24]
 264:Core/Src/main.c ****   if (HAL_UART_Init(&huart1) != HAL_OK)
 340              		.loc 1 264 3 is_stmt 1 view .LVU88
 264:Core/Src/main.c ****   if (HAL_UART_Init(&huart1) != HAL_OK)
 341              		.loc 1 264 28 is_stmt 0 view .LVU89
 342 001c C361     		str	r3, [r0, #28]
 265:Core/Src/main.c ****   {
 343              		.loc 1 265 3 is_stmt 1 view .LVU90
 265:Core/Src/main.c ****   {
 344              		.loc 1 265 7 is_stmt 0 view .LVU91
ARM GAS  C:\Users\XieFang\AppData\Local\Temp\ccIWsVOb.s 			page 15


 345 001e FFF7FEFF 		bl	HAL_UART_Init
 346              	.LVL17:
 273:Core/Src/main.c **** 
 347              		.loc 1 273 1 view .LVU92
 348 0022 08BD     		pop	{r3, pc}
 349              	.L12:
 350              		.align	2
 351              	.L11:
 352 0024 00000000 		.word	huart1
 353 0028 00380140 		.word	1073821696
 354              		.cfi_endproc
 355              	.LFE72:
 357              		.section	.text.MX_USART2_UART_Init,"ax",%progbits
 358              		.align	1
 359              		.syntax unified
 360              		.thumb
 361              		.thumb_func
 362              		.fpu softvfp
 364              	MX_USART2_UART_Init:
 365              	.LFB73:
 281:Core/Src/main.c **** 
 366              		.loc 1 281 1 is_stmt 1 view -0
 367              		.cfi_startproc
 368              		@ args = 0, pretend = 0, frame = 0
 369              		@ frame_needed = 0, uses_anonymous_args = 0
 370 0000 08B5     		push	{r3, lr}
 371              	.LCFI7:
 372              		.cfi_def_cfa_offset 8
 373              		.cfi_offset 3, -8
 374              		.cfi_offset 14, -4
 290:Core/Src/main.c ****   huart2.Init.BaudRate = 115200;
 375              		.loc 1 290 3 view .LVU94
 290:Core/Src/main.c ****   huart2.Init.BaudRate = 115200;
 376              		.loc 1 290 19 is_stmt 0 view .LVU95
 377 0002 0848     		ldr	r0, .L15
 378 0004 084B     		ldr	r3, .L15+4
 379 0006 0360     		str	r3, [r0]
 291:Core/Src/main.c ****   huart2.Init.WordLength = UART_WORDLENGTH_8B;
 380              		.loc 1 291 3 is_stmt 1 view .LVU96
 291:Core/Src/main.c ****   huart2.Init.WordLength = UART_WORDLENGTH_8B;
 381              		.loc 1 291 24 is_stmt 0 view .LVU97
 382 0008 4FF4E133 		mov	r3, #115200
 383 000c 4360     		str	r3, [r0, #4]
 292:Core/Src/main.c ****   huart2.Init.StopBits = UART_STOPBITS_1;
 384              		.loc 1 292 3 is_stmt 1 view .LVU98
 292:Core/Src/main.c ****   huart2.Init.StopBits = UART_STOPBITS_1;
 385              		.loc 1 292 26 is_stmt 0 view .LVU99
 386 000e 0023     		movs	r3, #0
 387 0010 8360     		str	r3, [r0, #8]
 293:Core/Src/main.c ****   huart2.Init.Parity = UART_PARITY_NONE;
 388              		.loc 1 293 3 is_stmt 1 view .LVU100
 293:Core/Src/main.c ****   huart2.Init.Parity = UART_PARITY_NONE;
 389              		.loc 1 293 24 is_stmt 0 view .LVU101
 390 0012 C360     		str	r3, [r0, #12]
 294:Core/Src/main.c ****   huart2.Init.Mode = UART_MODE_TX_RX;
 391              		.loc 1 294 3 is_stmt 1 view .LVU102
 294:Core/Src/main.c ****   huart2.Init.Mode = UART_MODE_TX_RX;
ARM GAS  C:\Users\XieFang\AppData\Local\Temp\ccIWsVOb.s 			page 16


 392              		.loc 1 294 22 is_stmt 0 view .LVU103
 393 0014 0361     		str	r3, [r0, #16]
 295:Core/Src/main.c ****   huart2.Init.HwFlowCtl = UART_HWCONTROL_NONE;
 394              		.loc 1 295 3 is_stmt 1 view .LVU104
 295:Core/Src/main.c ****   huart2.Init.HwFlowCtl = UART_HWCONTROL_NONE;
 395              		.loc 1 295 20 is_stmt 0 view .LVU105
 396 0016 0C22     		movs	r2, #12
 397 0018 4261     		str	r2, [r0, #20]
 296:Core/Src/main.c ****   huart2.Init.OverSampling = UART_OVERSAMPLING_16;
 398              		.loc 1 296 3 is_stmt 1 view .LVU106
 296:Core/Src/main.c ****   huart2.Init.OverSampling = UART_OVERSAMPLING_16;
 399              		.loc 1 296 25 is_stmt 0 view .LVU107
 400 001a 8361     		str	r3, [r0, #24]
 297:Core/Src/main.c ****   if (HAL_UART_Init(&huart2) != HAL_OK)
 401              		.loc 1 297 3 is_stmt 1 view .LVU108
 297:Core/Src/main.c ****   if (HAL_UART_Init(&huart2) != HAL_OK)
 402              		.loc 1 297 28 is_stmt 0 view .LVU109
 403 001c C361     		str	r3, [r0, #28]
 298:Core/Src/main.c ****   {
 404              		.loc 1 298 3 is_stmt 1 view .LVU110
 298:Core/Src/main.c ****   {
 405              		.loc 1 298 7 is_stmt 0 view .LVU111
 406 001e FFF7FEFF 		bl	HAL_UART_Init
 407              	.LVL18:
 306:Core/Src/main.c **** 
 408              		.loc 1 306 1 view .LVU112
 409 0022 08BD     		pop	{r3, pc}
 410              	.L16:
 411              		.align	2
 412              	.L15:
 413 0024 00000000 		.word	huart2
 414 0028 00440040 		.word	1073759232
 415              		.cfi_endproc
 416              	.LFE73:
 418              		.section	.text.MX_USART3_UART_Init,"ax",%progbits
 419              		.align	1
 420              		.syntax unified
 421              		.thumb
 422              		.thumb_func
 423              		.fpu softvfp
 425              	MX_USART3_UART_Init:
 426              	.LFB74:
 314:Core/Src/main.c **** 
 427              		.loc 1 314 1 is_stmt 1 view -0
 428              		.cfi_startproc
 429              		@ args = 0, pretend = 0, frame = 0
 430              		@ frame_needed = 0, uses_anonymous_args = 0
 431 0000 08B5     		push	{r3, lr}
 432              	.LCFI8:
 433              		.cfi_def_cfa_offset 8
 434              		.cfi_offset 3, -8
 435              		.cfi_offset 14, -4
 323:Core/Src/main.c ****   huart3.Init.BaudRate = 115200;
 436              		.loc 1 323 3 view .LVU114
 323:Core/Src/main.c ****   huart3.Init.BaudRate = 115200;
 437              		.loc 1 323 19 is_stmt 0 view .LVU115
 438 0002 0848     		ldr	r0, .L19
ARM GAS  C:\Users\XieFang\AppData\Local\Temp\ccIWsVOb.s 			page 17


 439 0004 084B     		ldr	r3, .L19+4
 440 0006 0360     		str	r3, [r0]
 324:Core/Src/main.c ****   huart3.Init.WordLength = UART_WORDLENGTH_8B;
 441              		.loc 1 324 3 is_stmt 1 view .LVU116
 324:Core/Src/main.c ****   huart3.Init.WordLength = UART_WORDLENGTH_8B;
 442              		.loc 1 324 24 is_stmt 0 view .LVU117
 443 0008 4FF4E133 		mov	r3, #115200
 444 000c 4360     		str	r3, [r0, #4]
 325:Core/Src/main.c ****   huart3.Init.StopBits = UART_STOPBITS_1;
 445              		.loc 1 325 3 is_stmt 1 view .LVU118
 325:Core/Src/main.c ****   huart3.Init.StopBits = UART_STOPBITS_1;
 446              		.loc 1 325 26 is_stmt 0 view .LVU119
 447 000e 0023     		movs	r3, #0
 448 0010 8360     		str	r3, [r0, #8]
 326:Core/Src/main.c ****   huart3.Init.Parity = UART_PARITY_NONE;
 449              		.loc 1 326 3 is_stmt 1 view .LVU120
 326:Core/Src/main.c ****   huart3.Init.Parity = UART_PARITY_NONE;
 450              		.loc 1 326 24 is_stmt 0 view .LVU121
 451 0012 C360     		str	r3, [r0, #12]
 327:Core/Src/main.c ****   huart3.Init.Mode = UART_MODE_TX_RX;
 452              		.loc 1 327 3 is_stmt 1 view .LVU122
 327:Core/Src/main.c ****   huart3.Init.Mode = UART_MODE_TX_RX;
 453              		.loc 1 327 22 is_stmt 0 view .LVU123
 454 0014 0361     		str	r3, [r0, #16]
 328:Core/Src/main.c ****   huart3.Init.HwFlowCtl = UART_HWCONTROL_NONE;
 455              		.loc 1 328 3 is_stmt 1 view .LVU124
 328:Core/Src/main.c ****   huart3.Init.HwFlowCtl = UART_HWCONTROL_NONE;
 456              		.loc 1 328 20 is_stmt 0 view .LVU125
 457 0016 0C22     		movs	r2, #12
 458 0018 4261     		str	r2, [r0, #20]
 329:Core/Src/main.c ****   huart3.Init.OverSampling = UART_OVERSAMPLING_16;
 459              		.loc 1 329 3 is_stmt 1 view .LVU126
 329:Core/Src/main.c ****   huart3.Init.OverSampling = UART_OVERSAMPLING_16;
 460              		.loc 1 329 25 is_stmt 0 view .LVU127
 461 001a 8361     		str	r3, [r0, #24]
 330:Core/Src/main.c ****   if (HAL_UART_Init(&huart3) != HAL_OK)
 462              		.loc 1 330 3 is_stmt 1 view .LVU128
 330:Core/Src/main.c ****   if (HAL_UART_Init(&huart3) != HAL_OK)
 463              		.loc 1 330 28 is_stmt 0 view .LVU129
 464 001c C361     		str	r3, [r0, #28]
 331:Core/Src/main.c ****   {
 465              		.loc 1 331 3 is_stmt 1 view .LVU130
 331:Core/Src/main.c ****   {
 466              		.loc 1 331 7 is_stmt 0 view .LVU131
 467 001e FFF7FEFF 		bl	HAL_UART_Init
 468              	.LVL19:
 339:Core/Src/main.c **** 
 469              		.loc 1 339 1 view .LVU132
 470 0022 08BD     		pop	{r3, pc}
 471              	.L20:
 472              		.align	2
 473              	.L19:
 474 0024 00000000 		.word	huart3
 475 0028 00480040 		.word	1073760256
 476              		.cfi_endproc
 477              	.LFE74:
 479              		.section	.text.MX_CAN_Init,"ax",%progbits
ARM GAS  C:\Users\XieFang\AppData\Local\Temp\ccIWsVOb.s 			page 18


 480              		.align	1
 481              		.syntax unified
 482              		.thumb
 483              		.thumb_func
 484              		.fpu softvfp
 486              	MX_CAN_Init:
 487              	.LFB71:
 211:Core/Src/main.c **** 
 488              		.loc 1 211 1 is_stmt 1 view -0
 489              		.cfi_startproc
 490              		@ args = 0, pretend = 0, frame = 0
 491              		@ frame_needed = 0, uses_anonymous_args = 0
 492 0000 08B5     		push	{r3, lr}
 493              	.LCFI9:
 494              		.cfi_def_cfa_offset 8
 495              		.cfi_offset 3, -8
 496              		.cfi_offset 14, -4
 220:Core/Src/main.c ****   hcan.Init.Prescaler = 16;
 497              		.loc 1 220 3 view .LVU134
 220:Core/Src/main.c ****   hcan.Init.Prescaler = 16;
 498              		.loc 1 220 17 is_stmt 0 view .LVU135
 499 0002 0948     		ldr	r0, .L23
 500 0004 094B     		ldr	r3, .L23+4
 501 0006 0360     		str	r3, [r0]
 221:Core/Src/main.c ****   hcan.Init.Mode = CAN_MODE_NORMAL;
 502              		.loc 1 221 3 is_stmt 1 view .LVU136
 221:Core/Src/main.c ****   hcan.Init.Mode = CAN_MODE_NORMAL;
 503              		.loc 1 221 23 is_stmt 0 view .LVU137
 504 0008 1023     		movs	r3, #16
 505 000a 4360     		str	r3, [r0, #4]
 222:Core/Src/main.c ****   hcan.Init.SyncJumpWidth = CAN_SJW_1TQ;
 506              		.loc 1 222 3 is_stmt 1 view .LVU138
 222:Core/Src/main.c ****   hcan.Init.SyncJumpWidth = CAN_SJW_1TQ;
 507              		.loc 1 222 18 is_stmt 0 view .LVU139
 508 000c 0023     		movs	r3, #0
 509 000e 8360     		str	r3, [r0, #8]
 223:Core/Src/main.c ****   hcan.Init.TimeSeg1 = CAN_BS1_1TQ;
 510              		.loc 1 223 3 is_stmt 1 view .LVU140
 223:Core/Src/main.c ****   hcan.Init.TimeSeg1 = CAN_BS1_1TQ;
 511              		.loc 1 223 27 is_stmt 0 view .LVU141
 512 0010 C360     		str	r3, [r0, #12]
 224:Core/Src/main.c ****   hcan.Init.TimeSeg2 = CAN_BS2_1TQ;
 513              		.loc 1 224 3 is_stmt 1 view .LVU142
 224:Core/Src/main.c ****   hcan.Init.TimeSeg2 = CAN_BS2_1TQ;
 514              		.loc 1 224 22 is_stmt 0 view .LVU143
 515 0012 0361     		str	r3, [r0, #16]
 225:Core/Src/main.c ****   hcan.Init.TimeTriggeredMode = DISABLE;
 516              		.loc 1 225 3 is_stmt 1 view .LVU144
 225:Core/Src/main.c ****   hcan.Init.TimeTriggeredMode = DISABLE;
 517              		.loc 1 225 22 is_stmt 0 view .LVU145
 518 0014 4361     		str	r3, [r0, #20]
 226:Core/Src/main.c ****   hcan.Init.AutoBusOff = DISABLE;
 519              		.loc 1 226 3 is_stmt 1 view .LVU146
 226:Core/Src/main.c ****   hcan.Init.AutoBusOff = DISABLE;
 520              		.loc 1 226 31 is_stmt 0 view .LVU147
 521 0016 0376     		strb	r3, [r0, #24]
 227:Core/Src/main.c ****   hcan.Init.AutoWakeUp = DISABLE;
ARM GAS  C:\Users\XieFang\AppData\Local\Temp\ccIWsVOb.s 			page 19


 522              		.loc 1 227 3 is_stmt 1 view .LVU148
 227:Core/Src/main.c ****   hcan.Init.AutoWakeUp = DISABLE;
 523              		.loc 1 227 24 is_stmt 0 view .LVU149
 524 0018 4376     		strb	r3, [r0, #25]
 228:Core/Src/main.c ****   hcan.Init.AutoRetransmission = DISABLE;
 525              		.loc 1 228 3 is_stmt 1 view .LVU150
 228:Core/Src/main.c ****   hcan.Init.AutoRetransmission = DISABLE;
 526              		.loc 1 228 24 is_stmt 0 view .LVU151
 527 001a 8376     		strb	r3, [r0, #26]
 229:Core/Src/main.c ****   hcan.Init.ReceiveFifoLocked = DISABLE;
 528              		.loc 1 229 3 is_stmt 1 view .LVU152
 229:Core/Src/main.c ****   hcan.Init.ReceiveFifoLocked = DISABLE;
 529              		.loc 1 229 32 is_stmt 0 view .LVU153
 530 001c C376     		strb	r3, [r0, #27]
 230:Core/Src/main.c ****   hcan.Init.TransmitFifoPriority = DISABLE;
 531              		.loc 1 230 3 is_stmt 1 view .LVU154
 230:Core/Src/main.c ****   hcan.Init.TransmitFifoPriority = DISABLE;
 532              		.loc 1 230 31 is_stmt 0 view .LVU155
 533 001e 0377     		strb	r3, [r0, #28]
 231:Core/Src/main.c ****   if (HAL_CAN_Init(&hcan) != HAL_OK)
 534              		.loc 1 231 3 is_stmt 1 view .LVU156
 231:Core/Src/main.c ****   if (HAL_CAN_Init(&hcan) != HAL_OK)
 535              		.loc 1 231 34 is_stmt 0 view .LVU157
 536 0020 4377     		strb	r3, [r0, #29]
 232:Core/Src/main.c ****   {
 537              		.loc 1 232 3 is_stmt 1 view .LVU158
 232:Core/Src/main.c ****   {
 538              		.loc 1 232 7 is_stmt 0 view .LVU159
 539 0022 FFF7FEFF 		bl	HAL_CAN_Init
 540              	.LVL20:
 240:Core/Src/main.c **** 
 541              		.loc 1 240 1 view .LVU160
 542 0026 08BD     		pop	{r3, pc}
 543              	.L24:
 544              		.align	2
 545              	.L23:
 546 0028 00000000 		.word	hcan
 547 002c 00640040 		.word	1073767424
 548              		.cfi_endproc
 549              	.LFE71:
 551              		.section	.text.StartDefaultTask,"ax",%progbits
 552              		.align	1
 553              		.global	StartDefaultTask
 554              		.syntax unified
 555              		.thumb
 556              		.thumb_func
 557              		.fpu softvfp
 559              	StartDefaultTask:
 560              	.LFB77:
 421:Core/Src/main.c **** 
 422:Core/Src/main.c **** /* USER CODE BEGIN 4 */
 423:Core/Src/main.c **** 
 424:Core/Src/main.c **** /* USER CODE END 4 */
 425:Core/Src/main.c **** 
 426:Core/Src/main.c **** /* USER CODE BEGIN Header_StartDefaultTask */
 427:Core/Src/main.c **** /**
 428:Core/Src/main.c ****   * @brief  Function implementing the defaultTask thread.
ARM GAS  C:\Users\XieFang\AppData\Local\Temp\ccIWsVOb.s 			page 20


 429:Core/Src/main.c ****   * @param  argument: Not used
 430:Core/Src/main.c ****   * @retval None
 431:Core/Src/main.c ****   */
 432:Core/Src/main.c **** /* USER CODE END Header_StartDefaultTask */
 433:Core/Src/main.c **** void StartDefaultTask(void *argument)
 434:Core/Src/main.c **** {
 561              		.loc 1 434 1 is_stmt 1 view -0
 562              		.cfi_startproc
 563              		@ Volatile: function does not return.
 564              		@ args = 0, pretend = 0, frame = 0
 565              		@ frame_needed = 0, uses_anonymous_args = 0
 566              	.LVL21:
 567              		.loc 1 434 1 is_stmt 0 view .LVU162
 568 0000 08B5     		push	{r3, lr}
 569              	.LCFI10:
 570              		.cfi_def_cfa_offset 8
 571              		.cfi_offset 3, -8
 572              		.cfi_offset 14, -4
 573              	.LVL22:
 574              	.L26:
 435:Core/Src/main.c ****   /* USER CODE BEGIN 5 */
 436:Core/Src/main.c ****   /* Infinite loop */
 437:Core/Src/main.c ****   for(;;)
 575              		.loc 1 437 3 is_stmt 1 discriminator 1 view .LVU163
 438:Core/Src/main.c ****   {
 439:Core/Src/main.c ****     osDelay(1);
 576              		.loc 1 439 5 discriminator 1 view .LVU164
 577 0002 0120     		movs	r0, #1
 578 0004 FFF7FEFF 		bl	osDelay
 579              	.LVL23:
 437:Core/Src/main.c ****   {
 580              		.loc 1 437 8 discriminator 1 view .LVU165
 581 0008 FBE7     		b	.L26
 582              		.cfi_endproc
 583              	.LFE77:
 585              		.section	.text.SystemClock_Config,"ax",%progbits
 586              		.align	1
 587              		.global	SystemClock_Config
 588              		.syntax unified
 589              		.thumb
 590              		.thumb_func
 591              		.fpu softvfp
 593              	SystemClock_Config:
 594              	.LFB70:
 172:Core/Src/main.c ****   RCC_OscInitTypeDef RCC_OscInitStruct = {0};
 595              		.loc 1 172 1 view -0
 596              		.cfi_startproc
 597              		@ args = 0, pretend = 0, frame = 64
 598              		@ frame_needed = 0, uses_anonymous_args = 0
 599 0000 30B5     		push	{r4, r5, lr}
 600              	.LCFI11:
 601              		.cfi_def_cfa_offset 12
 602              		.cfi_offset 4, -12
 603              		.cfi_offset 5, -8
 604              		.cfi_offset 14, -4
 605 0002 91B0     		sub	sp, sp, #68
 606              	.LCFI12:
ARM GAS  C:\Users\XieFang\AppData\Local\Temp\ccIWsVOb.s 			page 21


 607              		.cfi_def_cfa_offset 80
 173:Core/Src/main.c ****   RCC_ClkInitTypeDef RCC_ClkInitStruct = {0};
 608              		.loc 1 173 3 view .LVU167
 173:Core/Src/main.c ****   RCC_ClkInitTypeDef RCC_ClkInitStruct = {0};
 609              		.loc 1 173 22 is_stmt 0 view .LVU168
 610 0004 0024     		movs	r4, #0
 611 0006 0994     		str	r4, [sp, #36]
 612 0008 0B94     		str	r4, [sp, #44]
 613 000a 0C94     		str	r4, [sp, #48]
 174:Core/Src/main.c **** 
 614              		.loc 1 174 3 is_stmt 1 view .LVU169
 174:Core/Src/main.c **** 
 615              		.loc 1 174 22 is_stmt 0 view .LVU170
 616 000c 0194     		str	r4, [sp, #4]
 617 000e 0294     		str	r4, [sp, #8]
 618 0010 0394     		str	r4, [sp, #12]
 619 0012 0494     		str	r4, [sp, #16]
 620 0014 0594     		str	r4, [sp, #20]
 179:Core/Src/main.c ****   RCC_OscInitStruct.HSEState = RCC_HSE_ON;
 621              		.loc 1 179 3 is_stmt 1 view .LVU171
 179:Core/Src/main.c ****   RCC_OscInitStruct.HSEState = RCC_HSE_ON;
 622              		.loc 1 179 36 is_stmt 0 view .LVU172
 623 0016 0122     		movs	r2, #1
 624 0018 0692     		str	r2, [sp, #24]
 180:Core/Src/main.c ****   RCC_OscInitStruct.HSEPredivValue = RCC_HSE_PREDIV_DIV1;
 625              		.loc 1 180 3 is_stmt 1 view .LVU173
 180:Core/Src/main.c ****   RCC_OscInitStruct.HSEPredivValue = RCC_HSE_PREDIV_DIV1;
 626              		.loc 1 180 30 is_stmt 0 view .LVU174
 627 001a 4FF48033 		mov	r3, #65536
 628 001e 0793     		str	r3, [sp, #28]
 181:Core/Src/main.c ****   RCC_OscInitStruct.HSIState = RCC_HSI_ON;
 629              		.loc 1 181 3 is_stmt 1 view .LVU175
 181:Core/Src/main.c ****   RCC_OscInitStruct.HSIState = RCC_HSI_ON;
 630              		.loc 1 181 36 is_stmt 0 view .LVU176
 631 0020 0894     		str	r4, [sp, #32]
 182:Core/Src/main.c ****   RCC_OscInitStruct.PLL.PLLState = RCC_PLL_ON;
 632              		.loc 1 182 3 is_stmt 1 view .LVU177
 182:Core/Src/main.c ****   RCC_OscInitStruct.PLL.PLLState = RCC_PLL_ON;
 633              		.loc 1 182 30 is_stmt 0 view .LVU178
 634 0022 0A92     		str	r2, [sp, #40]
 183:Core/Src/main.c ****   RCC_OscInitStruct.PLL.PLLSource = RCC_PLLSOURCE_HSE;
 635              		.loc 1 183 3 is_stmt 1 view .LVU179
 183:Core/Src/main.c ****   RCC_OscInitStruct.PLL.PLLSource = RCC_PLLSOURCE_HSE;
 636              		.loc 1 183 34 is_stmt 0 view .LVU180
 637 0024 0225     		movs	r5, #2
 638 0026 0D95     		str	r5, [sp, #52]
 184:Core/Src/main.c ****   RCC_OscInitStruct.PLL.PLLMUL = RCC_PLL_MUL9;
 639              		.loc 1 184 3 is_stmt 1 view .LVU181
 184:Core/Src/main.c ****   RCC_OscInitStruct.PLL.PLLMUL = RCC_PLL_MUL9;
 640              		.loc 1 184 35 is_stmt 0 view .LVU182
 641 0028 0E93     		str	r3, [sp, #56]
 185:Core/Src/main.c ****   if (HAL_RCC_OscConfig(&RCC_OscInitStruct) != HAL_OK)
 642              		.loc 1 185 3 is_stmt 1 view .LVU183
 185:Core/Src/main.c ****   if (HAL_RCC_OscConfig(&RCC_OscInitStruct) != HAL_OK)
 643              		.loc 1 185 32 is_stmt 0 view .LVU184
 644 002a 4FF4E013 		mov	r3, #1835008
 645 002e 0F93     		str	r3, [sp, #60]
ARM GAS  C:\Users\XieFang\AppData\Local\Temp\ccIWsVOb.s 			page 22


 186:Core/Src/main.c ****   {
 646              		.loc 1 186 3 is_stmt 1 view .LVU185
 186:Core/Src/main.c ****   {
 647              		.loc 1 186 7 is_stmt 0 view .LVU186
 648 0030 06A8     		add	r0, sp, #24
 649 0032 FFF7FEFF 		bl	HAL_RCC_OscConfig
 650              	.LVL24:
 192:Core/Src/main.c ****                               |RCC_CLOCKTYPE_PCLK1|RCC_CLOCKTYPE_PCLK2;
 651              		.loc 1 192 3 is_stmt 1 view .LVU187
 192:Core/Src/main.c ****                               |RCC_CLOCKTYPE_PCLK1|RCC_CLOCKTYPE_PCLK2;
 652              		.loc 1 192 31 is_stmt 0 view .LVU188
 653 0036 0F23     		movs	r3, #15
 654 0038 0193     		str	r3, [sp, #4]
 194:Core/Src/main.c ****   RCC_ClkInitStruct.AHBCLKDivider = RCC_SYSCLK_DIV1;
 655              		.loc 1 194 3 is_stmt 1 view .LVU189
 194:Core/Src/main.c ****   RCC_ClkInitStruct.AHBCLKDivider = RCC_SYSCLK_DIV1;
 656              		.loc 1 194 34 is_stmt 0 view .LVU190
 657 003a 0295     		str	r5, [sp, #8]
 195:Core/Src/main.c ****   RCC_ClkInitStruct.APB1CLKDivider = RCC_HCLK_DIV2;
 658              		.loc 1 195 3 is_stmt 1 view .LVU191
 195:Core/Src/main.c ****   RCC_ClkInitStruct.APB1CLKDivider = RCC_HCLK_DIV2;
 659              		.loc 1 195 35 is_stmt 0 view .LVU192
 660 003c 0394     		str	r4, [sp, #12]
 196:Core/Src/main.c ****   RCC_ClkInitStruct.APB2CLKDivider = RCC_HCLK_DIV1;
 661              		.loc 1 196 3 is_stmt 1 view .LVU193
 196:Core/Src/main.c ****   RCC_ClkInitStruct.APB2CLKDivider = RCC_HCLK_DIV1;
 662              		.loc 1 196 36 is_stmt 0 view .LVU194
 663 003e 4FF48063 		mov	r3, #1024
 664 0042 0493     		str	r3, [sp, #16]
 197:Core/Src/main.c **** 
 665              		.loc 1 197 3 is_stmt 1 view .LVU195
 197:Core/Src/main.c **** 
 666              		.loc 1 197 36 is_stmt 0 view .LVU196
 667 0044 0594     		str	r4, [sp, #20]
 199:Core/Src/main.c ****   {
 668              		.loc 1 199 3 is_stmt 1 view .LVU197
 199:Core/Src/main.c ****   {
 669              		.loc 1 199 7 is_stmt 0 view .LVU198
 670 0046 2946     		mov	r1, r5
 671 0048 01A8     		add	r0, sp, #4
 672 004a FFF7FEFF 		bl	HAL_RCC_ClockConfig
 673              	.LVL25:
 203:Core/Src/main.c **** 
 674              		.loc 1 203 1 view .LVU199
 675 004e 11B0     		add	sp, sp, #68
 676              	.LCFI13:
 677              		.cfi_def_cfa_offset 12
 678              		@ sp needed
 679 0050 30BD     		pop	{r4, r5, pc}
 680              		.cfi_endproc
 681              	.LFE70:
 683              		.section	.text.main,"ax",%progbits
 684              		.align	1
 685              		.global	main
 686              		.syntax unified
 687              		.thumb
 688              		.thumb_func
ARM GAS  C:\Users\XieFang\AppData\Local\Temp\ccIWsVOb.s 			page 23


 689              		.fpu softvfp
 691              	main:
 692              	.LFB69:
  91:Core/Src/main.c ****   /* USER CODE BEGIN 1 */
 693              		.loc 1 91 1 is_stmt 1 view -0
 694              		.cfi_startproc
 695              		@ Volatile: function does not return.
 696              		@ args = 0, pretend = 0, frame = 0
 697              		@ frame_needed = 0, uses_anonymous_args = 0
 698 0000 08B5     		push	{r3, lr}
 699              	.LCFI14:
 700              		.cfi_def_cfa_offset 8
 701              		.cfi_offset 3, -8
 702              		.cfi_offset 14, -4
  99:Core/Src/main.c **** 
 703              		.loc 1 99 3 view .LVU201
 704 0002 FFF7FEFF 		bl	HAL_Init
 705              	.LVL26:
 106:Core/Src/main.c **** 
 706              		.loc 1 106 3 view .LVU202
 707 0006 FFF7FEFF 		bl	SystemClock_Config
 708              	.LVL27:
 113:Core/Src/main.c ****   MX_DMA_Init();
 709              		.loc 1 113 3 view .LVU203
 710 000a FFF7FEFF 		bl	MX_GPIO_Init
 711              	.LVL28:
 114:Core/Src/main.c ****   MX_USART1_UART_Init();
 712              		.loc 1 114 3 view .LVU204
 713 000e FFF7FEFF 		bl	MX_DMA_Init
 714              	.LVL29:
 115:Core/Src/main.c ****   MX_USART2_UART_Init();
 715              		.loc 1 115 3 view .LVU205
 716 0012 FFF7FEFF 		bl	MX_USART1_UART_Init
 717              	.LVL30:
 116:Core/Src/main.c ****   MX_USART3_UART_Init();
 718              		.loc 1 116 3 view .LVU206
 719 0016 FFF7FEFF 		bl	MX_USART2_UART_Init
 720              	.LVL31:
 117:Core/Src/main.c ****   MX_CAN_Init();
 721              		.loc 1 117 3 view .LVU207
 722 001a FFF7FEFF 		bl	MX_USART3_UART_Init
 723              	.LVL32:
 118:Core/Src/main.c ****   /* USER CODE BEGIN 2 */
 724              		.loc 1 118 3 view .LVU208
 725 001e FFF7FEFF 		bl	MX_CAN_Init
 726              	.LVL33:
 124:Core/Src/main.c **** 
 727              		.loc 1 124 3 view .LVU209
 728 0022 FFF7FEFF 		bl	osKernelInitialize
 729              	.LVL34:
 144:Core/Src/main.c **** 
 730              		.loc 1 144 3 view .LVU210
 144:Core/Src/main.c **** 
 731              		.loc 1 144 23 is_stmt 0 view .LVU211
 732 0026 064A     		ldr	r2, .L33
 733 0028 0021     		movs	r1, #0
 734 002a 0648     		ldr	r0, .L33+4
ARM GAS  C:\Users\XieFang\AppData\Local\Temp\ccIWsVOb.s 			page 24


 735 002c FFF7FEFF 		bl	osThreadNew
 736              	.LVL35:
 144:Core/Src/main.c **** 
 737              		.loc 1 144 21 view .LVU212
 738 0030 054B     		ldr	r3, .L33+8
 739 0032 1860     		str	r0, [r3]
 148:Core/Src/main.c ****   defaultTaskStart();
 740              		.loc 1 148 3 is_stmt 1 view .LVU213
 149:Core/Src/main.c ****   /* USER CODE END RTOS_THREADS */
 741              		.loc 1 149 3 view .LVU214
 742 0034 FFF7FEFF 		bl	defaultTaskStart
 743              	.LVL36:
 153:Core/Src/main.c **** 
 744              		.loc 1 153 3 view .LVU215
 745 0038 FFF7FEFF 		bl	osKernelStart
 746              	.LVL37:
 747              	.L31:
 158:Core/Src/main.c ****   {
 748              		.loc 1 158 3 discriminator 1 view .LVU216
 163:Core/Src/main.c ****   /* USER CODE END 3 */
 749              		.loc 1 163 3 discriminator 1 view .LVU217
 158:Core/Src/main.c ****   {
 750              		.loc 1 158 9 discriminator 1 view .LVU218
 751 003c FEE7     		b	.L31
 752              	.L34:
 753 003e 00BF     		.align	2
 754              	.L33:
 755 0040 00000000 		.word	.LANCHOR0
 756 0044 00000000 		.word	StartDefaultTask
 757 0048 00000000 		.word	defaultTaskHandle
 758              		.cfi_endproc
 759              	.LFE69:
 761              		.section	.text.HAL_TIM_PeriodElapsedCallback,"ax",%progbits
 762              		.align	1
 763              		.global	HAL_TIM_PeriodElapsedCallback
 764              		.syntax unified
 765              		.thumb
 766              		.thumb_func
 767              		.fpu softvfp
 769              	HAL_TIM_PeriodElapsedCallback:
 770              	.LVL38:
 771              	.LFB78:
 440:Core/Src/main.c ****   }
 441:Core/Src/main.c ****   /* USER CODE END 5 */
 442:Core/Src/main.c **** }
 443:Core/Src/main.c **** 
 444:Core/Src/main.c **** /**
 445:Core/Src/main.c ****   * @brief  Period elapsed callback in non blocking mode
 446:Core/Src/main.c ****   * @note   This function is called  when TIM1 interrupt took place, inside
 447:Core/Src/main.c ****   * HAL_TIM_IRQHandler(). It makes a direct call to HAL_IncTick() to increment
 448:Core/Src/main.c ****   * a global variable "uwTick" used as application time base.
 449:Core/Src/main.c ****   * @param  htim : TIM handle
 450:Core/Src/main.c ****   * @retval None
 451:Core/Src/main.c ****   */
 452:Core/Src/main.c **** void HAL_TIM_PeriodElapsedCallback(TIM_HandleTypeDef *htim)
 453:Core/Src/main.c **** {
 772              		.loc 1 453 1 view -0
ARM GAS  C:\Users\XieFang\AppData\Local\Temp\ccIWsVOb.s 			page 25


 773              		.cfi_startproc
 774              		@ args = 0, pretend = 0, frame = 0
 775              		@ frame_needed = 0, uses_anonymous_args = 0
 776              		.loc 1 453 1 is_stmt 0 view .LVU220
 777 0000 08B5     		push	{r3, lr}
 778              	.LCFI15:
 779              		.cfi_def_cfa_offset 8
 780              		.cfi_offset 3, -8
 781              		.cfi_offset 14, -4
 454:Core/Src/main.c ****   /* USER CODE BEGIN Callback 0 */
 455:Core/Src/main.c **** 
 456:Core/Src/main.c ****   /* USER CODE END Callback 0 */
 457:Core/Src/main.c ****   if (htim->Instance == TIM1) {
 782              		.loc 1 457 3 is_stmt 1 view .LVU221
 783              		.loc 1 457 11 is_stmt 0 view .LVU222
 784 0002 0268     		ldr	r2, [r0]
 785              		.loc 1 457 6 view .LVU223
 786 0004 034B     		ldr	r3, .L39
 787 0006 9A42     		cmp	r2, r3
 788 0008 00D0     		beq	.L38
 789              	.LVL39:
 790              	.L35:
 458:Core/Src/main.c ****     HAL_IncTick();
 459:Core/Src/main.c ****   }
 460:Core/Src/main.c ****   /* USER CODE BEGIN Callback 1 */
 461:Core/Src/main.c **** 
 462:Core/Src/main.c ****   /* USER CODE END Callback 1 */
 463:Core/Src/main.c **** }
 791              		.loc 1 463 1 view .LVU224
 792 000a 08BD     		pop	{r3, pc}
 793              	.LVL40:
 794              	.L38:
 458:Core/Src/main.c ****     HAL_IncTick();
 795              		.loc 1 458 5 is_stmt 1 view .LVU225
 796 000c FFF7FEFF 		bl	HAL_IncTick
 797              	.LVL41:
 798              		.loc 1 463 1 is_stmt 0 view .LVU226
 799 0010 FBE7     		b	.L35
 800              	.L40:
 801 0012 00BF     		.align	2
 802              	.L39:
 803 0014 002C0140 		.word	1073818624
 804              		.cfi_endproc
 805              	.LFE78:
 807              		.section	.text.Error_Handler,"ax",%progbits
 808              		.align	1
 809              		.global	Error_Handler
 810              		.syntax unified
 811              		.thumb
 812              		.thumb_func
 813              		.fpu softvfp
 815              	Error_Handler:
 816              	.LFB79:
 464:Core/Src/main.c **** 
 465:Core/Src/main.c **** /**
 466:Core/Src/main.c ****   * @brief  This function is executed in case of error occurrence.
 467:Core/Src/main.c ****   * @retval None
ARM GAS  C:\Users\XieFang\AppData\Local\Temp\ccIWsVOb.s 			page 26


 468:Core/Src/main.c ****   */
 469:Core/Src/main.c **** void Error_Handler(void)
 470:Core/Src/main.c **** {
 817              		.loc 1 470 1 is_stmt 1 view -0
 818              		.cfi_startproc
 819              		@ args = 0, pretend = 0, frame = 0
 820              		@ frame_needed = 0, uses_anonymous_args = 0
 821              		@ link register save eliminated.
 471:Core/Src/main.c ****   /* USER CODE BEGIN Error_Handler_Debug */
 472:Core/Src/main.c ****   /* User can add his own implementation to report the HAL error return state */
 473:Core/Src/main.c **** 
 474:Core/Src/main.c ****   /* USER CODE END Error_Handler_Debug */
 475:Core/Src/main.c **** }
 822              		.loc 1 475 1 view .LVU228
 823 0000 7047     		bx	lr
 824              		.cfi_endproc
 825              	.LFE79:
 827              		.global	defaultTask_attributes
 828              		.section	.rodata.str1.4,"aMS",%progbits,1
 829              		.align	2
 830              	.LC0:
 831 0000 64656661 		.ascii	"defaultTask\000"
 831      756C7454 
 831      61736B00 
 832              		.comm	defaultTaskHandle,4,4
 833              		.comm	hdma_usart3_tx,68,4
 834              		.comm	hdma_usart3_rx,68,4
 835              		.comm	hdma_usart2_tx,68,4
 836              		.comm	hdma_usart2_rx,68,4
 837              		.comm	hdma_usart1_tx,68,4
 838              		.comm	hdma_usart1_rx,68,4
 839              		.comm	huart3,64,4
 840              		.comm	huart2,64,4
 841              		.comm	huart1,64,4
 842              		.comm	hcan,40,4
 843              		.global	abc
 844              		.section	.bss.abc,"aw",%nobits
 845              		.align	2
 848              	abc:
 849 0000 00000000 		.space	4
 850              		.section	.rodata.defaultTask_attributes,"a"
 851              		.align	2
 852              		.set	.LANCHOR0,. + 0
 855              	defaultTask_attributes:
 856 0000 00000000 		.word	.LC0
 857 0004 00000000 		.space	16
 857      00000000 
 857      00000000 
 857      00000000 
 858 0014 00020000 		.word	512
 859 0018 18000000 		.word	24
 860 001c 00000000 		.space	8
 860      00000000 
 861              		.text
 862              	.Letext0:
 863              		.file 2 "d:\\zkrj\\gnu arm embedded toolchain\\9 2020-q2-update\\arm-none-eabi\\include\\machine\\
 864              		.file 3 "d:\\zkrj\\gnu arm embedded toolchain\\9 2020-q2-update\\arm-none-eabi\\include\\sys\\_std
ARM GAS  C:\Users\XieFang\AppData\Local\Temp\ccIWsVOb.s 			page 27


 865              		.file 4 "Drivers/CMSIS/Include/core_cm3.h"
 866              		.file 5 "Drivers/CMSIS/Device/ST/STM32F1xx/Include/system_stm32f1xx.h"
 867              		.file 6 "Drivers/CMSIS/Device/ST/STM32F1xx/Include/stm32f103xb.h"
 868              		.file 7 "Drivers/CMSIS/Device/ST/STM32F1xx/Include/stm32f1xx.h"
 869              		.file 8 "Drivers/STM32F1xx_HAL_Driver/Inc/stm32f1xx_hal_def.h"
 870              		.file 9 "Drivers/STM32F1xx_HAL_Driver/Inc/stm32f1xx_hal_rcc.h"
 871              		.file 10 "Drivers/STM32F1xx_HAL_Driver/Inc/stm32f1xx_hal_rcc_ex.h"
 872              		.file 11 "Drivers/STM32F1xx_HAL_Driver/Inc/stm32f1xx_hal_gpio.h"
 873              		.file 12 "Drivers/STM32F1xx_HAL_Driver/Inc/stm32f1xx_hal_dma.h"
 874              		.file 13 "Drivers/STM32F1xx_HAL_Driver/Inc/stm32f1xx_hal_can.h"
 875              		.file 14 "Drivers/STM32F1xx_HAL_Driver/Inc/stm32f1xx_hal_tim.h"
 876              		.file 15 "Drivers/STM32F1xx_HAL_Driver/Inc/stm32f1xx_hal_uart.h"
 877              		.file 16 "Drivers/STM32F1xx_HAL_Driver/Inc/stm32f1xx_hal.h"
 878              		.file 17 "Middlewares/Third_Party/FreeRTOS/Source/CMSIS_RTOS_V2/cmsis_os2.h"
 879              		.file 18 "Drivers/STM32F1xx_HAL_Driver/Inc/stm32f1xx_hal_cortex.h"
ARM GAS  C:\Users\XieFang\AppData\Local\Temp\ccIWsVOb.s 			page 28


DEFINED SYMBOLS
                            *ABS*:00000000 main.c
C:\Users\XieFang\AppData\Local\Temp\ccIWsVOb.s:16     .text.MX_GPIO_Init:00000000 $t
C:\Users\XieFang\AppData\Local\Temp\ccIWsVOb.s:23     .text.MX_GPIO_Init:00000000 MX_GPIO_Init
C:\Users\XieFang\AppData\Local\Temp\ccIWsVOb.s:180    .text.MX_GPIO_Init:000000b4 $d
C:\Users\XieFang\AppData\Local\Temp\ccIWsVOb.s:188    .text.MX_DMA_Init:00000000 $t
C:\Users\XieFang\AppData\Local\Temp\ccIWsVOb.s:194    .text.MX_DMA_Init:00000000 MX_DMA_Init
C:\Users\XieFang\AppData\Local\Temp\ccIWsVOb.s:292    .text.MX_DMA_Init:00000080 $d
C:\Users\XieFang\AppData\Local\Temp\ccIWsVOb.s:297    .text.MX_USART1_UART_Init:00000000 $t
C:\Users\XieFang\AppData\Local\Temp\ccIWsVOb.s:303    .text.MX_USART1_UART_Init:00000000 MX_USART1_UART_Init
C:\Users\XieFang\AppData\Local\Temp\ccIWsVOb.s:352    .text.MX_USART1_UART_Init:00000024 $d
                            *COM*:00000040 huart1
C:\Users\XieFang\AppData\Local\Temp\ccIWsVOb.s:358    .text.MX_USART2_UART_Init:00000000 $t
C:\Users\XieFang\AppData\Local\Temp\ccIWsVOb.s:364    .text.MX_USART2_UART_Init:00000000 MX_USART2_UART_Init
C:\Users\XieFang\AppData\Local\Temp\ccIWsVOb.s:413    .text.MX_USART2_UART_Init:00000024 $d
                            *COM*:00000040 huart2
C:\Users\XieFang\AppData\Local\Temp\ccIWsVOb.s:419    .text.MX_USART3_UART_Init:00000000 $t
C:\Users\XieFang\AppData\Local\Temp\ccIWsVOb.s:425    .text.MX_USART3_UART_Init:00000000 MX_USART3_UART_Init
C:\Users\XieFang\AppData\Local\Temp\ccIWsVOb.s:474    .text.MX_USART3_UART_Init:00000024 $d
                            *COM*:00000040 huart3
C:\Users\XieFang\AppData\Local\Temp\ccIWsVOb.s:480    .text.MX_CAN_Init:00000000 $t
C:\Users\XieFang\AppData\Local\Temp\ccIWsVOb.s:486    .text.MX_CAN_Init:00000000 MX_CAN_Init
C:\Users\XieFang\AppData\Local\Temp\ccIWsVOb.s:546    .text.MX_CAN_Init:00000028 $d
                            *COM*:00000028 hcan
C:\Users\XieFang\AppData\Local\Temp\ccIWsVOb.s:552    .text.StartDefaultTask:00000000 $t
C:\Users\XieFang\AppData\Local\Temp\ccIWsVOb.s:559    .text.StartDefaultTask:00000000 StartDefaultTask
C:\Users\XieFang\AppData\Local\Temp\ccIWsVOb.s:586    .text.SystemClock_Config:00000000 $t
C:\Users\XieFang\AppData\Local\Temp\ccIWsVOb.s:593    .text.SystemClock_Config:00000000 SystemClock_Config
C:\Users\XieFang\AppData\Local\Temp\ccIWsVOb.s:684    .text.main:00000000 $t
C:\Users\XieFang\AppData\Local\Temp\ccIWsVOb.s:691    .text.main:00000000 main
C:\Users\XieFang\AppData\Local\Temp\ccIWsVOb.s:755    .text.main:00000040 $d
                            *COM*:00000004 defaultTaskHandle
C:\Users\XieFang\AppData\Local\Temp\ccIWsVOb.s:762    .text.HAL_TIM_PeriodElapsedCallback:00000000 $t
C:\Users\XieFang\AppData\Local\Temp\ccIWsVOb.s:769    .text.HAL_TIM_PeriodElapsedCallback:00000000 HAL_TIM_PeriodElapsedCallback
C:\Users\XieFang\AppData\Local\Temp\ccIWsVOb.s:803    .text.HAL_TIM_PeriodElapsedCallback:00000014 $d
C:\Users\XieFang\AppData\Local\Temp\ccIWsVOb.s:808    .text.Error_Handler:00000000 $t
C:\Users\XieFang\AppData\Local\Temp\ccIWsVOb.s:815    .text.Error_Handler:00000000 Error_Handler
C:\Users\XieFang\AppData\Local\Temp\ccIWsVOb.s:855    .rodata.defaultTask_attributes:00000000 defaultTask_attributes
C:\Users\XieFang\AppData\Local\Temp\ccIWsVOb.s:829    .rodata.str1.4:00000000 $d
                            *COM*:00000044 hdma_usart3_tx
                            *COM*:00000044 hdma_usart3_rx
                            *COM*:00000044 hdma_usart2_tx
                            *COM*:00000044 hdma_usart2_rx
                            *COM*:00000044 hdma_usart1_tx
                            *COM*:00000044 hdma_usart1_rx
C:\Users\XieFang\AppData\Local\Temp\ccIWsVOb.s:848    .bss.abc:00000000 abc
C:\Users\XieFang\AppData\Local\Temp\ccIWsVOb.s:845    .bss.abc:00000000 $d
C:\Users\XieFang\AppData\Local\Temp\ccIWsVOb.s:851    .rodata.defaultTask_attributes:00000000 $d

UNDEFINED SYMBOLS
HAL_GPIO_WritePin
HAL_GPIO_Init
HAL_NVIC_SetPriority
HAL_NVIC_EnableIRQ
HAL_UART_Init
HAL_CAN_Init
osDelay
ARM GAS  C:\Users\XieFang\AppData\Local\Temp\ccIWsVOb.s 			page 29


HAL_RCC_OscConfig
HAL_RCC_ClockConfig
HAL_Init
osKernelInitialize
osThreadNew
defaultTaskStart
osKernelStart
HAL_IncTick
