ARM GAS  C:\Users\XieFang\AppData\Local\Temp\cc6MLeiT.s 			page 1


   1              		.cpu cortex-m3
   2              		.eabi_attribute 20, 1
   3              		.eabi_attribute 21, 1
   4              		.eabi_attribute 23, 3
   5              		.eabi_attribute 24, 1
   6              		.eabi_attribute 25, 1
   7              		.eabi_attribute 26, 1
   8              		.eabi_attribute 30, 1
   9              		.eabi_attribute 34, 1
  10              		.eabi_attribute 18, 4
  11              		.file	"stm32f1xx_it.c"
  12              		.text
  13              	.Ltext0:
  14              		.cfi_sections	.debug_frame
  15              		.section	.text.NMI_Handler,"ax",%progbits
  16              		.align	1
  17              		.global	NMI_Handler
  18              		.arch armv7-m
  19              		.syntax unified
  20              		.thumb
  21              		.thumb_func
  22              		.fpu softvfp
  24              	NMI_Handler:
  25              	.LFB65:
  26              		.file 1 "Core/Src/stm32f1xx_it.c"
   1:Core/Src/stm32f1xx_it.c **** /* USER CODE BEGIN Header */
   2:Core/Src/stm32f1xx_it.c **** /**
   3:Core/Src/stm32f1xx_it.c ****   ******************************************************************************
   4:Core/Src/stm32f1xx_it.c ****   * @file    stm32f1xx_it.c
   5:Core/Src/stm32f1xx_it.c ****   * @brief   Interrupt Service Routines.
   6:Core/Src/stm32f1xx_it.c ****   ******************************************************************************
   7:Core/Src/stm32f1xx_it.c ****   * @attention
   8:Core/Src/stm32f1xx_it.c ****   *
   9:Core/Src/stm32f1xx_it.c ****   * <h2><center>&copy; Copyright (c) 2020 STMicroelectronics.
  10:Core/Src/stm32f1xx_it.c ****   * All rights reserved.</center></h2>
  11:Core/Src/stm32f1xx_it.c ****   *
  12:Core/Src/stm32f1xx_it.c ****   * This software component is licensed by ST under Ultimate Liberty license
  13:Core/Src/stm32f1xx_it.c ****   * SLA0044, the "License"; You may not use this file except in compliance with
  14:Core/Src/stm32f1xx_it.c ****   * the License. You may obtain a copy of the License at:
  15:Core/Src/stm32f1xx_it.c ****   *                             www.st.com/SLA0044
  16:Core/Src/stm32f1xx_it.c ****   *
  17:Core/Src/stm32f1xx_it.c ****   ******************************************************************************
  18:Core/Src/stm32f1xx_it.c ****   */
  19:Core/Src/stm32f1xx_it.c **** /* USER CODE END Header */
  20:Core/Src/stm32f1xx_it.c **** 
  21:Core/Src/stm32f1xx_it.c **** /* Includes ------------------------------------------------------------------*/
  22:Core/Src/stm32f1xx_it.c **** #include "main.h"
  23:Core/Src/stm32f1xx_it.c **** #include "stm32f1xx_it.h"
  24:Core/Src/stm32f1xx_it.c **** /* Private includes ----------------------------------------------------------*/
  25:Core/Src/stm32f1xx_it.c **** /* USER CODE BEGIN Includes */
  26:Core/Src/stm32f1xx_it.c **** /* USER CODE END Includes */
  27:Core/Src/stm32f1xx_it.c **** 
  28:Core/Src/stm32f1xx_it.c **** /* Private typedef -----------------------------------------------------------*/
  29:Core/Src/stm32f1xx_it.c **** /* USER CODE BEGIN TD */
  30:Core/Src/stm32f1xx_it.c **** 
  31:Core/Src/stm32f1xx_it.c **** /* USER CODE END TD */
  32:Core/Src/stm32f1xx_it.c **** 
ARM GAS  C:\Users\XieFang\AppData\Local\Temp\cc6MLeiT.s 			page 2


  33:Core/Src/stm32f1xx_it.c **** /* Private define ------------------------------------------------------------*/
  34:Core/Src/stm32f1xx_it.c **** /* USER CODE BEGIN PD */
  35:Core/Src/stm32f1xx_it.c **** 
  36:Core/Src/stm32f1xx_it.c **** /* USER CODE END PD */
  37:Core/Src/stm32f1xx_it.c **** 
  38:Core/Src/stm32f1xx_it.c **** /* Private macro -------------------------------------------------------------*/
  39:Core/Src/stm32f1xx_it.c **** /* USER CODE BEGIN PM */
  40:Core/Src/stm32f1xx_it.c **** 
  41:Core/Src/stm32f1xx_it.c **** /* USER CODE END PM */
  42:Core/Src/stm32f1xx_it.c **** 
  43:Core/Src/stm32f1xx_it.c **** /* Private variables ---------------------------------------------------------*/
  44:Core/Src/stm32f1xx_it.c **** /* USER CODE BEGIN PV */
  45:Core/Src/stm32f1xx_it.c **** 
  46:Core/Src/stm32f1xx_it.c **** /* USER CODE END PV */
  47:Core/Src/stm32f1xx_it.c **** 
  48:Core/Src/stm32f1xx_it.c **** /* Private function prototypes -----------------------------------------------*/
  49:Core/Src/stm32f1xx_it.c **** /* USER CODE BEGIN PFP */
  50:Core/Src/stm32f1xx_it.c **** 
  51:Core/Src/stm32f1xx_it.c **** /* USER CODE END PFP */
  52:Core/Src/stm32f1xx_it.c **** 
  53:Core/Src/stm32f1xx_it.c **** /* Private user code ---------------------------------------------------------*/
  54:Core/Src/stm32f1xx_it.c **** /* USER CODE BEGIN 0 */
  55:Core/Src/stm32f1xx_it.c **** 
  56:Core/Src/stm32f1xx_it.c **** /* USER CODE END 0 */
  57:Core/Src/stm32f1xx_it.c **** 
  58:Core/Src/stm32f1xx_it.c **** /* External variables --------------------------------------------------------*/
  59:Core/Src/stm32f1xx_it.c **** extern CAN_HandleTypeDef hcan;
  60:Core/Src/stm32f1xx_it.c **** extern DMA_HandleTypeDef hdma_usart1_rx;
  61:Core/Src/stm32f1xx_it.c **** extern DMA_HandleTypeDef hdma_usart1_tx;
  62:Core/Src/stm32f1xx_it.c **** extern DMA_HandleTypeDef hdma_usart2_rx;
  63:Core/Src/stm32f1xx_it.c **** extern DMA_HandleTypeDef hdma_usart2_tx;
  64:Core/Src/stm32f1xx_it.c **** extern DMA_HandleTypeDef hdma_usart3_rx;
  65:Core/Src/stm32f1xx_it.c **** extern DMA_HandleTypeDef hdma_usart3_tx;
  66:Core/Src/stm32f1xx_it.c **** extern UART_HandleTypeDef huart1;
  67:Core/Src/stm32f1xx_it.c **** extern UART_HandleTypeDef huart2;
  68:Core/Src/stm32f1xx_it.c **** extern UART_HandleTypeDef huart3;
  69:Core/Src/stm32f1xx_it.c **** extern TIM_HandleTypeDef htim1;
  70:Core/Src/stm32f1xx_it.c **** 
  71:Core/Src/stm32f1xx_it.c **** /* USER CODE BEGIN EV */
  72:Core/Src/stm32f1xx_it.c **** 
  73:Core/Src/stm32f1xx_it.c **** /* USER CODE END EV */
  74:Core/Src/stm32f1xx_it.c **** 
  75:Core/Src/stm32f1xx_it.c **** /******************************************************************************/
  76:Core/Src/stm32f1xx_it.c **** /*           Cortex-M3 Processor Interruption and Exception Handlers          */
  77:Core/Src/stm32f1xx_it.c **** /******************************************************************************/
  78:Core/Src/stm32f1xx_it.c **** /**
  79:Core/Src/stm32f1xx_it.c ****   * @brief This function handles Non maskable interrupt.
  80:Core/Src/stm32f1xx_it.c ****   */
  81:Core/Src/stm32f1xx_it.c **** void NMI_Handler(void)
  82:Core/Src/stm32f1xx_it.c **** {
  27              		.loc 1 82 1 view -0
  28              		.cfi_startproc
  29              		@ args = 0, pretend = 0, frame = 0
  30              		@ frame_needed = 0, uses_anonymous_args = 0
  31              		@ link register save eliminated.
  83:Core/Src/stm32f1xx_it.c ****   /* USER CODE BEGIN NonMaskableInt_IRQn 0 */
  84:Core/Src/stm32f1xx_it.c **** 
ARM GAS  C:\Users\XieFang\AppData\Local\Temp\cc6MLeiT.s 			page 3


  85:Core/Src/stm32f1xx_it.c ****   /* USER CODE END NonMaskableInt_IRQn 0 */
  86:Core/Src/stm32f1xx_it.c ****   /* USER CODE BEGIN NonMaskableInt_IRQn 1 */
  87:Core/Src/stm32f1xx_it.c **** 
  88:Core/Src/stm32f1xx_it.c ****   /* USER CODE END NonMaskableInt_IRQn 1 */
  89:Core/Src/stm32f1xx_it.c **** }
  32              		.loc 1 89 1 view .LVU1
  33 0000 7047     		bx	lr
  34              		.cfi_endproc
  35              	.LFE65:
  37              		.section	.text.HardFault_Handler,"ax",%progbits
  38              		.align	1
  39              		.global	HardFault_Handler
  40              		.syntax unified
  41              		.thumb
  42              		.thumb_func
  43              		.fpu softvfp
  45              	HardFault_Handler:
  46              	.LFB66:
  90:Core/Src/stm32f1xx_it.c **** 
  91:Core/Src/stm32f1xx_it.c **** /**
  92:Core/Src/stm32f1xx_it.c ****   * @brief This function handles Hard fault interrupt.
  93:Core/Src/stm32f1xx_it.c ****   */
  94:Core/Src/stm32f1xx_it.c **** void HardFault_Handler(void)
  95:Core/Src/stm32f1xx_it.c **** {
  47              		.loc 1 95 1 view -0
  48              		.cfi_startproc
  49              		@ Volatile: function does not return.
  50              		@ args = 0, pretend = 0, frame = 0
  51              		@ frame_needed = 0, uses_anonymous_args = 0
  52              		@ link register save eliminated.
  53              	.L3:
  96:Core/Src/stm32f1xx_it.c ****   /* USER CODE BEGIN HardFault_IRQn 0 */
  97:Core/Src/stm32f1xx_it.c **** 
  98:Core/Src/stm32f1xx_it.c ****   /* USER CODE END HardFault_IRQn 0 */
  99:Core/Src/stm32f1xx_it.c ****   while (1)
  54              		.loc 1 99 3 discriminator 1 view .LVU3
 100:Core/Src/stm32f1xx_it.c ****   {
 101:Core/Src/stm32f1xx_it.c ****     /* USER CODE BEGIN W1_HardFault_IRQn 0 */
 102:Core/Src/stm32f1xx_it.c ****     /* USER CODE END W1_HardFault_IRQn 0 */
 103:Core/Src/stm32f1xx_it.c ****   }
  55              		.loc 1 103 3 discriminator 1 view .LVU4
  99:Core/Src/stm32f1xx_it.c ****   {
  56              		.loc 1 99 9 discriminator 1 view .LVU5
  57 0000 FEE7     		b	.L3
  58              		.cfi_endproc
  59              	.LFE66:
  61              		.section	.text.MemManage_Handler,"ax",%progbits
  62              		.align	1
  63              		.global	MemManage_Handler
  64              		.syntax unified
  65              		.thumb
  66              		.thumb_func
  67              		.fpu softvfp
  69              	MemManage_Handler:
  70              	.LFB67:
 104:Core/Src/stm32f1xx_it.c **** }
 105:Core/Src/stm32f1xx_it.c **** 
ARM GAS  C:\Users\XieFang\AppData\Local\Temp\cc6MLeiT.s 			page 4


 106:Core/Src/stm32f1xx_it.c **** /**
 107:Core/Src/stm32f1xx_it.c ****   * @brief This function handles Memory management fault.
 108:Core/Src/stm32f1xx_it.c ****   */
 109:Core/Src/stm32f1xx_it.c **** void MemManage_Handler(void)
 110:Core/Src/stm32f1xx_it.c **** {
  71              		.loc 1 110 1 view -0
  72              		.cfi_startproc
  73              		@ Volatile: function does not return.
  74              		@ args = 0, pretend = 0, frame = 0
  75              		@ frame_needed = 0, uses_anonymous_args = 0
  76              		@ link register save eliminated.
  77              	.L5:
 111:Core/Src/stm32f1xx_it.c ****   /* USER CODE BEGIN MemoryManagement_IRQn 0 */
 112:Core/Src/stm32f1xx_it.c **** 
 113:Core/Src/stm32f1xx_it.c ****   /* USER CODE END MemoryManagement_IRQn 0 */
 114:Core/Src/stm32f1xx_it.c ****   while (1)
  78              		.loc 1 114 3 discriminator 1 view .LVU7
 115:Core/Src/stm32f1xx_it.c ****   {
 116:Core/Src/stm32f1xx_it.c ****     /* USER CODE BEGIN W1_MemoryManagement_IRQn 0 */
 117:Core/Src/stm32f1xx_it.c ****     /* USER CODE END W1_MemoryManagement_IRQn 0 */
 118:Core/Src/stm32f1xx_it.c ****   }
  79              		.loc 1 118 3 discriminator 1 view .LVU8
 114:Core/Src/stm32f1xx_it.c ****   {
  80              		.loc 1 114 9 discriminator 1 view .LVU9
  81 0000 FEE7     		b	.L5
  82              		.cfi_endproc
  83              	.LFE67:
  85              		.section	.text.BusFault_Handler,"ax",%progbits
  86              		.align	1
  87              		.global	BusFault_Handler
  88              		.syntax unified
  89              		.thumb
  90              		.thumb_func
  91              		.fpu softvfp
  93              	BusFault_Handler:
  94              	.LFB68:
 119:Core/Src/stm32f1xx_it.c **** }
 120:Core/Src/stm32f1xx_it.c **** 
 121:Core/Src/stm32f1xx_it.c **** /**
 122:Core/Src/stm32f1xx_it.c ****   * @brief This function handles Prefetch fault, memory access fault.
 123:Core/Src/stm32f1xx_it.c ****   */
 124:Core/Src/stm32f1xx_it.c **** void BusFault_Handler(void)
 125:Core/Src/stm32f1xx_it.c **** {
  95              		.loc 1 125 1 view -0
  96              		.cfi_startproc
  97              		@ Volatile: function does not return.
  98              		@ args = 0, pretend = 0, frame = 0
  99              		@ frame_needed = 0, uses_anonymous_args = 0
 100              		@ link register save eliminated.
 101              	.L7:
 126:Core/Src/stm32f1xx_it.c ****   /* USER CODE BEGIN BusFault_IRQn 0 */
 127:Core/Src/stm32f1xx_it.c **** 
 128:Core/Src/stm32f1xx_it.c ****   /* USER CODE END BusFault_IRQn 0 */
 129:Core/Src/stm32f1xx_it.c ****   while (1)
 102              		.loc 1 129 3 discriminator 1 view .LVU11
 130:Core/Src/stm32f1xx_it.c ****   {
 131:Core/Src/stm32f1xx_it.c ****     /* USER CODE BEGIN W1_BusFault_IRQn 0 */
ARM GAS  C:\Users\XieFang\AppData\Local\Temp\cc6MLeiT.s 			page 5


 132:Core/Src/stm32f1xx_it.c ****     /* USER CODE END W1_BusFault_IRQn 0 */
 133:Core/Src/stm32f1xx_it.c ****   }
 103              		.loc 1 133 3 discriminator 1 view .LVU12
 129:Core/Src/stm32f1xx_it.c ****   {
 104              		.loc 1 129 9 discriminator 1 view .LVU13
 105 0000 FEE7     		b	.L7
 106              		.cfi_endproc
 107              	.LFE68:
 109              		.section	.text.UsageFault_Handler,"ax",%progbits
 110              		.align	1
 111              		.global	UsageFault_Handler
 112              		.syntax unified
 113              		.thumb
 114              		.thumb_func
 115              		.fpu softvfp
 117              	UsageFault_Handler:
 118              	.LFB69:
 134:Core/Src/stm32f1xx_it.c **** }
 135:Core/Src/stm32f1xx_it.c **** 
 136:Core/Src/stm32f1xx_it.c **** /**
 137:Core/Src/stm32f1xx_it.c ****   * @brief This function handles Undefined instruction or illegal state.
 138:Core/Src/stm32f1xx_it.c ****   */
 139:Core/Src/stm32f1xx_it.c **** void UsageFault_Handler(void)
 140:Core/Src/stm32f1xx_it.c **** {
 119              		.loc 1 140 1 view -0
 120              		.cfi_startproc
 121              		@ Volatile: function does not return.
 122              		@ args = 0, pretend = 0, frame = 0
 123              		@ frame_needed = 0, uses_anonymous_args = 0
 124              		@ link register save eliminated.
 125              	.L9:
 141:Core/Src/stm32f1xx_it.c ****   /* USER CODE BEGIN UsageFault_IRQn 0 */
 142:Core/Src/stm32f1xx_it.c **** 
 143:Core/Src/stm32f1xx_it.c ****   /* USER CODE END UsageFault_IRQn 0 */
 144:Core/Src/stm32f1xx_it.c ****   while (1)
 126              		.loc 1 144 3 discriminator 1 view .LVU15
 145:Core/Src/stm32f1xx_it.c ****   {
 146:Core/Src/stm32f1xx_it.c ****     /* USER CODE BEGIN W1_UsageFault_IRQn 0 */
 147:Core/Src/stm32f1xx_it.c ****     /* USER CODE END W1_UsageFault_IRQn 0 */
 148:Core/Src/stm32f1xx_it.c ****   }
 127              		.loc 1 148 3 discriminator 1 view .LVU16
 144:Core/Src/stm32f1xx_it.c ****   {
 128              		.loc 1 144 9 discriminator 1 view .LVU17
 129 0000 FEE7     		b	.L9
 130              		.cfi_endproc
 131              	.LFE69:
 133              		.section	.text.DebugMon_Handler,"ax",%progbits
 134              		.align	1
 135              		.global	DebugMon_Handler
 136              		.syntax unified
 137              		.thumb
 138              		.thumb_func
 139              		.fpu softvfp
 141              	DebugMon_Handler:
 142              	.LFB70:
 149:Core/Src/stm32f1xx_it.c **** }
 150:Core/Src/stm32f1xx_it.c **** 
ARM GAS  C:\Users\XieFang\AppData\Local\Temp\cc6MLeiT.s 			page 6


 151:Core/Src/stm32f1xx_it.c **** /**
 152:Core/Src/stm32f1xx_it.c ****   * @brief This function handles Debug monitor.
 153:Core/Src/stm32f1xx_it.c ****   */
 154:Core/Src/stm32f1xx_it.c **** void DebugMon_Handler(void)
 155:Core/Src/stm32f1xx_it.c **** {
 143              		.loc 1 155 1 view -0
 144              		.cfi_startproc
 145              		@ args = 0, pretend = 0, frame = 0
 146              		@ frame_needed = 0, uses_anonymous_args = 0
 147              		@ link register save eliminated.
 156:Core/Src/stm32f1xx_it.c ****   /* USER CODE BEGIN DebugMonitor_IRQn 0 */
 157:Core/Src/stm32f1xx_it.c **** 
 158:Core/Src/stm32f1xx_it.c ****   /* USER CODE END DebugMonitor_IRQn 0 */
 159:Core/Src/stm32f1xx_it.c ****   /* USER CODE BEGIN DebugMonitor_IRQn 1 */
 160:Core/Src/stm32f1xx_it.c **** 
 161:Core/Src/stm32f1xx_it.c ****   /* USER CODE END DebugMonitor_IRQn 1 */
 162:Core/Src/stm32f1xx_it.c **** }
 148              		.loc 1 162 1 view .LVU19
 149 0000 7047     		bx	lr
 150              		.cfi_endproc
 151              	.LFE70:
 153              		.section	.text.DMA1_Channel2_IRQHandler,"ax",%progbits
 154              		.align	1
 155              		.global	DMA1_Channel2_IRQHandler
 156              		.syntax unified
 157              		.thumb
 158              		.thumb_func
 159              		.fpu softvfp
 161              	DMA1_Channel2_IRQHandler:
 162              	.LFB71:
 163:Core/Src/stm32f1xx_it.c **** 
 164:Core/Src/stm32f1xx_it.c **** /******************************************************************************/
 165:Core/Src/stm32f1xx_it.c **** /* STM32F1xx Peripheral Interrupt Handlers                                    */
 166:Core/Src/stm32f1xx_it.c **** /* Add here the Interrupt Handlers for the used peripherals.                  */
 167:Core/Src/stm32f1xx_it.c **** /* For the available peripheral interrupt handler names,                      */
 168:Core/Src/stm32f1xx_it.c **** /* please refer to the startup file (startup_stm32f1xx.s).                    */
 169:Core/Src/stm32f1xx_it.c **** /******************************************************************************/
 170:Core/Src/stm32f1xx_it.c **** 
 171:Core/Src/stm32f1xx_it.c **** /**
 172:Core/Src/stm32f1xx_it.c ****   * @brief This function handles DMA1 channel2 global interrupt.
 173:Core/Src/stm32f1xx_it.c ****   */
 174:Core/Src/stm32f1xx_it.c **** void DMA1_Channel2_IRQHandler(void)
 175:Core/Src/stm32f1xx_it.c **** {
 163              		.loc 1 175 1 view -0
 164              		.cfi_startproc
 165              		@ args = 0, pretend = 0, frame = 0
 166              		@ frame_needed = 0, uses_anonymous_args = 0
 167 0000 08B5     		push	{r3, lr}
 168              	.LCFI0:
 169              		.cfi_def_cfa_offset 8
 170              		.cfi_offset 3, -8
 171              		.cfi_offset 14, -4
 176:Core/Src/stm32f1xx_it.c ****   /* USER CODE BEGIN DMA1_Channel2_IRQn 0 */
 177:Core/Src/stm32f1xx_it.c **** 
 178:Core/Src/stm32f1xx_it.c ****   /* USER CODE END DMA1_Channel2_IRQn 0 */
 179:Core/Src/stm32f1xx_it.c ****   HAL_DMA_IRQHandler(&hdma_usart3_tx);
 172              		.loc 1 179 3 view .LVU21
ARM GAS  C:\Users\XieFang\AppData\Local\Temp\cc6MLeiT.s 			page 7


 173 0002 0248     		ldr	r0, .L13
 174 0004 FFF7FEFF 		bl	HAL_DMA_IRQHandler
 175              	.LVL0:
 180:Core/Src/stm32f1xx_it.c ****   /* USER CODE BEGIN DMA1_Channel2_IRQn 1 */
 181:Core/Src/stm32f1xx_it.c **** 
 182:Core/Src/stm32f1xx_it.c ****   /* USER CODE END DMA1_Channel2_IRQn 1 */
 183:Core/Src/stm32f1xx_it.c **** }
 176              		.loc 1 183 1 is_stmt 0 view .LVU22
 177 0008 08BD     		pop	{r3, pc}
 178              	.L14:
 179 000a 00BF     		.align	2
 180              	.L13:
 181 000c 00000000 		.word	hdma_usart3_tx
 182              		.cfi_endproc
 183              	.LFE71:
 185              		.section	.text.DMA1_Channel3_IRQHandler,"ax",%progbits
 186              		.align	1
 187              		.global	DMA1_Channel3_IRQHandler
 188              		.syntax unified
 189              		.thumb
 190              		.thumb_func
 191              		.fpu softvfp
 193              	DMA1_Channel3_IRQHandler:
 194              	.LFB72:
 184:Core/Src/stm32f1xx_it.c **** 
 185:Core/Src/stm32f1xx_it.c **** /**
 186:Core/Src/stm32f1xx_it.c ****   * @brief This function handles DMA1 channel3 global interrupt.
 187:Core/Src/stm32f1xx_it.c ****   */
 188:Core/Src/stm32f1xx_it.c **** void DMA1_Channel3_IRQHandler(void)
 189:Core/Src/stm32f1xx_it.c **** {
 195              		.loc 1 189 1 is_stmt 1 view -0
 196              		.cfi_startproc
 197              		@ args = 0, pretend = 0, frame = 0
 198              		@ frame_needed = 0, uses_anonymous_args = 0
 199 0000 08B5     		push	{r3, lr}
 200              	.LCFI1:
 201              		.cfi_def_cfa_offset 8
 202              		.cfi_offset 3, -8
 203              		.cfi_offset 14, -4
 190:Core/Src/stm32f1xx_it.c ****   /* USER CODE BEGIN DMA1_Channel3_IRQn 0 */
 191:Core/Src/stm32f1xx_it.c **** 
 192:Core/Src/stm32f1xx_it.c ****   /* USER CODE END DMA1_Channel3_IRQn 0 */
 193:Core/Src/stm32f1xx_it.c ****   HAL_DMA_IRQHandler(&hdma_usart3_rx);
 204              		.loc 1 193 3 view .LVU24
 205 0002 0248     		ldr	r0, .L17
 206 0004 FFF7FEFF 		bl	HAL_DMA_IRQHandler
 207              	.LVL1:
 194:Core/Src/stm32f1xx_it.c ****   /* USER CODE BEGIN DMA1_Channel3_IRQn 1 */
 195:Core/Src/stm32f1xx_it.c **** 
 196:Core/Src/stm32f1xx_it.c ****   /* USER CODE END DMA1_Channel3_IRQn 1 */
 197:Core/Src/stm32f1xx_it.c **** }
 208              		.loc 1 197 1 is_stmt 0 view .LVU25
 209 0008 08BD     		pop	{r3, pc}
 210              	.L18:
 211 000a 00BF     		.align	2
 212              	.L17:
 213 000c 00000000 		.word	hdma_usart3_rx
ARM GAS  C:\Users\XieFang\AppData\Local\Temp\cc6MLeiT.s 			page 8


 214              		.cfi_endproc
 215              	.LFE72:
 217              		.section	.text.DMA1_Channel4_IRQHandler,"ax",%progbits
 218              		.align	1
 219              		.global	DMA1_Channel4_IRQHandler
 220              		.syntax unified
 221              		.thumb
 222              		.thumb_func
 223              		.fpu softvfp
 225              	DMA1_Channel4_IRQHandler:
 226              	.LFB73:
 198:Core/Src/stm32f1xx_it.c **** 
 199:Core/Src/stm32f1xx_it.c **** /**
 200:Core/Src/stm32f1xx_it.c ****   * @brief This function handles DMA1 channel4 global interrupt.
 201:Core/Src/stm32f1xx_it.c ****   */
 202:Core/Src/stm32f1xx_it.c **** void DMA1_Channel4_IRQHandler(void)
 203:Core/Src/stm32f1xx_it.c **** {
 227              		.loc 1 203 1 is_stmt 1 view -0
 228              		.cfi_startproc
 229              		@ args = 0, pretend = 0, frame = 0
 230              		@ frame_needed = 0, uses_anonymous_args = 0
 231 0000 08B5     		push	{r3, lr}
 232              	.LCFI2:
 233              		.cfi_def_cfa_offset 8
 234              		.cfi_offset 3, -8
 235              		.cfi_offset 14, -4
 204:Core/Src/stm32f1xx_it.c ****   /* USER CODE BEGIN DMA1_Channel4_IRQn 0 */
 205:Core/Src/stm32f1xx_it.c **** 
 206:Core/Src/stm32f1xx_it.c ****   /* USER CODE END DMA1_Channel4_IRQn 0 */
 207:Core/Src/stm32f1xx_it.c ****   HAL_DMA_IRQHandler(&hdma_usart1_tx);
 236              		.loc 1 207 3 view .LVU27
 237 0002 0248     		ldr	r0, .L21
 238 0004 FFF7FEFF 		bl	HAL_DMA_IRQHandler
 239              	.LVL2:
 208:Core/Src/stm32f1xx_it.c ****   /* USER CODE BEGIN DMA1_Channel4_IRQn 1 */
 209:Core/Src/stm32f1xx_it.c **** 
 210:Core/Src/stm32f1xx_it.c ****   /* USER CODE END DMA1_Channel4_IRQn 1 */
 211:Core/Src/stm32f1xx_it.c **** }
 240              		.loc 1 211 1 is_stmt 0 view .LVU28
 241 0008 08BD     		pop	{r3, pc}
 242              	.L22:
 243 000a 00BF     		.align	2
 244              	.L21:
 245 000c 00000000 		.word	hdma_usart1_tx
 246              		.cfi_endproc
 247              	.LFE73:
 249              		.section	.text.DMA1_Channel5_IRQHandler,"ax",%progbits
 250              		.align	1
 251              		.global	DMA1_Channel5_IRQHandler
 252              		.syntax unified
 253              		.thumb
 254              		.thumb_func
 255              		.fpu softvfp
 257              	DMA1_Channel5_IRQHandler:
 258              	.LFB74:
 212:Core/Src/stm32f1xx_it.c **** 
 213:Core/Src/stm32f1xx_it.c **** /**
ARM GAS  C:\Users\XieFang\AppData\Local\Temp\cc6MLeiT.s 			page 9


 214:Core/Src/stm32f1xx_it.c ****   * @brief This function handles DMA1 channel5 global interrupt.
 215:Core/Src/stm32f1xx_it.c ****   */
 216:Core/Src/stm32f1xx_it.c **** void DMA1_Channel5_IRQHandler(void)
 217:Core/Src/stm32f1xx_it.c **** {
 259              		.loc 1 217 1 is_stmt 1 view -0
 260              		.cfi_startproc
 261              		@ args = 0, pretend = 0, frame = 0
 262              		@ frame_needed = 0, uses_anonymous_args = 0
 263 0000 08B5     		push	{r3, lr}
 264              	.LCFI3:
 265              		.cfi_def_cfa_offset 8
 266              		.cfi_offset 3, -8
 267              		.cfi_offset 14, -4
 218:Core/Src/stm32f1xx_it.c ****   /* USER CODE BEGIN DMA1_Channel5_IRQn 0 */
 219:Core/Src/stm32f1xx_it.c **** 
 220:Core/Src/stm32f1xx_it.c ****   /* USER CODE END DMA1_Channel5_IRQn 0 */
 221:Core/Src/stm32f1xx_it.c ****   HAL_DMA_IRQHandler(&hdma_usart1_rx);
 268              		.loc 1 221 3 view .LVU30
 269 0002 0248     		ldr	r0, .L25
 270 0004 FFF7FEFF 		bl	HAL_DMA_IRQHandler
 271              	.LVL3:
 222:Core/Src/stm32f1xx_it.c ****   /* USER CODE BEGIN DMA1_Channel5_IRQn 1 */
 223:Core/Src/stm32f1xx_it.c **** 
 224:Core/Src/stm32f1xx_it.c ****   /* USER CODE END DMA1_Channel5_IRQn 1 */
 225:Core/Src/stm32f1xx_it.c **** }
 272              		.loc 1 225 1 is_stmt 0 view .LVU31
 273 0008 08BD     		pop	{r3, pc}
 274              	.L26:
 275 000a 00BF     		.align	2
 276              	.L25:
 277 000c 00000000 		.word	hdma_usart1_rx
 278              		.cfi_endproc
 279              	.LFE74:
 281              		.section	.text.DMA1_Channel6_IRQHandler,"ax",%progbits
 282              		.align	1
 283              		.global	DMA1_Channel6_IRQHandler
 284              		.syntax unified
 285              		.thumb
 286              		.thumb_func
 287              		.fpu softvfp
 289              	DMA1_Channel6_IRQHandler:
 290              	.LFB75:
 226:Core/Src/stm32f1xx_it.c **** 
 227:Core/Src/stm32f1xx_it.c **** /**
 228:Core/Src/stm32f1xx_it.c ****   * @brief This function handles DMA1 channel6 global interrupt.
 229:Core/Src/stm32f1xx_it.c ****   */
 230:Core/Src/stm32f1xx_it.c **** void DMA1_Channel6_IRQHandler(void)
 231:Core/Src/stm32f1xx_it.c **** {
 291              		.loc 1 231 1 is_stmt 1 view -0
 292              		.cfi_startproc
 293              		@ args = 0, pretend = 0, frame = 0
 294              		@ frame_needed = 0, uses_anonymous_args = 0
 295 0000 08B5     		push	{r3, lr}
 296              	.LCFI4:
 297              		.cfi_def_cfa_offset 8
 298              		.cfi_offset 3, -8
 299              		.cfi_offset 14, -4
ARM GAS  C:\Users\XieFang\AppData\Local\Temp\cc6MLeiT.s 			page 10


 232:Core/Src/stm32f1xx_it.c ****   /* USER CODE BEGIN DMA1_Channel6_IRQn 0 */
 233:Core/Src/stm32f1xx_it.c **** 
 234:Core/Src/stm32f1xx_it.c ****   /* USER CODE END DMA1_Channel6_IRQn 0 */
 235:Core/Src/stm32f1xx_it.c ****   HAL_DMA_IRQHandler(&hdma_usart2_rx);
 300              		.loc 1 235 3 view .LVU33
 301 0002 0248     		ldr	r0, .L29
 302 0004 FFF7FEFF 		bl	HAL_DMA_IRQHandler
 303              	.LVL4:
 236:Core/Src/stm32f1xx_it.c ****   /* USER CODE BEGIN DMA1_Channel6_IRQn 1 */
 237:Core/Src/stm32f1xx_it.c **** 
 238:Core/Src/stm32f1xx_it.c ****   /* USER CODE END DMA1_Channel6_IRQn 1 */
 239:Core/Src/stm32f1xx_it.c **** }
 304              		.loc 1 239 1 is_stmt 0 view .LVU34
 305 0008 08BD     		pop	{r3, pc}
 306              	.L30:
 307 000a 00BF     		.align	2
 308              	.L29:
 309 000c 00000000 		.word	hdma_usart2_rx
 310              		.cfi_endproc
 311              	.LFE75:
 313              		.section	.text.DMA1_Channel7_IRQHandler,"ax",%progbits
 314              		.align	1
 315              		.global	DMA1_Channel7_IRQHandler
 316              		.syntax unified
 317              		.thumb
 318              		.thumb_func
 319              		.fpu softvfp
 321              	DMA1_Channel7_IRQHandler:
 322              	.LFB76:
 240:Core/Src/stm32f1xx_it.c **** 
 241:Core/Src/stm32f1xx_it.c **** /**
 242:Core/Src/stm32f1xx_it.c ****   * @brief This function handles DMA1 channel7 global interrupt.
 243:Core/Src/stm32f1xx_it.c ****   */
 244:Core/Src/stm32f1xx_it.c **** void DMA1_Channel7_IRQHandler(void)
 245:Core/Src/stm32f1xx_it.c **** {
 323              		.loc 1 245 1 is_stmt 1 view -0
 324              		.cfi_startproc
 325              		@ args = 0, pretend = 0, frame = 0
 326              		@ frame_needed = 0, uses_anonymous_args = 0
 327 0000 08B5     		push	{r3, lr}
 328              	.LCFI5:
 329              		.cfi_def_cfa_offset 8
 330              		.cfi_offset 3, -8
 331              		.cfi_offset 14, -4
 246:Core/Src/stm32f1xx_it.c ****   /* USER CODE BEGIN DMA1_Channel7_IRQn 0 */
 247:Core/Src/stm32f1xx_it.c **** 
 248:Core/Src/stm32f1xx_it.c ****   /* USER CODE END DMA1_Channel7_IRQn 0 */
 249:Core/Src/stm32f1xx_it.c ****   HAL_DMA_IRQHandler(&hdma_usart2_tx);
 332              		.loc 1 249 3 view .LVU36
 333 0002 0248     		ldr	r0, .L33
 334 0004 FFF7FEFF 		bl	HAL_DMA_IRQHandler
 335              	.LVL5:
 250:Core/Src/stm32f1xx_it.c ****   /* USER CODE BEGIN DMA1_Channel7_IRQn 1 */
 251:Core/Src/stm32f1xx_it.c **** 
 252:Core/Src/stm32f1xx_it.c ****   /* USER CODE END DMA1_Channel7_IRQn 1 */
 253:Core/Src/stm32f1xx_it.c **** }
 336              		.loc 1 253 1 is_stmt 0 view .LVU37
ARM GAS  C:\Users\XieFang\AppData\Local\Temp\cc6MLeiT.s 			page 11


 337 0008 08BD     		pop	{r3, pc}
 338              	.L34:
 339 000a 00BF     		.align	2
 340              	.L33:
 341 000c 00000000 		.word	hdma_usart2_tx
 342              		.cfi_endproc
 343              	.LFE76:
 345              		.section	.text.USB_LP_CAN1_RX0_IRQHandler,"ax",%progbits
 346              		.align	1
 347              		.global	USB_LP_CAN1_RX0_IRQHandler
 348              		.syntax unified
 349              		.thumb
 350              		.thumb_func
 351              		.fpu softvfp
 353              	USB_LP_CAN1_RX0_IRQHandler:
 354              	.LFB77:
 254:Core/Src/stm32f1xx_it.c **** 
 255:Core/Src/stm32f1xx_it.c **** /**
 256:Core/Src/stm32f1xx_it.c ****   * @brief This function handles USB low priority or CAN RX0 interrupts.
 257:Core/Src/stm32f1xx_it.c ****   */
 258:Core/Src/stm32f1xx_it.c **** void USB_LP_CAN1_RX0_IRQHandler(void)
 259:Core/Src/stm32f1xx_it.c **** {
 355              		.loc 1 259 1 is_stmt 1 view -0
 356              		.cfi_startproc
 357              		@ args = 0, pretend = 0, frame = 0
 358              		@ frame_needed = 0, uses_anonymous_args = 0
 359 0000 08B5     		push	{r3, lr}
 360              	.LCFI6:
 361              		.cfi_def_cfa_offset 8
 362              		.cfi_offset 3, -8
 363              		.cfi_offset 14, -4
 260:Core/Src/stm32f1xx_it.c ****   /* USER CODE BEGIN USB_LP_CAN1_RX0_IRQn 0 */
 261:Core/Src/stm32f1xx_it.c **** 
 262:Core/Src/stm32f1xx_it.c ****   /* USER CODE END USB_LP_CAN1_RX0_IRQn 0 */
 263:Core/Src/stm32f1xx_it.c ****   HAL_CAN_IRQHandler(&hcan);
 364              		.loc 1 263 3 view .LVU39
 365 0002 0248     		ldr	r0, .L37
 366 0004 FFF7FEFF 		bl	HAL_CAN_IRQHandler
 367              	.LVL6:
 264:Core/Src/stm32f1xx_it.c ****   /* USER CODE BEGIN USB_LP_CAN1_RX0_IRQn 1 */
 265:Core/Src/stm32f1xx_it.c **** 
 266:Core/Src/stm32f1xx_it.c ****   /* USER CODE END USB_LP_CAN1_RX0_IRQn 1 */
 267:Core/Src/stm32f1xx_it.c **** }
 368              		.loc 1 267 1 is_stmt 0 view .LVU40
 369 0008 08BD     		pop	{r3, pc}
 370              	.L38:
 371 000a 00BF     		.align	2
 372              	.L37:
 373 000c 00000000 		.word	hcan
 374              		.cfi_endproc
 375              	.LFE77:
 377              		.section	.text.TIM1_UP_IRQHandler,"ax",%progbits
 378              		.align	1
 379              		.global	TIM1_UP_IRQHandler
 380              		.syntax unified
 381              		.thumb
 382              		.thumb_func
ARM GAS  C:\Users\XieFang\AppData\Local\Temp\cc6MLeiT.s 			page 12


 383              		.fpu softvfp
 385              	TIM1_UP_IRQHandler:
 386              	.LFB78:
 268:Core/Src/stm32f1xx_it.c **** 
 269:Core/Src/stm32f1xx_it.c **** /**
 270:Core/Src/stm32f1xx_it.c ****   * @brief This function handles TIM1 update interrupt.
 271:Core/Src/stm32f1xx_it.c ****   */
 272:Core/Src/stm32f1xx_it.c **** void TIM1_UP_IRQHandler(void)
 273:Core/Src/stm32f1xx_it.c **** {
 387              		.loc 1 273 1 is_stmt 1 view -0
 388              		.cfi_startproc
 389              		@ args = 0, pretend = 0, frame = 0
 390              		@ frame_needed = 0, uses_anonymous_args = 0
 391 0000 08B5     		push	{r3, lr}
 392              	.LCFI7:
 393              		.cfi_def_cfa_offset 8
 394              		.cfi_offset 3, -8
 395              		.cfi_offset 14, -4
 274:Core/Src/stm32f1xx_it.c ****   /* USER CODE BEGIN TIM1_UP_IRQn 0 */
 275:Core/Src/stm32f1xx_it.c **** 
 276:Core/Src/stm32f1xx_it.c ****   /* USER CODE END TIM1_UP_IRQn 0 */
 277:Core/Src/stm32f1xx_it.c ****   HAL_TIM_IRQHandler(&htim1);
 396              		.loc 1 277 3 view .LVU42
 397 0002 0248     		ldr	r0, .L41
 398 0004 FFF7FEFF 		bl	HAL_TIM_IRQHandler
 399              	.LVL7:
 278:Core/Src/stm32f1xx_it.c ****   /* USER CODE BEGIN TIM1_UP_IRQn 1 */
 279:Core/Src/stm32f1xx_it.c **** 
 280:Core/Src/stm32f1xx_it.c ****   /* USER CODE END TIM1_UP_IRQn 1 */
 281:Core/Src/stm32f1xx_it.c **** }
 400              		.loc 1 281 1 is_stmt 0 view .LVU43
 401 0008 08BD     		pop	{r3, pc}
 402              	.L42:
 403 000a 00BF     		.align	2
 404              	.L41:
 405 000c 00000000 		.word	htim1
 406              		.cfi_endproc
 407              	.LFE78:
 409              		.section	.text.USART1_IRQHandler,"ax",%progbits
 410              		.align	1
 411              		.global	USART1_IRQHandler
 412              		.syntax unified
 413              		.thumb
 414              		.thumb_func
 415              		.fpu softvfp
 417              	USART1_IRQHandler:
 418              	.LFB79:
 282:Core/Src/stm32f1xx_it.c **** 
 283:Core/Src/stm32f1xx_it.c **** /**
 284:Core/Src/stm32f1xx_it.c ****   * @brief This function handles USART1 global interrupt.
 285:Core/Src/stm32f1xx_it.c ****   */
 286:Core/Src/stm32f1xx_it.c **** void USART1_IRQHandler(void)
 287:Core/Src/stm32f1xx_it.c **** {
 419              		.loc 1 287 1 is_stmt 1 view -0
 420              		.cfi_startproc
 421              		@ args = 0, pretend = 0, frame = 0
 422              		@ frame_needed = 0, uses_anonymous_args = 0
ARM GAS  C:\Users\XieFang\AppData\Local\Temp\cc6MLeiT.s 			page 13


 423 0000 08B5     		push	{r3, lr}
 424              	.LCFI8:
 425              		.cfi_def_cfa_offset 8
 426              		.cfi_offset 3, -8
 427              		.cfi_offset 14, -4
 288:Core/Src/stm32f1xx_it.c ****   /* USER CODE BEGIN USART1_IRQn 0 */
 289:Core/Src/stm32f1xx_it.c ****   extern void uart1IrqCallback();
 428              		.loc 1 289 3 view .LVU45
 290:Core/Src/stm32f1xx_it.c ****   uart1IrqCallback();
 429              		.loc 1 290 3 view .LVU46
 430 0002 FFF7FEFF 		bl	uart1IrqCallback
 431              	.LVL8:
 291:Core/Src/stm32f1xx_it.c ****   /* USER CODE END USART1_IRQn 0 */
 292:Core/Src/stm32f1xx_it.c ****   HAL_UART_IRQHandler(&huart1);
 432              		.loc 1 292 3 view .LVU47
 433 0006 0248     		ldr	r0, .L45
 434 0008 FFF7FEFF 		bl	HAL_UART_IRQHandler
 435              	.LVL9:
 293:Core/Src/stm32f1xx_it.c ****   /* USER CODE BEGIN USART1_IRQn 1 */
 294:Core/Src/stm32f1xx_it.c **** 
 295:Core/Src/stm32f1xx_it.c ****   /* USER CODE END USART1_IRQn 1 */
 296:Core/Src/stm32f1xx_it.c **** }
 436              		.loc 1 296 1 is_stmt 0 view .LVU48
 437 000c 08BD     		pop	{r3, pc}
 438              	.L46:
 439 000e 00BF     		.align	2
 440              	.L45:
 441 0010 00000000 		.word	huart1
 442              		.cfi_endproc
 443              	.LFE79:
 445              		.section	.text.USART2_IRQHandler,"ax",%progbits
 446              		.align	1
 447              		.global	USART2_IRQHandler
 448              		.syntax unified
 449              		.thumb
 450              		.thumb_func
 451              		.fpu softvfp
 453              	USART2_IRQHandler:
 454              	.LFB80:
 297:Core/Src/stm32f1xx_it.c **** 
 298:Core/Src/stm32f1xx_it.c **** /**
 299:Core/Src/stm32f1xx_it.c ****   * @brief This function handles USART2 global interrupt.
 300:Core/Src/stm32f1xx_it.c ****   */
 301:Core/Src/stm32f1xx_it.c **** void USART2_IRQHandler(void)
 302:Core/Src/stm32f1xx_it.c **** {
 455              		.loc 1 302 1 is_stmt 1 view -0
 456              		.cfi_startproc
 457              		@ args = 0, pretend = 0, frame = 0
 458              		@ frame_needed = 0, uses_anonymous_args = 0
 459 0000 08B5     		push	{r3, lr}
 460              	.LCFI9:
 461              		.cfi_def_cfa_offset 8
 462              		.cfi_offset 3, -8
 463              		.cfi_offset 14, -4
 303:Core/Src/stm32f1xx_it.c ****   /* USER CODE BEGIN USART2_IRQn 0 */
 304:Core/Src/stm32f1xx_it.c **** 
 305:Core/Src/stm32f1xx_it.c ****   /* USER CODE END USART2_IRQn 0 */
ARM GAS  C:\Users\XieFang\AppData\Local\Temp\cc6MLeiT.s 			page 14


 306:Core/Src/stm32f1xx_it.c ****   HAL_UART_IRQHandler(&huart2);
 464              		.loc 1 306 3 view .LVU50
 465 0002 0248     		ldr	r0, .L49
 466 0004 FFF7FEFF 		bl	HAL_UART_IRQHandler
 467              	.LVL10:
 307:Core/Src/stm32f1xx_it.c ****   /* USER CODE BEGIN USART2_IRQn 1 */
 308:Core/Src/stm32f1xx_it.c **** 
 309:Core/Src/stm32f1xx_it.c ****   /* USER CODE END USART2_IRQn 1 */
 310:Core/Src/stm32f1xx_it.c **** }
 468              		.loc 1 310 1 is_stmt 0 view .LVU51
 469 0008 08BD     		pop	{r3, pc}
 470              	.L50:
 471 000a 00BF     		.align	2
 472              	.L49:
 473 000c 00000000 		.word	huart2
 474              		.cfi_endproc
 475              	.LFE80:
 477              		.section	.text.USART3_IRQHandler,"ax",%progbits
 478              		.align	1
 479              		.global	USART3_IRQHandler
 480              		.syntax unified
 481              		.thumb
 482              		.thumb_func
 483              		.fpu softvfp
 485              	USART3_IRQHandler:
 486              	.LFB81:
 311:Core/Src/stm32f1xx_it.c **** 
 312:Core/Src/stm32f1xx_it.c **** /**
 313:Core/Src/stm32f1xx_it.c ****   * @brief This function handles USART3 global interrupt.
 314:Core/Src/stm32f1xx_it.c ****   */
 315:Core/Src/stm32f1xx_it.c **** void USART3_IRQHandler(void)
 316:Core/Src/stm32f1xx_it.c **** {
 487              		.loc 1 316 1 is_stmt 1 view -0
 488              		.cfi_startproc
 489              		@ args = 0, pretend = 0, frame = 0
 490              		@ frame_needed = 0, uses_anonymous_args = 0
 491 0000 08B5     		push	{r3, lr}
 492              	.LCFI10:
 493              		.cfi_def_cfa_offset 8
 494              		.cfi_offset 3, -8
 495              		.cfi_offset 14, -4
 317:Core/Src/stm32f1xx_it.c ****   /* USER CODE BEGIN USART3_IRQn 0 */
 318:Core/Src/stm32f1xx_it.c **** 
 319:Core/Src/stm32f1xx_it.c ****   /* USER CODE END USART3_IRQn 0 */
 320:Core/Src/stm32f1xx_it.c ****   HAL_UART_IRQHandler(&huart3);
 496              		.loc 1 320 3 view .LVU53
 497 0002 0248     		ldr	r0, .L53
 498 0004 FFF7FEFF 		bl	HAL_UART_IRQHandler
 499              	.LVL11:
 321:Core/Src/stm32f1xx_it.c ****   /* USER CODE BEGIN USART3_IRQn 1 */
 322:Core/Src/stm32f1xx_it.c **** 
 323:Core/Src/stm32f1xx_it.c ****   /* USER CODE END USART3_IRQn 1 */
 324:Core/Src/stm32f1xx_it.c **** }
 500              		.loc 1 324 1 is_stmt 0 view .LVU54
 501 0008 08BD     		pop	{r3, pc}
 502              	.L54:
 503 000a 00BF     		.align	2
ARM GAS  C:\Users\XieFang\AppData\Local\Temp\cc6MLeiT.s 			page 15


 504              	.L53:
 505 000c 00000000 		.word	huart3
 506              		.cfi_endproc
 507              	.LFE81:
 509              		.text
 510              	.Letext0:
 511              		.file 2 "d:\\zkrj\\gnu arm embedded toolchain\\9 2020-q2-update\\arm-none-eabi\\include\\machine\\
 512              		.file 3 "d:\\zkrj\\gnu arm embedded toolchain\\9 2020-q2-update\\arm-none-eabi\\include\\sys\\_std
 513              		.file 4 "Drivers/CMSIS/Include/core_cm3.h"
 514              		.file 5 "Drivers/CMSIS/Device/ST/STM32F1xx/Include/system_stm32f1xx.h"
 515              		.file 6 "Drivers/CMSIS/Device/ST/STM32F1xx/Include/stm32f103xb.h"
 516              		.file 7 "Drivers/CMSIS/Device/ST/STM32F1xx/Include/stm32f1xx.h"
 517              		.file 8 "Drivers/STM32F1xx_HAL_Driver/Inc/stm32f1xx_hal_def.h"
 518              		.file 9 "Drivers/STM32F1xx_HAL_Driver/Inc/stm32f1xx_hal_dma.h"
 519              		.file 10 "Drivers/STM32F1xx_HAL_Driver/Inc/stm32f1xx_hal_can.h"
 520              		.file 11 "Drivers/STM32F1xx_HAL_Driver/Inc/stm32f1xx_hal_tim.h"
 521              		.file 12 "Drivers/STM32F1xx_HAL_Driver/Inc/stm32f1xx_hal_uart.h"
 522              		.file 13 "Drivers/STM32F1xx_HAL_Driver/Inc/stm32f1xx_hal.h"
ARM GAS  C:\Users\XieFang\AppData\Local\Temp\cc6MLeiT.s 			page 16


DEFINED SYMBOLS
                            *ABS*:00000000 stm32f1xx_it.c
C:\Users\XieFang\AppData\Local\Temp\cc6MLeiT.s:16     .text.NMI_Handler:00000000 $t
C:\Users\XieFang\AppData\Local\Temp\cc6MLeiT.s:24     .text.NMI_Handler:00000000 NMI_Handler
C:\Users\XieFang\AppData\Local\Temp\cc6MLeiT.s:38     .text.HardFault_Handler:00000000 $t
C:\Users\XieFang\AppData\Local\Temp\cc6MLeiT.s:45     .text.HardFault_Handler:00000000 HardFault_Handler
C:\Users\XieFang\AppData\Local\Temp\cc6MLeiT.s:62     .text.MemManage_Handler:00000000 $t
C:\Users\XieFang\AppData\Local\Temp\cc6MLeiT.s:69     .text.MemManage_Handler:00000000 MemManage_Handler
C:\Users\XieFang\AppData\Local\Temp\cc6MLeiT.s:86     .text.BusFault_Handler:00000000 $t
C:\Users\XieFang\AppData\Local\Temp\cc6MLeiT.s:93     .text.BusFault_Handler:00000000 BusFault_Handler
C:\Users\XieFang\AppData\Local\Temp\cc6MLeiT.s:110    .text.UsageFault_Handler:00000000 $t
C:\Users\XieFang\AppData\Local\Temp\cc6MLeiT.s:117    .text.UsageFault_Handler:00000000 UsageFault_Handler
C:\Users\XieFang\AppData\Local\Temp\cc6MLeiT.s:134    .text.DebugMon_Handler:00000000 $t
C:\Users\XieFang\AppData\Local\Temp\cc6MLeiT.s:141    .text.DebugMon_Handler:00000000 DebugMon_Handler
C:\Users\XieFang\AppData\Local\Temp\cc6MLeiT.s:154    .text.DMA1_Channel2_IRQHandler:00000000 $t
C:\Users\XieFang\AppData\Local\Temp\cc6MLeiT.s:161    .text.DMA1_Channel2_IRQHandler:00000000 DMA1_Channel2_IRQHandler
C:\Users\XieFang\AppData\Local\Temp\cc6MLeiT.s:181    .text.DMA1_Channel2_IRQHandler:0000000c $d
C:\Users\XieFang\AppData\Local\Temp\cc6MLeiT.s:186    .text.DMA1_Channel3_IRQHandler:00000000 $t
C:\Users\XieFang\AppData\Local\Temp\cc6MLeiT.s:193    .text.DMA1_Channel3_IRQHandler:00000000 DMA1_Channel3_IRQHandler
C:\Users\XieFang\AppData\Local\Temp\cc6MLeiT.s:213    .text.DMA1_Channel3_IRQHandler:0000000c $d
C:\Users\XieFang\AppData\Local\Temp\cc6MLeiT.s:218    .text.DMA1_Channel4_IRQHandler:00000000 $t
C:\Users\XieFang\AppData\Local\Temp\cc6MLeiT.s:225    .text.DMA1_Channel4_IRQHandler:00000000 DMA1_Channel4_IRQHandler
C:\Users\XieFang\AppData\Local\Temp\cc6MLeiT.s:245    .text.DMA1_Channel4_IRQHandler:0000000c $d
C:\Users\XieFang\AppData\Local\Temp\cc6MLeiT.s:250    .text.DMA1_Channel5_IRQHandler:00000000 $t
C:\Users\XieFang\AppData\Local\Temp\cc6MLeiT.s:257    .text.DMA1_Channel5_IRQHandler:00000000 DMA1_Channel5_IRQHandler
C:\Users\XieFang\AppData\Local\Temp\cc6MLeiT.s:277    .text.DMA1_Channel5_IRQHandler:0000000c $d
C:\Users\XieFang\AppData\Local\Temp\cc6MLeiT.s:282    .text.DMA1_Channel6_IRQHandler:00000000 $t
C:\Users\XieFang\AppData\Local\Temp\cc6MLeiT.s:289    .text.DMA1_Channel6_IRQHandler:00000000 DMA1_Channel6_IRQHandler
C:\Users\XieFang\AppData\Local\Temp\cc6MLeiT.s:309    .text.DMA1_Channel6_IRQHandler:0000000c $d
C:\Users\XieFang\AppData\Local\Temp\cc6MLeiT.s:314    .text.DMA1_Channel7_IRQHandler:00000000 $t
C:\Users\XieFang\AppData\Local\Temp\cc6MLeiT.s:321    .text.DMA1_Channel7_IRQHandler:00000000 DMA1_Channel7_IRQHandler
C:\Users\XieFang\AppData\Local\Temp\cc6MLeiT.s:341    .text.DMA1_Channel7_IRQHandler:0000000c $d
C:\Users\XieFang\AppData\Local\Temp\cc6MLeiT.s:346    .text.USB_LP_CAN1_RX0_IRQHandler:00000000 $t
C:\Users\XieFang\AppData\Local\Temp\cc6MLeiT.s:353    .text.USB_LP_CAN1_RX0_IRQHandler:00000000 USB_LP_CAN1_RX0_IRQHandler
C:\Users\XieFang\AppData\Local\Temp\cc6MLeiT.s:373    .text.USB_LP_CAN1_RX0_IRQHandler:0000000c $d
C:\Users\XieFang\AppData\Local\Temp\cc6MLeiT.s:378    .text.TIM1_UP_IRQHandler:00000000 $t
C:\Users\XieFang\AppData\Local\Temp\cc6MLeiT.s:385    .text.TIM1_UP_IRQHandler:00000000 TIM1_UP_IRQHandler
C:\Users\XieFang\AppData\Local\Temp\cc6MLeiT.s:405    .text.TIM1_UP_IRQHandler:0000000c $d
C:\Users\XieFang\AppData\Local\Temp\cc6MLeiT.s:410    .text.USART1_IRQHandler:00000000 $t
C:\Users\XieFang\AppData\Local\Temp\cc6MLeiT.s:417    .text.USART1_IRQHandler:00000000 USART1_IRQHandler
C:\Users\XieFang\AppData\Local\Temp\cc6MLeiT.s:441    .text.USART1_IRQHandler:00000010 $d
C:\Users\XieFang\AppData\Local\Temp\cc6MLeiT.s:446    .text.USART2_IRQHandler:00000000 $t
C:\Users\XieFang\AppData\Local\Temp\cc6MLeiT.s:453    .text.USART2_IRQHandler:00000000 USART2_IRQHandler
C:\Users\XieFang\AppData\Local\Temp\cc6MLeiT.s:473    .text.USART2_IRQHandler:0000000c $d
C:\Users\XieFang\AppData\Local\Temp\cc6MLeiT.s:478    .text.USART3_IRQHandler:00000000 $t
C:\Users\XieFang\AppData\Local\Temp\cc6MLeiT.s:485    .text.USART3_IRQHandler:00000000 USART3_IRQHandler
C:\Users\XieFang\AppData\Local\Temp\cc6MLeiT.s:505    .text.USART3_IRQHandler:0000000c $d

UNDEFINED SYMBOLS
HAL_DMA_IRQHandler
hdma_usart3_tx
hdma_usart3_rx
hdma_usart1_tx
hdma_usart1_rx
hdma_usart2_rx
hdma_usart2_tx
HAL_CAN_IRQHandler
ARM GAS  C:\Users\XieFang\AppData\Local\Temp\cc6MLeiT.s 			page 17


hcan
HAL_TIM_IRQHandler
htim1
uart1IrqCallback
HAL_UART_IRQHandler
huart1
huart2
huart3
