ARM GAS  C:\Users\XieFang\AppData\Local\Temp\ccnnZ0hF.s 			page 1


   1              		.cpu cortex-m3
   2              		.eabi_attribute 20, 1
   3              		.eabi_attribute 21, 1
   4              		.eabi_attribute 23, 3
   5              		.eabi_attribute 24, 1
   6              		.eabi_attribute 25, 1
   7              		.eabi_attribute 26, 1
   8              		.eabi_attribute 30, 1
   9              		.eabi_attribute 34, 1
  10              		.eabi_attribute 18, 4
  11              		.file	"uart.cpp"
  12              		.text
  13              	.Ltext0:
  14              		.cfi_sections	.debug_frame
  15              		.section	.text._ZN5xiagb22communicationNamespace13uartNamespace9uartClassC2Ev,"ax",%progbits
  16              		.align	1
  17              		.global	_ZN5xiagb22communicationNamespace13uartNamespace9uartClassC2Ev
  18              		.arch armv7-m
  19              		.syntax unified
  20              		.thumb
  21              		.thumb_func
  22              		.fpu softvfp
  24              	_ZN5xiagb22communicationNamespace13uartNamespace9uartClassC2Ev:
  25              		.fnstart
  26              	.LVL0:
  27              	.LFB68:
  28              		.file 1 "xiagb/bottom/uart.cpp"
   1:xiagb/bottom/uart.cpp **** #include "uart.hpp"
   2:xiagb/bottom/uart.cpp **** #include <stdio.h>
   3:xiagb/bottom/uart.cpp **** #include <stdarg.h>
   4:xiagb/bottom/uart.cpp **** namespace xiagb
   5:xiagb/bottom/uart.cpp **** {
   6:xiagb/bottom/uart.cpp ****     namespace communicationNamespace
   7:xiagb/bottom/uart.cpp ****     {
   8:xiagb/bottom/uart.cpp ****         namespace uartNamespace
   9:xiagb/bottom/uart.cpp ****         {
  10:xiagb/bottom/uart.cpp ****             uartClass::uartClass()
  29              		.loc 1 10 13 view -0
  30              		.cfi_startproc
  31              		@ args = 0, pretend = 0, frame = 0
  32              		@ frame_needed = 0, uses_anonymous_args = 0
  33              		@ link register save eliminated.
  34              	.LBB2:
  35              		.loc 1 10 34 is_stmt 0 view .LVU1
  36 0000 1422     		movs	r2, #20
  37 0002 0270     		strb	r2, [r0]
  38 0004 4FF49672 		mov	r2, #300
  39 0008 4280     		strh	r2, [r0, #2]	@ movhi
  40 000a 5022     		movs	r2, #80
  41 000c 8280     		strh	r2, [r0, #4]	@ movhi
  42              	.LBE2:
  11:xiagb/bottom/uart.cpp ****             {
  12:xiagb/bottom/uart.cpp ****             }
  43              		.loc 1 12 13 view .LVU2
  44 000e 7047     		bx	lr
  45              		.cfi_endproc
  46              	.LFE68:
ARM GAS  C:\Users\XieFang\AppData\Local\Temp\ccnnZ0hF.s 			page 2


  47              		.cantunwind
  48              		.fnend
  50              		.global	_ZN5xiagb22communicationNamespace13uartNamespace9uartClassC1Ev
  51              		.thumb_set _ZN5xiagb22communicationNamespace13uartNamespace9uartClassC1Ev,_ZN5xiagb22communication
  52              		.section	.text._ZN5xiagb22communicationNamespace13uartNamespace9uartClassD2Ev,"ax",%progbits
  53              		.align	1
  54              		.global	_ZN5xiagb22communicationNamespace13uartNamespace9uartClassD2Ev
  55              		.syntax unified
  56              		.thumb
  57              		.thumb_func
  58              		.fpu softvfp
  60              	_ZN5xiagb22communicationNamespace13uartNamespace9uartClassD2Ev:
  61              		.fnstart
  62              	.LVL1:
  63              	.LFB71:
  13:xiagb/bottom/uart.cpp **** 
  14:xiagb/bottom/uart.cpp ****             uartClass::~uartClass()
  64              		.loc 1 14 13 is_stmt 1 view -0
  65              		.cfi_startproc
  66              		@ args = 0, pretend = 0, frame = 0
  67              		@ frame_needed = 0, uses_anonymous_args = 0
  68              		@ link register save eliminated.
  15:xiagb/bottom/uart.cpp ****             {
  16:xiagb/bottom/uart.cpp ****             }
  69              		.loc 1 16 13 is_stmt 0 view .LVU4
  70 0000 7047     		bx	lr
  71              		.cfi_endproc
  72              	.LFE71:
  73              		.cantunwind
  74              		.fnend
  76              		.global	_ZN5xiagb22communicationNamespace13uartNamespace9uartClassD1Ev
  77              		.thumb_set _ZN5xiagb22communicationNamespace13uartNamespace9uartClassD1Ev,_ZN5xiagb22communication
  78              		.section	.text._ZN5xiagb22communicationNamespace13uartNamespace9uartClass4initEP13USART_TypeDefmP2
  79              		.align	1
  80              		.global	_ZN5xiagb22communicationNamespace13uartNamespace9uartClass4initEP13USART_TypeDefmP20__UART
  81              		.syntax unified
  82              		.thumb
  83              		.thumb_func
  84              		.fpu softvfp
  86              	_ZN5xiagb22communicationNamespace13uartNamespace9uartClass4initEP13USART_TypeDefmP20__UART_HandleTy
  87              		.fnstart
  88              	.LVL2:
  89              	.LFB73:
  17:xiagb/bottom/uart.cpp **** 
  18:xiagb/bottom/uart.cpp ****             void uartClass::init(USART_TypeDef *uartHardwareHandle, uint32_t baudRate, UART_HandleT
  19:xiagb/bottom/uart.cpp ****             {
  90              		.loc 1 19 13 is_stmt 1 view -0
  91              		.cfi_startproc
  92              		@ args = 8, pretend = 0, frame = 0
  93              		@ frame_needed = 0, uses_anonymous_args = 0
  94              		.loc 1 19 13 is_stmt 0 view .LVU6
  95 0000 F8B5     		push	{r3, r4, r5, r6, r7, lr}
  96              		.save {r3, r4, r5, r6, r7, lr}
  97              	.LCFI0:
  98              		.cfi_def_cfa_offset 24
  99              		.cfi_offset 3, -24
 100              		.cfi_offset 4, -20
ARM GAS  C:\Users\XieFang\AppData\Local\Temp\ccnnZ0hF.s 			page 3


 101              		.cfi_offset 5, -16
 102              		.cfi_offset 6, -12
 103              		.cfi_offset 7, -8
 104              		.cfi_offset 14, -4
 105 0002 0546     		mov	r5, r0
 106 0004 0F46     		mov	r7, r1
 107 0006 1646     		mov	r6, r2
 108 0008 1C46     		mov	r4, r3
  20:xiagb/bottom/uart.cpp ****                 rxQueueHandle = osMessageQueueNew(rxQueueSize, sizeof(uint8_t), nullptr);
 109              		.loc 1 20 17 is_stmt 1 view .LVU7
 110              		.loc 1 20 50 is_stmt 0 view .LVU8
 111 000a 0022     		movs	r2, #0
 112              	.LVL3:
 113              		.loc 1 20 50 view .LVU9
 114 000c 0121     		movs	r1, #1
 115              	.LVL4:
 116              		.loc 1 20 50 view .LVU10
 117 000e 4088     		ldrh	r0, [r0, #2]
 118              	.LVL5:
 119              		.loc 1 20 50 view .LVU11
 120 0010 FFF7FEFF 		bl	osMessageQueueNew
 121              	.LVL6:
 122              		.loc 1 20 31 view .LVU12
 123 0014 6861     		str	r0, [r5, #20]
 124              	.L4:
  21:xiagb/bottom/uart.cpp ****                 while (rxQueueHandle == 0)
 125              		.loc 1 21 17 is_stmt 1 view .LVU13
 126              		.loc 1 21 38 view .LVU14
 127 0016 0028     		cmp	r0, #0
 128 0018 FDD0     		beq	.L4
  22:xiagb/bottom/uart.cpp ****                     ;
  23:xiagb/bottom/uart.cpp **** 
  24:xiagb/bottom/uart.cpp ****                 mutexHandle = osMutexNew(nullptr);
 129              		.loc 1 24 17 view .LVU15
 130              		.loc 1 24 41 is_stmt 0 view .LVU16
 131 001a 0020     		movs	r0, #0
 132 001c FFF7FEFF 		bl	osMutexNew
 133              	.LVL7:
 134              		.loc 1 24 29 view .LVU17
 135 0020 A861     		str	r0, [r5, #24]
 136              	.L5:
  25:xiagb/bottom/uart.cpp ****                 while (mutexHandle == 0)
 137              		.loc 1 25 17 is_stmt 1 view .LVU18
 138              		.loc 1 25 36 view .LVU19
 139 0022 0028     		cmp	r0, #0
 140 0024 FDD0     		beq	.L5
  26:xiagb/bottom/uart.cpp ****                     ;
  27:xiagb/bottom/uart.cpp **** 
  28:xiagb/bottom/uart.cpp ****                 rxBuffer = new uint8_t[rxBufferSize];
 141              		.loc 1 28 17 view .LVU20
 142              		.loc 1 28 52 is_stmt 0 view .LVU21
 143 0026 2878     		ldrb	r0, [r5]	@ zero_extendqisi2
 144 0028 FFF7FEFF 		bl	_Znaj
 145              	.LVL8:
 146              		.loc 1 28 26 view .LVU22
 147 002c E861     		str	r0, [r5, #28]
 148              	.L6:
ARM GAS  C:\Users\XieFang\AppData\Local\Temp\ccnnZ0hF.s 			page 4


  29:xiagb/bottom/uart.cpp ****                 while (rxBuffer == 0)
 149              		.loc 1 29 17 is_stmt 1 view .LVU23
 150              		.loc 1 29 33 view .LVU24
 151 002e 0028     		cmp	r0, #0
 152 0030 FDD0     		beq	.L6
  30:xiagb/bottom/uart.cpp ****                     ;
  31:xiagb/bottom/uart.cpp **** 
  32:xiagb/bottom/uart.cpp ****                 printfBuffer = new uint8_t[printfBufferSize];
 153              		.loc 1 32 17 view .LVU25
 154              		.loc 1 32 60 is_stmt 0 view .LVU26
 155 0032 A888     		ldrh	r0, [r5, #4]
 156 0034 FFF7FEFF 		bl	_Znaj
 157              	.LVL9:
 158              		.loc 1 32 30 view .LVU27
 159 0038 2862     		str	r0, [r5, #32]
 160              	.L7:
  33:xiagb/bottom/uart.cpp ****                 while (printfBuffer == 0)
 161              		.loc 1 33 17 is_stmt 1 view .LVU28
 162              		.loc 1 33 37 view .LVU29
 163 003a 0028     		cmp	r0, #0
 164 003c FDD0     		beq	.L7
  34:xiagb/bottom/uart.cpp ****                     ;
  35:xiagb/bottom/uart.cpp **** 
  36:xiagb/bottom/uart.cpp ****                 this->uartHandle = uartHandle;
 165              		.loc 1 36 17 view .LVU30
 166              		.loc 1 36 34 is_stmt 0 view .LVU31
 167 003e AC60     		str	r4, [r5, #8]
  37:xiagb/bottom/uart.cpp ****                 this->dmaRxHandle = dmaRxHandle;
 168              		.loc 1 37 17 is_stmt 1 view .LVU32
 169              		.loc 1 37 35 is_stmt 0 view .LVU33
 170 0040 069B     		ldr	r3, [sp, #24]
 171 0042 EB60     		str	r3, [r5, #12]
  38:xiagb/bottom/uart.cpp ****                 this->dmaTxHandle = dmaTxHandle;
 172              		.loc 1 38 17 is_stmt 1 view .LVU34
 173              		.loc 1 38 35 is_stmt 0 view .LVU35
 174 0044 079B     		ldr	r3, [sp, #28]
 175 0046 2B61     		str	r3, [r5, #16]
  39:xiagb/bottom/uart.cpp **** 
  40:xiagb/bottom/uart.cpp ****                 uartHandle->Instance = uartHardwareHandle;
 176              		.loc 1 40 17 is_stmt 1 view .LVU36
 177              		.loc 1 40 38 is_stmt 0 view .LVU37
 178 0048 2760     		str	r7, [r4]
  41:xiagb/bottom/uart.cpp ****                 uartHandle->Init.BaudRate = baudRate;
 179              		.loc 1 41 17 is_stmt 1 view .LVU38
 180              		.loc 1 41 43 is_stmt 0 view .LVU39
 181 004a 6660     		str	r6, [r4, #4]
  42:xiagb/bottom/uart.cpp ****                 uartHandle->Init.WordLength = UART_WORDLENGTH_8B;
 182              		.loc 1 42 17 is_stmt 1 view .LVU40
 183              		.loc 1 42 45 is_stmt 0 view .LVU41
 184 004c 0023     		movs	r3, #0
 185 004e A360     		str	r3, [r4, #8]
  43:xiagb/bottom/uart.cpp ****                 uartHandle->Init.StopBits = UART_STOPBITS_1;
 186              		.loc 1 43 17 is_stmt 1 view .LVU42
 187              		.loc 1 43 43 is_stmt 0 view .LVU43
 188 0050 E360     		str	r3, [r4, #12]
  44:xiagb/bottom/uart.cpp ****                 uartHandle->Init.Parity = UART_PARITY_NONE;
 189              		.loc 1 44 17 is_stmt 1 view .LVU44
ARM GAS  C:\Users\XieFang\AppData\Local\Temp\ccnnZ0hF.s 			page 5


 190              		.loc 1 44 41 is_stmt 0 view .LVU45
 191 0052 2361     		str	r3, [r4, #16]
  45:xiagb/bottom/uart.cpp ****                 uartHandle->Init.Mode = UART_MODE_TX_RX;
 192              		.loc 1 45 17 is_stmt 1 view .LVU46
 193              		.loc 1 45 39 is_stmt 0 view .LVU47
 194 0054 0C22     		movs	r2, #12
 195 0056 6261     		str	r2, [r4, #20]
  46:xiagb/bottom/uart.cpp ****                 uartHandle->Init.HwFlowCtl = UART_HWCONTROL_NONE;
 196              		.loc 1 46 17 is_stmt 1 view .LVU48
 197              		.loc 1 46 44 is_stmt 0 view .LVU49
 198 0058 A361     		str	r3, [r4, #24]
  47:xiagb/bottom/uart.cpp ****                 uartHandle->Init.OverSampling = UART_OVERSAMPLING_16;
 199              		.loc 1 47 17 is_stmt 1 view .LVU50
 200              		.loc 1 47 47 is_stmt 0 view .LVU51
 201 005a E361     		str	r3, [r4, #28]
  48:xiagb/bottom/uart.cpp ****                 HAL_UART_Init(uartHandle); //ÂàùÂßãÂåñ‰∏≤Âè£ÂèÇÊï∞
 202              		.loc 1 48 17 is_stmt 1 view .LVU52
 203              		.loc 1 48 30 is_stmt 0 view .LVU53
 204 005c 2046     		mov	r0, r4
 205 005e FFF7FEFF 		bl	HAL_UART_Init
 206              	.LVL10:
  49:xiagb/bottom/uart.cpp **** 
  50:xiagb/bottom/uart.cpp ****                 HAL_UART_Receive_DMA(uartHandle, rxBuffer, rxBufferSize); //ÂêØÂä®dma
 207              		.loc 1 50 17 is_stmt 1 view .LVU54
 208              		.loc 1 50 37 is_stmt 0 view .LVU55
 209 0062 2A78     		ldrb	r2, [r5]	@ zero_extendqisi2
 210 0064 E969     		ldr	r1, [r5, #28]
 211 0066 2046     		mov	r0, r4
 212 0068 FFF7FEFF 		bl	HAL_UART_Receive_DMA
 213              	.LVL11:
  51:xiagb/bottom/uart.cpp ****                 __HAL_UART_ENABLE_IT(uartHandle, UART_IT_IDLE);           //ÂºÄÂêØÁ©∫Èó≤‰∏≠Êñ≠
 214              		.loc 1 51 17 is_stmt 1 view .LVU56
 215 006c 2268     		ldr	r2, [r4]
 216 006e D368     		ldr	r3, [r2, #12]
 217 0070 43F01003 		orr	r3, r3, #16
 218 0074 D360     		str	r3, [r2, #12]
  52:xiagb/bottom/uart.cpp ****             }
 219              		.loc 1 52 13 is_stmt 0 view .LVU57
 220 0076 F8BD     		pop	{r3, r4, r5, r6, r7, pc}
 221              		.loc 1 52 13 view .LVU58
 222              		.cfi_endproc
 223              	.LFE73:
 224              		.fnend
 226              		.section	.text._ZN5xiagb22communicationNamespace13uartNamespace9uartClass4sendEPht,"ax",%progbits
 227              		.align	1
 228              		.global	_ZN5xiagb22communicationNamespace13uartNamespace9uartClass4sendEPht
 229              		.syntax unified
 230              		.thumb
 231              		.thumb_func
 232              		.fpu softvfp
 234              	_ZN5xiagb22communicationNamespace13uartNamespace9uartClass4sendEPht:
 235              		.fnstart
 236              	.LVL12:
 237              	.LFB74:
  53:xiagb/bottom/uart.cpp **** 
  54:xiagb/bottom/uart.cpp ****             void uartClass::send(uint8_t *data, uint16_t size)
  55:xiagb/bottom/uart.cpp ****             {
ARM GAS  C:\Users\XieFang\AppData\Local\Temp\ccnnZ0hF.s 			page 6


 238              		.loc 1 55 13 is_stmt 1 view -0
 239              		.cfi_startproc
 240              		@ args = 0, pretend = 0, frame = 0
 241              		@ frame_needed = 0, uses_anonymous_args = 0
  56:xiagb/bottom/uart.cpp ****                 if (size == 0) //Â¶ÇÊûúÈïøÂ∫¶‰∏∫0ÔºåÁ≠âÂæÖÂèëÈÄÅÂÆåÊàêÂ∞±‰ºöÊàê‰∏∫Ê≠ªÂæ™ÁéØÔºåÂõ†‰∏
 242              		.loc 1 56 17 view .LVU60
 243 0000 02B9     		cbnz	r2, .L17
 244 0002 7047     		bx	lr
 245              	.L17:
  55:xiagb/bottom/uart.cpp ****                 if (size == 0) //Â¶ÇÊûúÈïøÂ∫¶‰∏∫0ÔºåÁ≠âÂæÖÂèëÈÄÅÂÆåÊàêÂ∞±‰ºöÊàê‰∏∫Ê≠ªÂæ™ÁéØÔºåÂõ†‰∏
 246              		.loc 1 55 13 is_stmt 0 view .LVU61
 247 0004 70B5     		push	{r4, r5, r6, lr}
 248              		.save {r4, r5, r6, lr}
 249              	.LCFI1:
 250              		.cfi_def_cfa_offset 16
 251              		.cfi_offset 4, -16
 252              		.cfi_offset 5, -12
 253              		.cfi_offset 6, -8
 254              		.cfi_offset 14, -4
 255 0006 0446     		mov	r4, r0
 256 0008 0D46     		mov	r5, r1
 257 000a 1646     		mov	r6, r2
  57:xiagb/bottom/uart.cpp ****                     return;
  58:xiagb/bottom/uart.cpp **** 
  59:xiagb/bottom/uart.cpp ****                 osMutexAcquire(mutexHandle, osWaitForever); //Ëé∑Âèñ‰∫íÊñ•ÈîÅ
 258              		.loc 1 59 17 is_stmt 1 view .LVU62
 259              		.loc 1 59 31 is_stmt 0 view .LVU63
 260 000c 4FF0FF31 		mov	r1, #-1
 261              	.LVL13:
 262              		.loc 1 59 31 view .LVU64
 263 0010 8069     		ldr	r0, [r0, #24]
 264              	.LVL14:
 265              		.loc 1 59 31 view .LVU65
 266 0012 FFF7FEFF 		bl	osMutexAcquire
 267              	.LVL15:
  60:xiagb/bottom/uart.cpp **** 
  61:xiagb/bottom/uart.cpp ****                 // //ÂøÖÈ°ªÁ≠âÂæÖ„ÄÇÈò≤Ê≠¢HAL_UART_Transmit_DMAÈáçËÆæDMAÂØºËá¥ÂÖàÂâçÁöÑÊï∞ÊçÆÁªàÊ≠¢
  62:xiagb/bottom/uart.cpp ****                 // while(HAL_DMA_GetState(dmaTxHandle) == HAL_DMA_STATE_BUSY) //Á≠âÂæÖDMAÂÆåÊàê
  63:xiagb/bottom/uart.cpp ****                 //     osDelay(1);
  64:xiagb/bottom/uart.cpp **** 
  65:xiagb/bottom/uart.cpp ****                 HAL_UART_Transmit_DMA(uartHandle, data, size);
 268              		.loc 1 65 17 is_stmt 1 view .LVU66
 269              		.loc 1 65 38 is_stmt 0 view .LVU67
 270 0016 3246     		mov	r2, r6
 271 0018 2946     		mov	r1, r5
 272 001a A068     		ldr	r0, [r4, #8]
 273 001c FFF7FEFF 		bl	HAL_UART_Transmit_DMA
 274              	.LVL16:
 275              	.L12:
  66:xiagb/bottom/uart.cpp **** 
  67:xiagb/bottom/uart.cpp ****                 //ÂøÖÈ°ªÂú®ËøôÁ≠âÂæÖÔºåËÄå‰∏çËÉΩÂú®HAL_UART_Transmit_DMA‰∏äÈù¢ÔºåÈò≤Ê≠¢ÂáΩÊï∞ÈÄÄÂá∫
  68:xiagb/bottom/uart.cpp ****                 while (!__HAL_UART_GET_FLAG(uartHandle, UART_FLAG_TC)) //Á≠âÂæÖ‰∏≤Âè£ÂÆåÊàê
 276              		.loc 1 68 17 is_stmt 1 view .LVU68
 277              		.loc 1 68 24 view .LVU69
 278              		.loc 1 68 25 is_stmt 0 view .LVU70
 279 0020 A368     		ldr	r3, [r4, #8]
 280 0022 1B68     		ldr	r3, [r3]
ARM GAS  C:\Users\XieFang\AppData\Local\Temp\ccnnZ0hF.s 			page 7


 281 0024 1A68     		ldr	r2, [r3]
 282              		.loc 1 68 24 view .LVU71
 283 0026 12F0400F 		tst	r2, #64
 284 002a 03D1     		bne	.L11
  69:xiagb/bottom/uart.cpp ****                     osDelay(1);
 285              		.loc 1 69 21 is_stmt 1 view .LVU72
 286              		.loc 1 69 28 is_stmt 0 view .LVU73
 287 002c 0120     		movs	r0, #1
 288 002e FFF7FEFF 		bl	osDelay
 289              	.LVL17:
  68:xiagb/bottom/uart.cpp ****                     osDelay(1);
 290              		.loc 1 68 17 view .LVU74
 291 0032 F5E7     		b	.L12
 292              	.L11:
  70:xiagb/bottom/uart.cpp ****                 __HAL_UART_CLEAR_FLAG(uartHandle, UART_FLAG_TC); //Ê∏ÖÈô§Ê†áÂøó
 293              		.loc 1 70 17 is_stmt 1 view .LVU75
 294 0034 6FF04002 		mvn	r2, #64
 295 0038 1A60     		str	r2, [r3]
  71:xiagb/bottom/uart.cpp **** 
  72:xiagb/bottom/uart.cpp ****                 osMutexRelease(mutexHandle); //ÈáäÊîæ‰∫íÊñ•ÈîÅ
 296              		.loc 1 72 17 view .LVU76
 297              		.loc 1 72 31 is_stmt 0 view .LVU77
 298 003a A069     		ldr	r0, [r4, #24]
 299 003c FFF7FEFF 		bl	osMutexRelease
 300              	.LVL18:
  73:xiagb/bottom/uart.cpp ****             }
 301              		.loc 1 73 13 view .LVU78
 302 0040 70BD     		pop	{r4, r5, r6, pc}
 303              		.loc 1 73 13 view .LVU79
 304              		.cfi_endproc
 305              	.LFE74:
 306              		.fnend
 308              		.section	.text._ZN5xiagb22communicationNamespace13uartNamespace9uartClass12idleCallbackEv,"ax",%pr
 309              		.align	1
 310              		.global	_ZN5xiagb22communicationNamespace13uartNamespace9uartClass12idleCallbackEv
 311              		.syntax unified
 312              		.thumb
 313              		.thumb_func
 314              		.fpu softvfp
 316              	_ZN5xiagb22communicationNamespace13uartNamespace9uartClass12idleCallbackEv:
 317              		.fnstart
 318              	.LVL19:
 319              	.LFB75:
  74:xiagb/bottom/uart.cpp **** 
  75:xiagb/bottom/uart.cpp ****             void uartClass::idleCallback()
  76:xiagb/bottom/uart.cpp ****             {
 320              		.loc 1 76 13 is_stmt 1 view -0
 321              		.cfi_startproc
 322              		@ args = 0, pretend = 0, frame = 8
 323              		@ frame_needed = 0, uses_anonymous_args = 0
  77:xiagb/bottom/uart.cpp ****                 if (__HAL_UART_GET_FLAG(uartHandle, UART_FLAG_IDLE)) //Á©∫Èó≤Ê†áÂøó
 324              		.loc 1 77 17 view .LVU81
 325              	.LBB3:
 326              		.loc 1 77 21 is_stmt 0 view .LVU82
 327 0000 8368     		ldr	r3, [r0, #8]
 328 0002 1B68     		ldr	r3, [r3]
 329 0004 1A68     		ldr	r2, [r3]
ARM GAS  C:\Users\XieFang\AppData\Local\Temp\ccnnZ0hF.s 			page 8


 330              		.loc 1 77 17 view .LVU83
 331 0006 12F0100F 		tst	r2, #16
 332 000a 44D0     		beq	.L27
 333              	.LBE3:
  76:xiagb/bottom/uart.cpp ****                 if (__HAL_UART_GET_FLAG(uartHandle, UART_FLAG_IDLE)) //Á©∫Èó≤Ê†áÂøó
 334              		.loc 1 76 13 view .LVU84
 335 000c 30B5     		push	{r4, r5, lr}
 336              		.save {r4, r5, lr}
 337              	.LCFI2:
 338              		.cfi_def_cfa_offset 12
 339              		.cfi_offset 4, -12
 340              		.cfi_offset 5, -8
 341              		.cfi_offset 14, -4
 342              		.pad #12
 343 000e 83B0     		sub	sp, sp, #12
 344              	.LCFI3:
 345              		.cfi_def_cfa_offset 24
 346 0010 0446     		mov	r4, r0
 347              	.LBB9:
 348              	.LBB4:
  78:xiagb/bottom/uart.cpp ****                 {
  79:xiagb/bottom/uart.cpp ****                     // idleFlag = true; //Ëß¶Âèë‰∫ÜÁ©∫Èó≤Ê†áÂøó
  80:xiagb/bottom/uart.cpp ****                     __HAL_UART_CLEAR_IDLEFLAG(uartHandle);                            //Ê∏ÖÈô§Á©∫Èó
 349              		.loc 1 80 21 is_stmt 1 view .LVU85
 350              	.LBB5:
 351              		.loc 1 80 21 view .LVU86
 352 0012 0022     		movs	r2, #0
 353 0014 0192     		str	r2, [sp, #4]
 354              		.loc 1 80 21 view .LVU87
 355 0016 1A68     		ldr	r2, [r3]
 356 0018 0192     		str	r2, [sp, #4]
 357              		.loc 1 80 21 view .LVU88
 358 001a 5B68     		ldr	r3, [r3, #4]
 359 001c 0193     		str	r3, [sp, #4]
 360              		.loc 1 80 21 view .LVU89
 361 001e 019B     		ldr	r3, [sp, #4]
 362              	.LBE5:
  81:xiagb/bottom/uart.cpp ****                     uint8_t size = rxBufferSize - __HAL_DMA_GET_COUNTER(dmaRxHandle); //Êú¨Ê¨°ÁöÑÊï
 363              		.loc 1 81 21 view .LVU90
 364              		.loc 1 81 36 is_stmt 0 view .LVU91
 365 0020 0378     		ldrb	r3, [r0]	@ zero_extendqisi2
 366              		.loc 1 81 51 view .LVU92
 367 0022 C268     		ldr	r2, [r0, #12]
 368 0024 1268     		ldr	r2, [r2]
 369 0026 5268     		ldr	r2, [r2, #4]
 370              		.loc 1 81 49 view .LVU93
 371 0028 9B1A     		subs	r3, r3, r2
 372 002a DBB2     		uxtb	r3, r3
 373              		.loc 1 81 51 view .LVU94
 374 002c 8DF80330 		strb	r3, [sp, #3]
  82:xiagb/bottom/uart.cpp **** 
  83:xiagb/bottom/uart.cpp ****                     if (size != 20) //Â¶ÇÊûúÊé•Êî∂‰∫Ü20‰∏™ÔºåÊï∞ÊçÆ‰ºöË¢´ÂÆåÊàê‰∏≠Êñ≠Â§ÑÁêÜÂÆå‰∫ÜÔº
 375              		.loc 1 83 21 is_stmt 1 view .LVU95
 376              	.LBB6:
 377 0030 142B     		cmp	r3, #20
 378 0032 22D0     		beq	.L20
 379              	.LVL20:
ARM GAS  C:\Users\XieFang\AppData\Local\Temp\ccnnZ0hF.s 			page 9


 380              	.L21:
 381              	.LBB7:
  84:xiagb/bottom/uart.cpp ****                     {
  85:xiagb/bottom/uart.cpp ****                         //Á¨¨‰∏Ä‰∏™Â≠óËäÇ‰∏∫ËøôÊ¨°Êï∞ÊçÆÁöÑÈïøÂ∫¶
  86:xiagb/bottom/uart.cpp ****                         while (osMessageQueuePut(rxQueueHandle, &size, 0, 0) != osOK)
 382              		.loc 1 86 25 view .LVU96
 383              		.loc 1 86 78 view .LVU97
 384              		.loc 1 86 49 is_stmt 0 view .LVU98
 385 0034 0023     		movs	r3, #0
 386 0036 1A46     		mov	r2, r3
 387 0038 0DF10301 		add	r1, sp, #3
 388 003c 6069     		ldr	r0, [r4, #20]
 389 003e FFF7FEFF 		bl	osMessageQueuePut
 390              	.LVL21:
 391              		.loc 1 86 78 view .LVU99
 392 0042 0028     		cmp	r0, #0
 393 0044 F6D1     		bne	.L21
 394              	.LBB8:
  87:xiagb/bottom/uart.cpp ****                             ;
  88:xiagb/bottom/uart.cpp ****                         for (uint8_t i = 0; i < size; i++) //ÂêéÁª≠Êï∞ÊçÆ
 395              		.loc 1 88 38 view .LVU100
 396 0046 0025     		movs	r5, #0
 397 0048 01E0     		b	.L24
 398              	.LVL22:
 399              	.L30:
 400              		.loc 1 88 25 is_stmt 1 discriminator 2 view .LVU101
 401 004a 0135     		adds	r5, r5, #1
 402              	.LVL23:
 403              		.loc 1 88 25 is_stmt 0 discriminator 2 view .LVU102
 404 004c EDB2     		uxtb	r5, r5
 405              	.LVL24:
 406              	.L24:
 407              		.loc 1 88 47 is_stmt 1 discriminator 1 view .LVU103
 408 004e 9DF80330 		ldrb	r3, [sp, #3]	@ zero_extendqisi2
 409 0052 AB42     		cmp	r3, r5
 410 0054 09D9     		bls	.L22
 411              	.L23:
  89:xiagb/bottom/uart.cpp ****                         {
  90:xiagb/bottom/uart.cpp ****                             while (osMessageQueuePut(rxQueueHandle, &rxBuffer[i], 0, 0) != osOK)
 412              		.loc 1 90 29 view .LVU104
 413              		.loc 1 90 89 view .LVU105
 414              		.loc 1 90 70 is_stmt 0 view .LVU106
 415 0056 E169     		ldr	r1, [r4, #28]
 416              		.loc 1 90 53 view .LVU107
 417 0058 0023     		movs	r3, #0
 418 005a 1A46     		mov	r2, r3
 419 005c 2944     		add	r1, r1, r5
 420 005e 6069     		ldr	r0, [r4, #20]
 421 0060 FFF7FEFF 		bl	osMessageQueuePut
 422              	.LVL25:
 423              		.loc 1 90 89 view .LVU108
 424 0064 0028     		cmp	r0, #0
 425 0066 F6D1     		bne	.L23
 426 0068 EFE7     		b	.L30
 427              	.L22:
 428              		.loc 1 90 89 view .LVU109
 429              	.LBE8:
ARM GAS  C:\Users\XieFang\AppData\Local\Temp\ccnnZ0hF.s 			page 10


  91:xiagb/bottom/uart.cpp ****                                 ;
  92:xiagb/bottom/uart.cpp ****                         }
  93:xiagb/bottom/uart.cpp **** 
  94:xiagb/bottom/uart.cpp ****                         HAL_UART_AbortReceive(uartHandle);                        //ÁªàÊ≠¢Êé•Êî∂
 430              		.loc 1 94 25 is_stmt 1 view .LVU110
 431              		.loc 1 94 46 is_stmt 0 view .LVU111
 432 006a A068     		ldr	r0, [r4, #8]
 433 006c FFF7FEFF 		bl	HAL_UART_AbortReceive
 434              	.LVL26:
  95:xiagb/bottom/uart.cpp ****                         HAL_UART_Receive_DMA(uartHandle, rxBuffer, rxBufferSize); //ÁªàÊ≠¢Êé•Êî∂Âêé
 435              		.loc 1 95 25 is_stmt 1 view .LVU112
 436              		.loc 1 95 45 is_stmt 0 view .LVU113
 437 0070 2278     		ldrb	r2, [r4]	@ zero_extendqisi2
 438 0072 E169     		ldr	r1, [r4, #28]
 439 0074 A068     		ldr	r0, [r4, #8]
 440 0076 FFF7FEFF 		bl	HAL_UART_Receive_DMA
 441              	.LVL27:
 442              	.L20:
 443              		.loc 1 95 45 view .LVU114
 444              	.LBE7:
 445              	.LBE6:
  96:xiagb/bottom/uart.cpp ****                     }
  97:xiagb/bottom/uart.cpp **** 
  98:xiagb/bottom/uart.cpp ****                     //Âú®ÈòüÂàó‰∏≠Ê∑ªÂä†ÁªìÊùüÊ†áÂøóÔºå‰πüÂ∞±ÊòØÊï∞ÊçÆÊï∞Èáè‰∏∫0
  99:xiagb/bottom/uart.cpp ****                     size = 0;
 446              		.loc 1 99 21 is_stmt 1 view .LVU115
 447              		.loc 1 99 26 is_stmt 0 view .LVU116
 448 007a 0023     		movs	r3, #0
 449 007c 8DF80330 		strb	r3, [sp, #3]
 450              	.L25:
 100:xiagb/bottom/uart.cpp ****                     while (osMessageQueuePut(rxQueueHandle, &size, 0, 0) != osOK)
 451              		.loc 1 100 21 is_stmt 1 view .LVU117
 452              		.loc 1 100 74 view .LVU118
 453              		.loc 1 100 45 is_stmt 0 view .LVU119
 454 0080 0023     		movs	r3, #0
 455 0082 1A46     		mov	r2, r3
 456 0084 0DF10301 		add	r1, sp, #3
 457 0088 6069     		ldr	r0, [r4, #20]
 458 008a FFF7FEFF 		bl	osMessageQueuePut
 459              	.LVL28:
 460              		.loc 1 100 74 view .LVU120
 461 008e 0028     		cmp	r0, #0
 462 0090 F6D1     		bne	.L25
 463              	.LBE4:
 464              	.LBE9:
 101:xiagb/bottom/uart.cpp ****                         ;
 102:xiagb/bottom/uart.cpp ****                 }
 103:xiagb/bottom/uart.cpp ****             }
 465              		.loc 1 103 13 view .LVU121
 466 0092 03B0     		add	sp, sp, #12
 467              	.LCFI4:
 468              		.cfi_def_cfa_offset 12
 469              		@ sp needed
 470 0094 30BD     		pop	{r4, r5, pc}
 471              	.LVL29:
 472              	.L27:
 473              	.LCFI5:
ARM GAS  C:\Users\XieFang\AppData\Local\Temp\ccnnZ0hF.s 			page 11


 474              		.cfi_def_cfa_offset 0
 475              		.cfi_restore 4
 476              		.cfi_restore 5
 477              		.cfi_restore 14
 478              		.loc 1 103 13 view .LVU122
 479 0096 7047     		bx	lr
 480              		.cfi_endproc
 481              	.LFE75:
 482              		.fnend
 484              		.section	.text._ZN5xiagb22communicationNamespace13uartNamespace9uartClass18rxCompleteCallbackEv,"a
 485              		.align	1
 486              		.global	_ZN5xiagb22communicationNamespace13uartNamespace9uartClass18rxCompleteCallbackEv
 487              		.syntax unified
 488              		.thumb
 489              		.thumb_func
 490              		.fpu softvfp
 492              	_ZN5xiagb22communicationNamespace13uartNamespace9uartClass18rxCompleteCallbackEv:
 493              		.fnstart
 494              	.LVL30:
 495              	.LFB76:
 104:xiagb/bottom/uart.cpp **** 
 105:xiagb/bottom/uart.cpp ****             void uartClass::rxCompleteCallback()
 106:xiagb/bottom/uart.cpp ****             {
 496              		.loc 1 106 13 is_stmt 1 view -0
 497              		.cfi_startproc
 498              		@ args = 0, pretend = 0, frame = 0
 499              		@ frame_needed = 0, uses_anonymous_args = 0
 500              		.loc 1 106 13 is_stmt 0 view .LVU124
 501 0000 38B5     		push	{r3, r4, r5, lr}
 502              		.save {r3, r4, r5, lr}
 503              	.LCFI6:
 504              		.cfi_def_cfa_offset 16
 505              		.cfi_offset 3, -16
 506              		.cfi_offset 4, -12
 507              		.cfi_offset 5, -8
 508              		.cfi_offset 14, -4
 509 0002 0446     		mov	r4, r0
 510              	.LVL31:
 511              	.L32:
 107:xiagb/bottom/uart.cpp ****                 // if (idleFlag) //Â¶ÇÊûúËß¶Âèë‰∫ÜÁ©∫Èó≤Ê†áÂøóÂ∞±Áõ¥Êé•Ë∑≥Âá∫
 108:xiagb/bottom/uart.cpp ****                 // {
 109:xiagb/bottom/uart.cpp ****                 //     idleFlag = false;
 110:xiagb/bottom/uart.cpp ****                 //     return;
 111:xiagb/bottom/uart.cpp ****                 // }
 112:xiagb/bottom/uart.cpp **** 
 113:xiagb/bottom/uart.cpp ****                 // uint8_t rxBufferSize = 20;
 114:xiagb/bottom/uart.cpp ****                 //Á¨¨‰∏Ä‰∏™Â≠óËäÇ‰∏∫ËøôÊ¨°Êï∞ÊçÆÁöÑÈïøÂ∫¶
 115:xiagb/bottom/uart.cpp ****                 while (osMessageQueuePut(rxQueueHandle, &rxBufferSize, 0, 0) != osOK)
 512              		.loc 1 115 17 is_stmt 1 view .LVU125
 513              		.loc 1 115 78 view .LVU126
 514              		.loc 1 115 41 is_stmt 0 view .LVU127
 515 0004 0023     		movs	r3, #0
 516 0006 1A46     		mov	r2, r3
 517 0008 2146     		mov	r1, r4
 518 000a 6069     		ldr	r0, [r4, #20]
 519 000c FFF7FEFF 		bl	osMessageQueuePut
 520              	.LVL32:
ARM GAS  C:\Users\XieFang\AppData\Local\Temp\ccnnZ0hF.s 			page 12


 521              		.loc 1 115 78 view .LVU128
 522 0010 0028     		cmp	r0, #0
 523 0012 F7D1     		bne	.L32
 524              	.LBB10:
 116:xiagb/bottom/uart.cpp ****                     ;
 117:xiagb/bottom/uart.cpp ****                 for (uint8_t i = 0; i < rxBufferSize; i++) //Êï∞ÊçÆ
 525              		.loc 1 117 30 view .LVU129
 526 0014 0025     		movs	r5, #0
 527 0016 01E0     		b	.L35
 528              	.LVL33:
 529              	.L37:
 530              		.loc 1 117 17 is_stmt 1 discriminator 2 view .LVU130
 531 0018 0135     		adds	r5, r5, #1
 532              	.LVL34:
 533              		.loc 1 117 17 is_stmt 0 discriminator 2 view .LVU131
 534 001a EDB2     		uxtb	r5, r5
 535              	.LVL35:
 536              	.L35:
 537              		.loc 1 117 39 is_stmt 1 discriminator 1 view .LVU132
 538              		.loc 1 117 41 is_stmt 0 discriminator 1 view .LVU133
 539 001c 2378     		ldrb	r3, [r4]	@ zero_extendqisi2
 540              		.loc 1 117 39 discriminator 1 view .LVU134
 541 001e AB42     		cmp	r3, r5
 542 0020 09D9     		bls	.L31
 543              	.L34:
 118:xiagb/bottom/uart.cpp ****                 {
 119:xiagb/bottom/uart.cpp ****                     while (osMessageQueuePut(rxQueueHandle, &rxBuffer[i], 0, 0) != osOK)
 544              		.loc 1 119 21 is_stmt 1 view .LVU135
 545              		.loc 1 119 81 view .LVU136
 546              		.loc 1 119 62 is_stmt 0 view .LVU137
 547 0022 E169     		ldr	r1, [r4, #28]
 548              		.loc 1 119 45 view .LVU138
 549 0024 0023     		movs	r3, #0
 550 0026 1A46     		mov	r2, r3
 551 0028 2944     		add	r1, r1, r5
 552 002a 6069     		ldr	r0, [r4, #20]
 553 002c FFF7FEFF 		bl	osMessageQueuePut
 554              	.LVL36:
 555              		.loc 1 119 81 view .LVU139
 556 0030 0028     		cmp	r0, #0
 557 0032 F6D1     		bne	.L34
 558 0034 F0E7     		b	.L37
 559              	.L31:
 560              		.loc 1 119 81 view .LVU140
 561              	.LBE10:
 120:xiagb/bottom/uart.cpp ****                         ;
 121:xiagb/bottom/uart.cpp ****                 }
 122:xiagb/bottom/uart.cpp ****             }
 562              		.loc 1 122 13 view .LVU141
 563 0036 38BD     		pop	{r3, r4, r5, pc}
 564              		.loc 1 122 13 view .LVU142
 565              		.cfi_endproc
 566              	.LFE76:
 567              		.fnend
 569              		.section	.text._ZN5xiagb22communicationNamespace13uartNamespace9uartClass6printfEPcz,"ax",%progbit
 570              		.align	1
 571              		.global	_ZN5xiagb22communicationNamespace13uartNamespace9uartClass6printfEPcz
ARM GAS  C:\Users\XieFang\AppData\Local\Temp\ccnnZ0hF.s 			page 13


 572              		.syntax unified
 573              		.thumb
 574              		.thumb_func
 575              		.fpu softvfp
 577              	_ZN5xiagb22communicationNamespace13uartNamespace9uartClass6printfEPcz:
 578              		.fnstart
 579              	.LVL37:
 580              	.LFB77:
 123:xiagb/bottom/uart.cpp **** 
 124:xiagb/bottom/uart.cpp ****             void uartClass::printf(char *fmt, ...)
 125:xiagb/bottom/uart.cpp ****             {
 581              		.loc 1 125 13 is_stmt 1 view -0
 582              		.cfi_startproc
 583              		@ args = 4, pretend = 12, frame = 8
 584              		@ frame_needed = 0, uses_anonymous_args = 1
 585              		.loc 1 125 13 is_stmt 0 view .LVU144
 586 0000 0EB4     		push	{r1, r2, r3}
 587              		.save {r1, r2, r3}
 588              	.LCFI7:
 589              		.cfi_def_cfa_offset 12
 590              		.cfi_offset 1, -12
 591              		.cfi_offset 2, -8
 592              		.cfi_offset 3, -4
 593 0002 10B5     		push	{r4, lr}
 594              		.save {r4, lr}
 595              	.LCFI8:
 596              		.cfi_def_cfa_offset 20
 597              		.cfi_offset 4, -20
 598              		.cfi_offset 14, -16
 599              		.pad #12
 600 0004 83B0     		sub	sp, sp, #12
 601              	.LCFI9:
 602              		.cfi_def_cfa_offset 32
 603 0006 0446     		mov	r4, r0
 604 0008 05AB     		add	r3, sp, #20
 605 000a 53F8042B 		ldr	r2, [r3], #4
 126:xiagb/bottom/uart.cpp ****                 // uint8_t buffer[80];
 127:xiagb/bottom/uart.cpp ****                 va_list arg;
 606              		.loc 1 127 17 is_stmt 1 view .LVU145
 128:xiagb/bottom/uart.cpp ****                 va_start(arg, fmt);
 607              		.loc 1 128 17 view .LVU146
 608 000e 0193     		str	r3, [sp, #4]
 129:xiagb/bottom/uart.cpp ****                 uint8_t len = vsnprintf((char *)printfBuffer, printfBufferSize, fmt, arg);
 609              		.loc 1 129 17 view .LVU147
 610              		.loc 1 129 40 is_stmt 0 view .LVU148
 611 0010 8188     		ldrh	r1, [r0, #4]
 612 0012 006A     		ldr	r0, [r0, #32]
 613              	.LVL38:
 614              		.loc 1 129 40 view .LVU149
 615 0014 FFF7FEFF 		bl	vsnprintf
 616              	.LVL39:
 130:xiagb/bottom/uart.cpp ****                 va_end(arg);
 617              		.loc 1 130 17 is_stmt 1 view .LVU150
 131:xiagb/bottom/uart.cpp **** 
 132:xiagb/bottom/uart.cpp ****                 send(printfBuffer, len);
 618              		.loc 1 132 17 view .LVU151
 619              		.loc 1 132 21 is_stmt 0 view .LVU152
ARM GAS  C:\Users\XieFang\AppData\Local\Temp\ccnnZ0hF.s 			page 14


 620 0018 C2B2     		uxtb	r2, r0
 621 001a 216A     		ldr	r1, [r4, #32]
 622 001c 2046     		mov	r0, r4
 623              	.LVL40:
 624              		.loc 1 132 21 view .LVU153
 625 001e FFF7FEFF 		bl	_ZN5xiagb22communicationNamespace13uartNamespace9uartClass4sendEPht
 626              	.LVL41:
 133:xiagb/bottom/uart.cpp ****             }
 627              		.loc 1 133 13 view .LVU154
 628 0022 03B0     		add	sp, sp, #12
 629              	.LCFI10:
 630              		.cfi_def_cfa_offset 20
 631              		@ sp needed
 632 0024 BDE81040 		pop	{r4, lr}
 633              	.LCFI11:
 634              		.cfi_restore 14
 635              		.cfi_restore 4
 636              		.cfi_def_cfa_offset 12
 637              	.LVL42:
 638              		.loc 1 133 13 view .LVU155
 639 0028 03B0     		add	sp, sp, #12
 640              	.LCFI12:
 641              		.cfi_restore 3
 642              		.cfi_restore 2
 643              		.cfi_restore 1
 644              		.cfi_def_cfa_offset 0
 645 002a 7047     		bx	lr
 646              		.cfi_endproc
 647              	.LFE77:
 648              		.fnend
 650              		.text
 651              	.Letext0:
 652              		.file 2 "d:\\zkrj\\gnu arm embedded toolchain\\9 2020-q2-update\\arm-none-eabi\\include\\machine\\
 653              		.file 3 "d:\\zkrj\\gnu arm embedded toolchain\\9 2020-q2-update\\arm-none-eabi\\include\\sys\\_std
 654              		.file 4 "Drivers/CMSIS/Include/core_cm3.h"
 655              		.file 5 "Drivers/CMSIS/Device/ST/STM32F1xx/Include/system_stm32f1xx.h"
 656              		.file 6 "Drivers/CMSIS/Device/ST/STM32F1xx/Include/stm32f103xb.h"
 657              		.file 7 "Drivers/STM32F1xx_HAL_Driver/Inc/stm32f1xx_hal_def.h"
 658              		.file 8 "Drivers/STM32F1xx_HAL_Driver/Inc/stm32f1xx_hal_dma.h"
 659              		.file 9 "Drivers/STM32F1xx_HAL_Driver/Inc/stm32f1xx_hal_uart.h"
 660              		.file 10 "Drivers/STM32F1xx_HAL_Driver/Inc/stm32f1xx_hal.h"
 661              		.file 11 "Middlewares/Third_Party/FreeRTOS/Source/CMSIS_RTOS_V2/cmsis_os2.h"
 662              		.file 12 "xiagb/bottom/uart.hpp"
 663              		.file 13 "d:\\zkrj\\gnu arm embedded toolchain\\9 2020-q2-update\\lib\\gcc\\arm-none-eabi\\9.3.1\\
 664              		.file 14 "d:\\zkrj\\gnu arm embedded toolchain\\9 2020-q2-update\\arm-none-eabi\\include\\stdio.h"
 665              		.file 15 "d:\\zkrj\\gnu arm embedded toolchain\\9 2020-q2-update\\lib\\gcc\\arm-none-eabi\\9.3.1\\
 666              		.file 16 "d:\\zkrj\\gnu arm embedded toolchain\\9 2020-q2-update\\arm-none-eabi\\include\\sys\\_ty
 667              		.file 17 "d:\\zkrj\\gnu arm embedded toolchain\\9 2020-q2-update\\arm-none-eabi\\include\\sys\\ree
 668              		.file 18 "d:\\zkrj\\gnu arm embedded toolchain\\9 2020-q2-update\\arm-none-eabi\\include\\sys\\loc
 669              		.file 19 "<built-in>"
ARM GAS  C:\Users\XieFang\AppData\Local\Temp\ccnnZ0hF.s 			page 15


DEFINED SYMBOLS
                            *ABS*:00000000 uart.cpp
C:\Users\XieFang\AppData\Local\Temp\ccnnZ0hF.s:16     .text._ZN5xiagb22communicationNamespace13uartNamespace9uartClassC2Ev:00000000 $t
C:\Users\XieFang\AppData\Local\Temp\ccnnZ0hF.s:24     .text._ZN5xiagb22communicationNamespace13uartNamespace9uartClassC2Ev:00000000 _ZN5xiagb22communicationNamespace13uartNamespace9uartClassC2Ev
.ARM.exidx.text._ZN5xiagb22communicationNamespace13uartNamespace9uartClassC2Ev:00000000 $d
C:\Users\XieFang\AppData\Local\Temp\ccnnZ0hF.s:24     .text._ZN5xiagb22communicationNamespace13uartNamespace9uartClassC2Ev:00000000 _ZN5xiagb22communicationNamespace13uartNamespace9uartClassC1Ev
C:\Users\XieFang\AppData\Local\Temp\ccnnZ0hF.s:53     .text._ZN5xiagb22communicationNamespace13uartNamespace9uartClassD2Ev:00000000 $t
C:\Users\XieFang\AppData\Local\Temp\ccnnZ0hF.s:60     .text._ZN5xiagb22communicationNamespace13uartNamespace9uartClassD2Ev:00000000 _ZN5xiagb22communicationNamespace13uartNamespace9uartClassD2Ev
.ARM.exidx.text._ZN5xiagb22communicationNamespace13uartNamespace9uartClassD2Ev:00000000 $d
C:\Users\XieFang\AppData\Local\Temp\ccnnZ0hF.s:60     .text._ZN5xiagb22communicationNamespace13uartNamespace9uartClassD2Ev:00000000 _ZN5xiagb22communicationNamespace13uartNamespace9uartClassD1Ev
C:\Users\XieFang\AppData\Local\Temp\ccnnZ0hF.s:79     .text._ZN5xiagb22communicationNamespace13uartNamespace9uartClass4initEP13USART_TypeDefmP20__UART_HandleTypeDefP19__DMA_HandleTypeDefS8_:00000000 $t
C:\Users\XieFang\AppData\Local\Temp\ccnnZ0hF.s:86     .text._ZN5xiagb22communicationNamespace13uartNamespace9uartClass4initEP13USART_TypeDefmP20__UART_HandleTypeDefP19__DMA_HandleTypeDefS8_:00000000 _ZN5xiagb22communicationNamespace13uartNamespace9uartClass4initEP13USART_TypeDefmP20__UART_HandleTypeDefP19__DMA_HandleTypeDefS8_
.ARM.exidx.text._ZN5xiagb22communicationNamespace13uartNamespace9uartClass4initEP13USART_TypeDefmP20__UART_HandleTypeDefP19__DMA_HandleTypeDefS8_:00000000 $d
C:\Users\XieFang\AppData\Local\Temp\ccnnZ0hF.s:227    .text._ZN5xiagb22communicationNamespace13uartNamespace9uartClass4sendEPht:00000000 $t
C:\Users\XieFang\AppData\Local\Temp\ccnnZ0hF.s:234    .text._ZN5xiagb22communicationNamespace13uartNamespace9uartClass4sendEPht:00000000 _ZN5xiagb22communicationNamespace13uartNamespace9uartClass4sendEPht
.ARM.exidx.text._ZN5xiagb22communicationNamespace13uartNamespace9uartClass4sendEPht:00000000 $d
C:\Users\XieFang\AppData\Local\Temp\ccnnZ0hF.s:309    .text._ZN5xiagb22communicationNamespace13uartNamespace9uartClass12idleCallbackEv:00000000 $t
C:\Users\XieFang\AppData\Local\Temp\ccnnZ0hF.s:316    .text._ZN5xiagb22communicationNamespace13uartNamespace9uartClass12idleCallbackEv:00000000 _ZN5xiagb22communicationNamespace13uartNamespace9uartClass12idleCallbackEv
.ARM.exidx.text._ZN5xiagb22communicationNamespace13uartNamespace9uartClass12idleCallbackEv:00000000 $d
C:\Users\XieFang\AppData\Local\Temp\ccnnZ0hF.s:485    .text._ZN5xiagb22communicationNamespace13uartNamespace9uartClass18rxCompleteCallbackEv:00000000 $t
C:\Users\XieFang\AppData\Local\Temp\ccnnZ0hF.s:492    .text._ZN5xiagb22communicationNamespace13uartNamespace9uartClass18rxCompleteCallbackEv:00000000 _ZN5xiagb22communicationNamespace13uartNamespace9uartClass18rxCompleteCallbackEv
.ARM.exidx.text._ZN5xiagb22communicationNamespace13uartNamespace9uartClass18rxCompleteCallbackEv:00000000 $d
C:\Users\XieFang\AppData\Local\Temp\ccnnZ0hF.s:570    .text._ZN5xiagb22communicationNamespace13uartNamespace9uartClass6printfEPcz:00000000 $t
C:\Users\XieFang\AppData\Local\Temp\ccnnZ0hF.s:577    .text._ZN5xiagb22communicationNamespace13uartNamespace9uartClass6printfEPcz:00000000 _ZN5xiagb22communicationNamespace13uartNamespace9uartClass6printfEPcz
.ARM.extab.text._ZN5xiagb22communicationNamespace13uartNamespace9uartClass6printfEPcz:00000000 $d
.ARM.exidx.text._ZN5xiagb22communicationNamespace13uartNamespace9uartClass6printfEPcz:00000000 $d

UNDEFINED SYMBOLS
osMessageQueueNew
osMutexNew
_Znaj
HAL_UART_Init
HAL_UART_Receive_DMA
__aeabi_unwind_cpp_pr0
osMutexAcquire
HAL_UART_Transmit_DMA
osDelay
osMutexRelease
osMessageQueuePut
HAL_UART_AbortReceive
vsnprintf
__aeabi_unwind_cpp_pr1
